<?xml version="1.0" encoding="UTF-8"?>
<coverage line-rate="1" branch-rate="0" lines-covered="1399" lines-valid="1399" branches-covered="0" branches-valid="0" complexity="323" version="0.4" timestamp="1790187916">
  <sources>
    <source>/app/src</source>
  </sources>
  <packages>
    <package name="Http/Controllers/ClientController.php" line-rate="1" branch-rate="0" complexity="43">
      <classes>
        <class name="Playground\Crm\Resource\Http\Controllers\ClientController" filename="Http/Controllers/ClientController.php" line-rate="1" branch-rate="0" complexity="43">
          <methods>
            <method name="create" signature="Requests\Client\CreateRequest $request" line-rate="1" branch-rate="0" complexity="4">
              <lines>
                <line number="55" hits="3"/>
                <line number="57" hits="3"/>
                <line number="59" hits="3"/>
                <line number="61" hits="3"/>
                <line number="62" hits="1"/>
                <line number="63" hits="1"/>
                <line number="64" hits="1"/>
                <line number="67" hits="2"/>
                <line number="69" hits="2"/>
                <line number="70" hits="2"/>
                <line number="71" hits="2"/>
                <line number="72" hits="2"/>
                <line number="73" hits="2"/>
                <line number="74" hits="2"/>
                <line number="76" hits="2"/>
                <line number="77" hits="2"/>
                <line number="78" hits="2"/>
                <line number="79" hits="2"/>
                <line number="80" hits="2"/>
                <line number="82" hits="2"/>
                <line number="84" hits="2"/>
                <line number="85" hits="1"/>
                <line number="86" hits="1"/>
                <line number="89" hits="2"/>
                <line number="90" hits="2"/>
                <line number="96" hits="2"/>
                <line number="98" hits="2"/>
              </lines>
            </method>
            <method name="edit" signature="Client $client, Requests\Client\EditRequest $request" line-rate="1" branch-rate="0" complexity="4">
              <lines>
                <line number="111" hits="3"/>
                <line number="113" hits="3"/>
                <line number="115" hits="3"/>
                <line number="116" hits="1"/>
                <line number="117" hits="1"/>
                <line number="118" hits="1"/>
                <line number="121" hits="2"/>
                <line number="123" hits="2"/>
                <line number="125" hits="2"/>
                <line number="126" hits="1"/>
                <line number="129" hits="2"/>
                <line number="130" hits="2"/>
                <line number="131" hits="2"/>
                <line number="132" hits="2"/>
                <line number="133" hits="2"/>
                <line number="134" hits="2"/>
                <line number="136" hits="2"/>
                <line number="137" hits="2"/>
                <line number="138" hits="2"/>
                <line number="139" hits="2"/>
                <line number="140" hits="2"/>
                <line number="142" hits="2"/>
                <line number="143" hits="1"/>
                <line number="146" hits="2"/>
                <line number="151" hits="2"/>
                <line number="153" hits="2"/>
              </lines>
            </method>
            <method name="destroy" signature="Client $client, Requests\Client\DestroyRequest $request" line-rate="1" branch-rate="0" complexity="6">
              <lines>
                <line number="166" hits="7"/>
                <line number="168" hits="7"/>
                <line number="170" hits="7"/>
                <line number="172" hits="7"/>
                <line number="173" hits="7"/>
                <line number="176" hits="7"/>
                <line number="177" hits="5"/>
                <line number="179" hits="2"/>
                <line number="182" hits="7"/>
                <line number="183" hits="4"/>
                <line number="186" hits="3"/>
                <line number="188" hits="3"/>
                <line number="189" hits="1"/>
                <line number="192" hits="2"/>
              </lines>
            </method>
            <method name="lock" signature="Client $client, Requests\Client\LockRequest $request" line-rate="1" branch-rate="0" complexity="5">
              <lines>
                <line number="205" hits="4"/>
                <line number="207" hits="4"/>
                <line number="209" hits="4"/>
                <line number="211" hits="4"/>
                <line number="212" hits="4"/>
                <line number="215" hits="4"/>
                <line number="217" hits="4"/>
                <line number="219" hits="4"/>
                <line number="220" hits="2"/>
                <line number="221" hits="2"/>
                <line number="222" hits="2"/>
                <line number="225" hits="2"/>
                <line number="227" hits="2"/>
                <line number="228" hits="1"/>
                <line number="231" hits="1"/>
                <line number="232" hits="1"/>
                <line number="233" hits="1"/>
                <line number="234" hits="1"/>
              </lines>
            </method>
            <method name="index" signature="Requests\Client\IndexRequest $request" line-rate="1" branch-rate="0" complexity="6">
              <lines>
                <line number="246" hits="4"/>
                <line number="257" hits="4"/>
                <line number="259" hits="4"/>
                <line number="261" hits="4"/>
                <line number="263" hits="4"/>
                <line number="265" hits="2"/>
                <line number="267" hits="2"/>
                <line number="268" hits="2"/>
                <line number="269" hits="2"/>
                <line number="270" hits="2"/>
                <line number="272" hits="2"/>
                <line number="273" hits="2"/>
                <line number="274" hits="2"/>
                <line number="275" hits="2"/>
                <line number="277" hits="2"/>
                <line number="278" hits="2"/>
                <line number="279" hits="2"/>
                <line number="280" hits="2"/>
                <line number="282" hits="2"/>
                <line number="283" hits="2"/>
                <line number="284" hits="2"/>
                <line number="285" hits="2"/>
                <line number="288" hits="4"/>
                <line number="289" hits="4"/>
                <line number="291" hits="4"/>
                <line number="293" hits="4"/>
                <line number="294" hits="2"/>
                <line number="297" hits="2"/>
                <line number="299" hits="2"/>
                <line number="300" hits="2"/>
                <line number="301" hits="2"/>
                <line number="302" hits="2"/>
                <line number="303" hits="2"/>
                <line number="304" hits="2"/>
                <line number="305" hits="2"/>
                <line number="306" hits="2"/>
                <line number="307" hits="2"/>
                <line number="308" hits="2"/>
                <line number="309" hits="2"/>
                <line number="310" hits="2"/>
                <line number="312" hits="2"/>
                <line number="313" hits="2"/>
                <line number="314" hits="2"/>
                <line number="315" hits="2"/>
                <line number="320" hits="2"/>
                <line number="322" hits="2"/>
              </lines>
            </method>
            <method name="restore" signature="Client $client, Requests\Client\RestoreRequest $request" line-rate="1" branch-rate="0" complexity="4">
              <lines>
                <line number="335" hits="4"/>
                <line number="337" hits="4"/>
                <line number="339" hits="4"/>
                <line number="341" hits="4"/>
                <line number="343" hits="4"/>
                <line number="345" hits="4"/>
                <line number="346" hits="2"/>
                <line number="347" hits="2"/>
                <line number="348" hits="2"/>
                <line number="351" hits="2"/>
                <line number="353" hits="2"/>
                <line number="354" hits="1"/>
                <line number="357" hits="1"/>
                <line number="358" hits="1"/>
                <line number="359" hits="1"/>
                <line number="360" hits="1"/>
              </lines>
            </method>
            <method name="show" signature="Client $client, Requests\Client\ShowRequest $request" line-rate="1" branch-rate="0" complexity="2">
              <lines>
                <line number="373" hits="2"/>
                <line number="375" hits="2"/>
                <line number="376" hits="1"/>
                <line number="377" hits="1"/>
                <line number="378" hits="1"/>
                <line number="381" hits="1"/>
                <line number="383" hits="1"/>
                <line number="384" hits="1"/>
                <line number="385" hits="1"/>
                <line number="386" hits="1"/>
                <line number="387" hits="1"/>
                <line number="388" hits="1"/>
                <line number="390" hits="1"/>
                <line number="391" hits="1"/>
                <line number="392" hits="1"/>
                <line number="393" hits="1"/>
                <line number="398" hits="1"/>
                <line number="400" hits="1"/>
              </lines>
            </method>
            <method name="store" signature="Requests\Client\StoreRequest $request" line-rate="1" branch-rate="0" complexity="4">
              <lines>
                <line number="412" hits="3"/>
                <line number="414" hits="3"/>
                <line number="416" hits="3"/>
                <line number="418" hits="3"/>
                <line number="420" hits="3"/>
                <line number="422" hits="3"/>
                <line number="424" hits="3"/>
                <line number="425" hits="1"/>
                <line number="426" hits="1"/>
                <line number="427" hits="1"/>
                <line number="430" hits="2"/>
                <line number="432" hits="2"/>
                <line number="433" hits="1"/>
                <line number="436" hits="1"/>
                <line number="437" hits="1"/>
                <line number="438" hits="1"/>
                <line number="439" hits="1"/>
              </lines>
            </method>
            <method name="unlock" signature="Client $client, Requests\Client\UnlockRequest $request" line-rate="1" branch-rate="0" complexity="4">
              <lines>
                <line number="452" hits="4"/>
                <line number="454" hits="4"/>
                <line number="456" hits="4"/>
                <line number="458" hits="4"/>
                <line number="460" hits="4"/>
                <line number="462" hits="4"/>
                <line number="464" hits="4"/>
                <line number="465" hits="2"/>
                <line number="466" hits="2"/>
                <line number="467" hits="2"/>
                <line number="470" hits="2"/>
                <line number="472" hits="2"/>
                <line number="473" hits="1"/>
                <line number="476" hits="1"/>
                <line number="477" hits="1"/>
                <line number="478" hits="1"/>
                <line number="479" hits="1"/>
              </lines>
            </method>
            <method name="update" signature="Client $client, Requests\Client\UpdateRequest $request" line-rate="1" branch-rate="0" complexity="4">
              <lines>
                <line number="492" hits="5"/>
                <line number="494" hits="5"/>
                <line number="496" hits="5"/>
                <line number="498" hits="5"/>
                <line number="500" hits="5"/>
                <line number="502" hits="5"/>
                <line number="503" hits="2"/>
                <line number="504" hits="2"/>
                <line number="505" hits="2"/>
                <line number="508" hits="3"/>
                <line number="510" hits="3"/>
                <line number="511" hits="1"/>
                <line number="514" hits="2"/>
                <line number="515" hits="2"/>
                <line number="516" hits="2"/>
                <line number="517" hits="2"/>
              </lines>
            </method>
          </methods>
          <lines>
            <line number="55" hits="3"/>
            <line number="57" hits="3"/>
            <line number="59" hits="3"/>
            <line number="61" hits="3"/>
            <line number="62" hits="1"/>
            <line number="63" hits="1"/>
            <line number="64" hits="1"/>
            <line number="67" hits="2"/>
            <line number="69" hits="2"/>
            <line number="70" hits="2"/>
            <line number="71" hits="2"/>
            <line number="72" hits="2"/>
            <line number="73" hits="2"/>
            <line number="74" hits="2"/>
            <line number="76" hits="2"/>
            <line number="77" hits="2"/>
            <line number="78" hits="2"/>
            <line number="79" hits="2"/>
            <line number="80" hits="2"/>
            <line number="82" hits="2"/>
            <line number="84" hits="2"/>
            <line number="85" hits="1"/>
            <line number="86" hits="1"/>
            <line number="89" hits="2"/>
            <line number="90" hits="2"/>
            <line number="96" hits="2"/>
            <line number="98" hits="2"/>
            <line number="111" hits="3"/>
            <line number="113" hits="3"/>
            <line number="115" hits="3"/>
            <line number="116" hits="1"/>
            <line number="117" hits="1"/>
            <line number="118" hits="1"/>
            <line number="121" hits="2"/>
            <line number="123" hits="2"/>
            <line number="125" hits="2"/>
            <line number="126" hits="1"/>
            <line number="129" hits="2"/>
            <line number="130" hits="2"/>
            <line number="131" hits="2"/>
            <line number="132" hits="2"/>
            <line number="133" hits="2"/>
            <line number="134" hits="2"/>
            <line number="136" hits="2"/>
            <line number="137" hits="2"/>
            <line number="138" hits="2"/>
            <line number="139" hits="2"/>
            <line number="140" hits="2"/>
            <line number="142" hits="2"/>
            <line number="143" hits="1"/>
            <line number="146" hits="2"/>
            <line number="151" hits="2"/>
            <line number="153" hits="2"/>
            <line number="166" hits="7"/>
            <line number="168" hits="7"/>
            <line number="170" hits="7"/>
            <line number="172" hits="7"/>
            <line number="173" hits="7"/>
            <line number="176" hits="7"/>
            <line number="177" hits="5"/>
            <line number="179" hits="2"/>
            <line number="182" hits="7"/>
            <line number="183" hits="4"/>
            <line number="186" hits="3"/>
            <line number="188" hits="3"/>
            <line number="189" hits="1"/>
            <line number="192" hits="2"/>
            <line number="205" hits="4"/>
            <line number="207" hits="4"/>
            <line number="209" hits="4"/>
            <line number="211" hits="4"/>
            <line number="212" hits="4"/>
            <line number="215" hits="4"/>
            <line number="217" hits="4"/>
            <line number="219" hits="4"/>
            <line number="220" hits="2"/>
            <line number="221" hits="2"/>
            <line number="222" hits="2"/>
            <line number="225" hits="2"/>
            <line number="227" hits="2"/>
            <line number="228" hits="1"/>
            <line number="231" hits="1"/>
            <line number="232" hits="1"/>
            <line number="233" hits="1"/>
            <line number="234" hits="1"/>
            <line number="246" hits="4"/>
            <line number="257" hits="4"/>
            <line number="259" hits="4"/>
            <line number="261" hits="4"/>
            <line number="263" hits="4"/>
            <line number="265" hits="2"/>
            <line number="267" hits="2"/>
            <line number="268" hits="2"/>
            <line number="269" hits="2"/>
            <line number="270" hits="2"/>
            <line number="272" hits="2"/>
            <line number="273" hits="2"/>
            <line number="274" hits="2"/>
            <line number="275" hits="2"/>
            <line number="277" hits="2"/>
            <line number="278" hits="2"/>
            <line number="279" hits="2"/>
            <line number="280" hits="2"/>
            <line number="282" hits="2"/>
            <line number="283" hits="2"/>
            <line number="284" hits="2"/>
            <line number="285" hits="2"/>
            <line number="288" hits="4"/>
            <line number="289" hits="4"/>
            <line number="291" hits="4"/>
            <line number="293" hits="4"/>
            <line number="294" hits="2"/>
            <line number="297" hits="2"/>
            <line number="299" hits="2"/>
            <line number="300" hits="2"/>
            <line number="301" hits="2"/>
            <line number="302" hits="2"/>
            <line number="303" hits="2"/>
            <line number="304" hits="2"/>
            <line number="305" hits="2"/>
            <line number="306" hits="2"/>
            <line number="307" hits="2"/>
            <line number="308" hits="2"/>
            <line number="309" hits="2"/>
            <line number="310" hits="2"/>
            <line number="312" hits="2"/>
            <line number="313" hits="2"/>
            <line number="314" hits="2"/>
            <line number="315" hits="2"/>
            <line number="320" hits="2"/>
            <line number="322" hits="2"/>
            <line number="335" hits="4"/>
            <line number="337" hits="4"/>
            <line number="339" hits="4"/>
            <line number="341" hits="4"/>
            <line number="343" hits="4"/>
            <line number="345" hits="4"/>
            <line number="346" hits="2"/>
            <line number="347" hits="2"/>
            <line number="348" hits="2"/>
            <line number="351" hits="2"/>
            <line number="353" hits="2"/>
            <line number="354" hits="1"/>
            <line number="357" hits="1"/>
            <line number="358" hits="1"/>
            <line number="359" hits="1"/>
            <line number="360" hits="1"/>
            <line number="373" hits="2"/>
            <line number="375" hits="2"/>
            <line number="376" hits="1"/>
            <line number="377" hits="1"/>
            <line number="378" hits="1"/>
            <line number="381" hits="1"/>
            <line number="383" hits="1"/>
            <line number="384" hits="1"/>
            <line number="385" hits="1"/>
            <line number="386" hits="1"/>
            <line number="387" hits="1"/>
            <line number="388" hits="1"/>
            <line number="390" hits="1"/>
            <line number="391" hits="1"/>
            <line number="392" hits="1"/>
            <line number="393" hits="1"/>
            <line number="398" hits="1"/>
            <line number="400" hits="1"/>
            <line number="412" hits="3"/>
            <line number="414" hits="3"/>
            <line number="416" hits="3"/>
            <line number="418" hits="3"/>
            <line number="420" hits="3"/>
            <line number="422" hits="3"/>
            <line number="424" hits="3"/>
            <line number="425" hits="1"/>
            <line number="426" hits="1"/>
            <line number="427" hits="1"/>
            <line number="430" hits="2"/>
            <line number="432" hits="2"/>
            <line number="433" hits="1"/>
            <line number="436" hits="1"/>
            <line number="437" hits="1"/>
            <line number="438" hits="1"/>
            <line number="439" hits="1"/>
            <line number="452" hits="4"/>
            <line number="454" hits="4"/>
            <line number="456" hits="4"/>
            <line number="458" hits="4"/>
            <line number="460" hits="4"/>
            <line number="462" hits="4"/>
            <line number="464" hits="4"/>
            <line number="465" hits="2"/>
            <line number="466" hits="2"/>
            <line number="467" hits="2"/>
            <line number="470" hits="2"/>
            <line number="472" hits="2"/>
            <line number="473" hits="1"/>
            <line number="476" hits="1"/>
            <line number="477" hits="1"/>
            <line number="478" hits="1"/>
            <line number="479" hits="1"/>
            <line number="492" hits="5"/>
            <line number="494" hits="5"/>
            <line number="496" hits="5"/>
            <line number="498" hits="5"/>
            <line number="500" hits="5"/>
            <line number="502" hits="5"/>
            <line number="503" hits="2"/>
            <line number="504" hits="2"/>
            <line number="505" hits="2"/>
            <line number="508" hits="3"/>
            <line number="510" hits="3"/>
            <line number="511" hits="1"/>
            <line number="514" hits="2"/>
            <line number="515" hits="2"/>
            <line number="516" hits="2"/>
            <line number="517" hits="2"/>
          </lines>
        </class>
      </classes>
    </package>
    <package name="Http/Controllers/ContactController.php" line-rate="1" branch-rate="0" complexity="43">
      <classes>
        <class name="Playground\Crm\Resource\Http\Controllers\ContactController" filename="Http/Controllers/ContactController.php" line-rate="1" branch-rate="0" complexity="43">
          <methods>
            <method name="create" signature="Requests\Contact\CreateRequest $request" line-rate="1" branch-rate="0" complexity="4">
              <lines>
                <line number="55" hits="3"/>
                <line number="57" hits="3"/>
                <line number="59" hits="3"/>
                <line number="61" hits="3"/>
                <line number="62" hits="1"/>
                <line number="63" hits="1"/>
                <line number="64" hits="1"/>
                <line number="67" hits="2"/>
                <line number="69" hits="2"/>
                <line number="70" hits="2"/>
                <line number="71" hits="2"/>
                <line number="72" hits="2"/>
                <line number="73" hits="2"/>
                <line number="74" hits="2"/>
                <line number="76" hits="2"/>
                <line number="77" hits="2"/>
                <line number="78" hits="2"/>
                <line number="79" hits="2"/>
                <line number="80" hits="2"/>
                <line number="82" hits="2"/>
                <line number="84" hits="2"/>
                <line number="85" hits="1"/>
                <line number="86" hits="1"/>
                <line number="89" hits="2"/>
                <line number="90" hits="2"/>
                <line number="96" hits="2"/>
                <line number="98" hits="2"/>
              </lines>
            </method>
            <method name="edit" signature="Contact $contact, Requests\Contact\EditRequest $request" line-rate="1" branch-rate="0" complexity="4">
              <lines>
                <line number="111" hits="3"/>
                <line number="113" hits="3"/>
                <line number="115" hits="3"/>
                <line number="116" hits="1"/>
                <line number="117" hits="1"/>
                <line number="118" hits="1"/>
                <line number="121" hits="2"/>
                <line number="123" hits="2"/>
                <line number="125" hits="2"/>
                <line number="126" hits="1"/>
                <line number="129" hits="2"/>
                <line number="130" hits="2"/>
                <line number="131" hits="2"/>
                <line number="132" hits="2"/>
                <line number="133" hits="2"/>
                <line number="134" hits="2"/>
                <line number="136" hits="2"/>
                <line number="137" hits="2"/>
                <line number="138" hits="2"/>
                <line number="139" hits="2"/>
                <line number="140" hits="2"/>
                <line number="142" hits="2"/>
                <line number="143" hits="1"/>
                <line number="146" hits="2"/>
                <line number="151" hits="2"/>
                <line number="153" hits="2"/>
              </lines>
            </method>
            <method name="destroy" signature="Contact $contact, Requests\Contact\DestroyRequest $request" line-rate="1" branch-rate="0" complexity="6">
              <lines>
                <line number="166" hits="7"/>
                <line number="168" hits="7"/>
                <line number="170" hits="7"/>
                <line number="172" hits="7"/>
                <line number="173" hits="7"/>
                <line number="176" hits="7"/>
                <line number="177" hits="5"/>
                <line number="179" hits="2"/>
                <line number="182" hits="7"/>
                <line number="183" hits="4"/>
                <line number="186" hits="3"/>
                <line number="188" hits="3"/>
                <line number="189" hits="1"/>
                <line number="192" hits="2"/>
              </lines>
            </method>
            <method name="lock" signature="Contact $contact, Requests\Contact\LockRequest $request" line-rate="1" branch-rate="0" complexity="5">
              <lines>
                <line number="205" hits="4"/>
                <line number="207" hits="4"/>
                <line number="209" hits="4"/>
                <line number="211" hits="4"/>
                <line number="212" hits="4"/>
                <line number="215" hits="4"/>
                <line number="217" hits="4"/>
                <line number="219" hits="4"/>
                <line number="220" hits="2"/>
                <line number="221" hits="2"/>
                <line number="222" hits="2"/>
                <line number="225" hits="2"/>
                <line number="227" hits="2"/>
                <line number="228" hits="1"/>
                <line number="231" hits="1"/>
                <line number="232" hits="1"/>
                <line number="233" hits="1"/>
                <line number="234" hits="1"/>
              </lines>
            </method>
            <method name="index" signature="Requests\Contact\IndexRequest $request" line-rate="1" branch-rate="0" complexity="6">
              <lines>
                <line number="246" hits="4"/>
                <line number="257" hits="4"/>
                <line number="259" hits="4"/>
                <line number="261" hits="4"/>
                <line number="263" hits="4"/>
                <line number="265" hits="2"/>
                <line number="267" hits="2"/>
                <line number="268" hits="2"/>
                <line number="269" hits="2"/>
                <line number="270" hits="2"/>
                <line number="272" hits="2"/>
                <line number="273" hits="2"/>
                <line number="274" hits="2"/>
                <line number="275" hits="2"/>
                <line number="277" hits="2"/>
                <line number="278" hits="2"/>
                <line number="279" hits="2"/>
                <line number="280" hits="2"/>
                <line number="282" hits="2"/>
                <line number="283" hits="2"/>
                <line number="284" hits="2"/>
                <line number="285" hits="2"/>
                <line number="288" hits="4"/>
                <line number="289" hits="4"/>
                <line number="291" hits="4"/>
                <line number="293" hits="4"/>
                <line number="294" hits="2"/>
                <line number="297" hits="2"/>
                <line number="299" hits="2"/>
                <line number="300" hits="2"/>
                <line number="301" hits="2"/>
                <line number="302" hits="2"/>
                <line number="303" hits="2"/>
                <line number="304" hits="2"/>
                <line number="305" hits="2"/>
                <line number="306" hits="2"/>
                <line number="307" hits="2"/>
                <line number="308" hits="2"/>
                <line number="309" hits="2"/>
                <line number="310" hits="2"/>
                <line number="312" hits="2"/>
                <line number="313" hits="2"/>
                <line number="314" hits="2"/>
                <line number="315" hits="2"/>
                <line number="320" hits="2"/>
                <line number="322" hits="2"/>
              </lines>
            </method>
            <method name="restore" signature="Contact $contact, Requests\Contact\RestoreRequest $request" line-rate="1" branch-rate="0" complexity="4">
              <lines>
                <line number="335" hits="4"/>
                <line number="337" hits="4"/>
                <line number="339" hits="4"/>
                <line number="341" hits="4"/>
                <line number="343" hits="4"/>
                <line number="345" hits="4"/>
                <line number="346" hits="2"/>
                <line number="347" hits="2"/>
                <line number="348" hits="2"/>
                <line number="351" hits="2"/>
                <line number="353" hits="2"/>
                <line number="354" hits="1"/>
                <line number="357" hits="1"/>
                <line number="358" hits="1"/>
                <line number="359" hits="1"/>
                <line number="360" hits="1"/>
              </lines>
            </method>
            <method name="show" signature="Contact $contact, Requests\Contact\ShowRequest $request" line-rate="1" branch-rate="0" complexity="2">
              <lines>
                <line number="373" hits="2"/>
                <line number="375" hits="2"/>
                <line number="376" hits="1"/>
                <line number="377" hits="1"/>
                <line number="378" hits="1"/>
                <line number="381" hits="1"/>
                <line number="383" hits="1"/>
                <line number="384" hits="1"/>
                <line number="385" hits="1"/>
                <line number="386" hits="1"/>
                <line number="387" hits="1"/>
                <line number="388" hits="1"/>
                <line number="390" hits="1"/>
                <line number="391" hits="1"/>
                <line number="392" hits="1"/>
                <line number="393" hits="1"/>
                <line number="398" hits="1"/>
                <line number="400" hits="1"/>
              </lines>
            </method>
            <method name="store" signature="Requests\Contact\StoreRequest $request" line-rate="1" branch-rate="0" complexity="4">
              <lines>
                <line number="412" hits="3"/>
                <line number="414" hits="3"/>
                <line number="416" hits="3"/>
                <line number="418" hits="3"/>
                <line number="420" hits="3"/>
                <line number="422" hits="3"/>
                <line number="424" hits="3"/>
                <line number="425" hits="1"/>
                <line number="426" hits="1"/>
                <line number="427" hits="1"/>
                <line number="430" hits="2"/>
                <line number="432" hits="2"/>
                <line number="433" hits="1"/>
                <line number="436" hits="1"/>
                <line number="437" hits="1"/>
                <line number="438" hits="1"/>
                <line number="439" hits="1"/>
              </lines>
            </method>
            <method name="unlock" signature="Contact $contact, Requests\Contact\UnlockRequest $request" line-rate="1" branch-rate="0" complexity="4">
              <lines>
                <line number="452" hits="4"/>
                <line number="454" hits="4"/>
                <line number="456" hits="4"/>
                <line number="458" hits="4"/>
                <line number="460" hits="4"/>
                <line number="462" hits="4"/>
                <line number="464" hits="4"/>
                <line number="465" hits="2"/>
                <line number="466" hits="2"/>
                <line number="467" hits="2"/>
                <line number="470" hits="2"/>
                <line number="472" hits="2"/>
                <line number="473" hits="1"/>
                <line number="476" hits="1"/>
                <line number="477" hits="1"/>
                <line number="478" hits="1"/>
                <line number="479" hits="1"/>
              </lines>
            </method>
            <method name="update" signature="Contact $contact, Requests\Contact\UpdateRequest $request" line-rate="1" branch-rate="0" complexity="4">
              <lines>
                <line number="492" hits="5"/>
                <line number="494" hits="5"/>
                <line number="496" hits="5"/>
                <line number="498" hits="5"/>
                <line number="500" hits="5"/>
                <line number="502" hits="5"/>
                <line number="503" hits="2"/>
                <line number="504" hits="2"/>
                <line number="505" hits="2"/>
                <line number="508" hits="3"/>
                <line number="510" hits="3"/>
                <line number="511" hits="1"/>
                <line number="514" hits="2"/>
                <line number="515" hits="2"/>
                <line number="516" hits="2"/>
                <line number="517" hits="2"/>
              </lines>
            </method>
          </methods>
          <lines>
            <line number="55" hits="3"/>
            <line number="57" hits="3"/>
            <line number="59" hits="3"/>
            <line number="61" hits="3"/>
            <line number="62" hits="1"/>
            <line number="63" hits="1"/>
            <line number="64" hits="1"/>
            <line number="67" hits="2"/>
            <line number="69" hits="2"/>
            <line number="70" hits="2"/>
            <line number="71" hits="2"/>
            <line number="72" hits="2"/>
            <line number="73" hits="2"/>
            <line number="74" hits="2"/>
            <line number="76" hits="2"/>
            <line number="77" hits="2"/>
            <line number="78" hits="2"/>
            <line number="79" hits="2"/>
            <line number="80" hits="2"/>
            <line number="82" hits="2"/>
            <line number="84" hits="2"/>
            <line number="85" hits="1"/>
            <line number="86" hits="1"/>
            <line number="89" hits="2"/>
            <line number="90" hits="2"/>
            <line number="96" hits="2"/>
            <line number="98" hits="2"/>
            <line number="111" hits="3"/>
            <line number="113" hits="3"/>
            <line number="115" hits="3"/>
            <line number="116" hits="1"/>
            <line number="117" hits="1"/>
            <line number="118" hits="1"/>
            <line number="121" hits="2"/>
            <line number="123" hits="2"/>
            <line number="125" hits="2"/>
            <line number="126" hits="1"/>
            <line number="129" hits="2"/>
            <line number="130" hits="2"/>
            <line number="131" hits="2"/>
            <line number="132" hits="2"/>
            <line number="133" hits="2"/>
            <line number="134" hits="2"/>
            <line number="136" hits="2"/>
            <line number="137" hits="2"/>
            <line number="138" hits="2"/>
            <line number="139" hits="2"/>
            <line number="140" hits="2"/>
            <line number="142" hits="2"/>
            <line number="143" hits="1"/>
            <line number="146" hits="2"/>
            <line number="151" hits="2"/>
            <line number="153" hits="2"/>
            <line number="166" hits="7"/>
            <line number="168" hits="7"/>
            <line number="170" hits="7"/>
            <line number="172" hits="7"/>
            <line number="173" hits="7"/>
            <line number="176" hits="7"/>
            <line number="177" hits="5"/>
            <line number="179" hits="2"/>
            <line number="182" hits="7"/>
            <line number="183" hits="4"/>
            <line number="186" hits="3"/>
            <line number="188" hits="3"/>
            <line number="189" hits="1"/>
            <line number="192" hits="2"/>
            <line number="205" hits="4"/>
            <line number="207" hits="4"/>
            <line number="209" hits="4"/>
            <line number="211" hits="4"/>
            <line number="212" hits="4"/>
            <line number="215" hits="4"/>
            <line number="217" hits="4"/>
            <line number="219" hits="4"/>
            <line number="220" hits="2"/>
            <line number="221" hits="2"/>
            <line number="222" hits="2"/>
            <line number="225" hits="2"/>
            <line number="227" hits="2"/>
            <line number="228" hits="1"/>
            <line number="231" hits="1"/>
            <line number="232" hits="1"/>
            <line number="233" hits="1"/>
            <line number="234" hits="1"/>
            <line number="246" hits="4"/>
            <line number="257" hits="4"/>
            <line number="259" hits="4"/>
            <line number="261" hits="4"/>
            <line number="263" hits="4"/>
            <line number="265" hits="2"/>
            <line number="267" hits="2"/>
            <line number="268" hits="2"/>
            <line number="269" hits="2"/>
            <line number="270" hits="2"/>
            <line number="272" hits="2"/>
            <line number="273" hits="2"/>
            <line number="274" hits="2"/>
            <line number="275" hits="2"/>
            <line number="277" hits="2"/>
            <line number="278" hits="2"/>
            <line number="279" hits="2"/>
            <line number="280" hits="2"/>
            <line number="282" hits="2"/>
            <line number="283" hits="2"/>
            <line number="284" hits="2"/>
            <line number="285" hits="2"/>
            <line number="288" hits="4"/>
            <line number="289" hits="4"/>
            <line number="291" hits="4"/>
            <line number="293" hits="4"/>
            <line number="294" hits="2"/>
            <line number="297" hits="2"/>
            <line number="299" hits="2"/>
            <line number="300" hits="2"/>
            <line number="301" hits="2"/>
            <line number="302" hits="2"/>
            <line number="303" hits="2"/>
            <line number="304" hits="2"/>
            <line number="305" hits="2"/>
            <line number="306" hits="2"/>
            <line number="307" hits="2"/>
            <line number="308" hits="2"/>
            <line number="309" hits="2"/>
            <line number="310" hits="2"/>
            <line number="312" hits="2"/>
            <line number="313" hits="2"/>
            <line number="314" hits="2"/>
            <line number="315" hits="2"/>
            <line number="320" hits="2"/>
            <line number="322" hits="2"/>
            <line number="335" hits="4"/>
            <line number="337" hits="4"/>
            <line number="339" hits="4"/>
            <line number="341" hits="4"/>
            <line number="343" hits="4"/>
            <line number="345" hits="4"/>
            <line number="346" hits="2"/>
            <line number="347" hits="2"/>
            <line number="348" hits="2"/>
            <line number="351" hits="2"/>
            <line number="353" hits="2"/>
            <line number="354" hits="1"/>
            <line number="357" hits="1"/>
            <line number="358" hits="1"/>
            <line number="359" hits="1"/>
            <line number="360" hits="1"/>
            <line number="373" hits="2"/>
            <line number="375" hits="2"/>
            <line number="376" hits="1"/>
            <line number="377" hits="1"/>
            <line number="378" hits="1"/>
            <line number="381" hits="1"/>
            <line number="383" hits="1"/>
            <line number="384" hits="1"/>
            <line number="385" hits="1"/>
            <line number="386" hits="1"/>
            <line number="387" hits="1"/>
            <line number="388" hits="1"/>
            <line number="390" hits="1"/>
            <line number="391" hits="1"/>
            <line number="392" hits="1"/>
            <line number="393" hits="1"/>
            <line number="398" hits="1"/>
            <line number="400" hits="1"/>
            <line number="412" hits="3"/>
            <line number="414" hits="3"/>
            <line number="416" hits="3"/>
            <line number="418" hits="3"/>
            <line number="420" hits="3"/>
            <line number="422" hits="3"/>
            <line number="424" hits="3"/>
            <line number="425" hits="1"/>
            <line number="426" hits="1"/>
            <line number="427" hits="1"/>
            <line number="430" hits="2"/>
            <line number="432" hits="2"/>
            <line number="433" hits="1"/>
            <line number="436" hits="1"/>
            <line number="437" hits="1"/>
            <line number="438" hits="1"/>
            <line number="439" hits="1"/>
            <line number="452" hits="4"/>
            <line number="454" hits="4"/>
            <line number="456" hits="4"/>
            <line number="458" hits="4"/>
            <line number="460" hits="4"/>
            <line number="462" hits="4"/>
            <line number="464" hits="4"/>
            <line number="465" hits="2"/>
            <line number="466" hits="2"/>
            <line number="467" hits="2"/>
            <line number="470" hits="2"/>
            <line number="472" hits="2"/>
            <line number="473" hits="1"/>
            <line number="476" hits="1"/>
            <line number="477" hits="1"/>
            <line number="478" hits="1"/>
            <line number="479" hits="1"/>
            <line number="492" hits="5"/>
            <line number="494" hits="5"/>
            <line number="496" hits="5"/>
            <line number="498" hits="5"/>
            <line number="500" hits="5"/>
            <line number="502" hits="5"/>
            <line number="503" hits="2"/>
            <line number="504" hits="2"/>
            <line number="505" hits="2"/>
            <line number="508" hits="3"/>
            <line number="510" hits="3"/>
            <line number="511" hits="1"/>
            <line number="514" hits="2"/>
            <line number="515" hits="2"/>
            <line number="516" hits="2"/>
            <line number="517" hits="2"/>
          </lines>
        </class>
      </classes>
    </package>
    <package name="Http/Controllers/Controller.php" line-rate="1" branch-rate="0" complexity="1">
      <classes>
        <class name="Playground\Crm\Resource\Http\Controllers\Controller" filename="Http/Controllers/Controller.php" line-rate="1" branch-rate="0" complexity="1">
          <methods>
            <method name="packageInfo" signature="" line-rate="1" branch-rate="0" complexity="1">
              <lines>
                <line number="39" hits="196"/>
              </lines>
            </method>
          </methods>
          <lines>
            <line number="39" hits="196"/>
          </lines>
        </class>
      </classes>
    </package>
    <package name="Http/Controllers/IndexController.php" line-rate="1" branch-rate="0" complexity="1">
      <classes>
        <class name="Playground\Crm\Resource\Http\Controllers\IndexController" filename="Http/Controllers/IndexController.php" line-rate="1" branch-rate="0" complexity="1">
          <methods>
            <method name="index" signature="" line-rate="1" branch-rate="0" complexity="1">
              <lines>
                <line number="35" hits="1"/>
                <line number="40" hits="1"/>
                <line number="42" hits="1"/>
                <line number="43" hits="1"/>
                <line number="44" hits="1"/>
              </lines>
            </method>
          </methods>
          <lines>
            <line number="35" hits="1"/>
            <line number="40" hits="1"/>
            <line number="42" hits="1"/>
            <line number="43" hits="1"/>
            <line number="44" hits="1"/>
          </lines>
        </class>
      </classes>
    </package>
    <package name="Http/Controllers/LocationController.php" line-rate="1" branch-rate="0" complexity="43">
      <classes>
        <class name="Playground\Crm\Resource\Http\Controllers\LocationController" filename="Http/Controllers/LocationController.php" line-rate="1" branch-rate="0" complexity="43">
          <methods>
            <method name="create" signature="Requests\Location\CreateRequest $request" line-rate="1" branch-rate="0" complexity="4">
              <lines>
                <line number="55" hits="3"/>
                <line number="57" hits="3"/>
                <line number="59" hits="3"/>
                <line number="61" hits="3"/>
                <line number="62" hits="1"/>
                <line number="63" hits="1"/>
                <line number="64" hits="1"/>
                <line number="67" hits="2"/>
                <line number="69" hits="2"/>
                <line number="70" hits="2"/>
                <line number="71" hits="2"/>
                <line number="72" hits="2"/>
                <line number="73" hits="2"/>
                <line number="74" hits="2"/>
                <line number="76" hits="2"/>
                <line number="77" hits="2"/>
                <line number="78" hits="2"/>
                <line number="79" hits="2"/>
                <line number="80" hits="2"/>
                <line number="82" hits="2"/>
                <line number="84" hits="2"/>
                <line number="85" hits="1"/>
                <line number="86" hits="1"/>
                <line number="89" hits="2"/>
                <line number="90" hits="2"/>
                <line number="96" hits="2"/>
                <line number="98" hits="2"/>
              </lines>
            </method>
            <method name="edit" signature="Location $location, Requests\Location\EditRequest $request" line-rate="1" branch-rate="0" complexity="4">
              <lines>
                <line number="111" hits="3"/>
                <line number="113" hits="3"/>
                <line number="115" hits="3"/>
                <line number="116" hits="1"/>
                <line number="117" hits="1"/>
                <line number="118" hits="1"/>
                <line number="121" hits="2"/>
                <line number="123" hits="2"/>
                <line number="125" hits="2"/>
                <line number="126" hits="1"/>
                <line number="129" hits="2"/>
                <line number="130" hits="2"/>
                <line number="131" hits="2"/>
                <line number="132" hits="2"/>
                <line number="133" hits="2"/>
                <line number="134" hits="2"/>
                <line number="136" hits="2"/>
                <line number="137" hits="2"/>
                <line number="138" hits="2"/>
                <line number="139" hits="2"/>
                <line number="140" hits="2"/>
                <line number="142" hits="2"/>
                <line number="143" hits="1"/>
                <line number="146" hits="2"/>
                <line number="151" hits="2"/>
                <line number="153" hits="2"/>
              </lines>
            </method>
            <method name="destroy" signature="Location $location, Requests\Location\DestroyRequest $request" line-rate="1" branch-rate="0" complexity="6">
              <lines>
                <line number="166" hits="7"/>
                <line number="168" hits="7"/>
                <line number="170" hits="7"/>
                <line number="172" hits="7"/>
                <line number="173" hits="7"/>
                <line number="176" hits="7"/>
                <line number="177" hits="5"/>
                <line number="179" hits="2"/>
                <line number="182" hits="7"/>
                <line number="183" hits="4"/>
                <line number="186" hits="3"/>
                <line number="188" hits="3"/>
                <line number="189" hits="1"/>
                <line number="192" hits="2"/>
              </lines>
            </method>
            <method name="lock" signature="Location $location, Requests\Location\LockRequest $request" line-rate="1" branch-rate="0" complexity="5">
              <lines>
                <line number="205" hits="4"/>
                <line number="207" hits="4"/>
                <line number="209" hits="4"/>
                <line number="211" hits="4"/>
                <line number="212" hits="4"/>
                <line number="215" hits="4"/>
                <line number="217" hits="4"/>
                <line number="219" hits="4"/>
                <line number="220" hits="2"/>
                <line number="221" hits="2"/>
                <line number="222" hits="2"/>
                <line number="225" hits="2"/>
                <line number="227" hits="2"/>
                <line number="228" hits="1"/>
                <line number="231" hits="1"/>
                <line number="232" hits="1"/>
                <line number="233" hits="1"/>
                <line number="234" hits="1"/>
              </lines>
            </method>
            <method name="index" signature="Requests\Location\IndexRequest $request" line-rate="1" branch-rate="0" complexity="6">
              <lines>
                <line number="246" hits="4"/>
                <line number="257" hits="4"/>
                <line number="259" hits="4"/>
                <line number="261" hits="4"/>
                <line number="263" hits="4"/>
                <line number="265" hits="2"/>
                <line number="267" hits="2"/>
                <line number="268" hits="2"/>
                <line number="269" hits="2"/>
                <line number="270" hits="2"/>
                <line number="272" hits="2"/>
                <line number="273" hits="2"/>
                <line number="274" hits="2"/>
                <line number="275" hits="2"/>
                <line number="277" hits="2"/>
                <line number="278" hits="2"/>
                <line number="279" hits="2"/>
                <line number="280" hits="2"/>
                <line number="282" hits="2"/>
                <line number="283" hits="2"/>
                <line number="284" hits="2"/>
                <line number="285" hits="2"/>
                <line number="288" hits="4"/>
                <line number="289" hits="4"/>
                <line number="291" hits="4"/>
                <line number="293" hits="4"/>
                <line number="294" hits="2"/>
                <line number="297" hits="2"/>
                <line number="299" hits="2"/>
                <line number="300" hits="2"/>
                <line number="301" hits="2"/>
                <line number="302" hits="2"/>
                <line number="303" hits="2"/>
                <line number="304" hits="2"/>
                <line number="305" hits="2"/>
                <line number="306" hits="2"/>
                <line number="307" hits="2"/>
                <line number="308" hits="2"/>
                <line number="309" hits="2"/>
                <line number="310" hits="2"/>
                <line number="312" hits="2"/>
                <line number="313" hits="2"/>
                <line number="314" hits="2"/>
                <line number="315" hits="2"/>
                <line number="320" hits="2"/>
                <line number="322" hits="2"/>
              </lines>
            </method>
            <method name="restore" signature="Location $location, Requests\Location\RestoreRequest $request" line-rate="1" branch-rate="0" complexity="4">
              <lines>
                <line number="335" hits="4"/>
                <line number="337" hits="4"/>
                <line number="339" hits="4"/>
                <line number="341" hits="4"/>
                <line number="343" hits="4"/>
                <line number="345" hits="4"/>
                <line number="346" hits="2"/>
                <line number="347" hits="2"/>
                <line number="348" hits="2"/>
                <line number="351" hits="2"/>
                <line number="353" hits="2"/>
                <line number="354" hits="1"/>
                <line number="357" hits="1"/>
                <line number="358" hits="1"/>
                <line number="359" hits="1"/>
                <line number="360" hits="1"/>
              </lines>
            </method>
            <method name="show" signature="Location $location, Requests\Location\ShowRequest $request" line-rate="1" branch-rate="0" complexity="2">
              <lines>
                <line number="373" hits="2"/>
                <line number="375" hits="2"/>
                <line number="376" hits="1"/>
                <line number="377" hits="1"/>
                <line number="378" hits="1"/>
                <line number="381" hits="1"/>
                <line number="383" hits="1"/>
                <line number="384" hits="1"/>
                <line number="385" hits="1"/>
                <line number="386" hits="1"/>
                <line number="387" hits="1"/>
                <line number="388" hits="1"/>
                <line number="390" hits="1"/>
                <line number="391" hits="1"/>
                <line number="392" hits="1"/>
                <line number="393" hits="1"/>
                <line number="398" hits="1"/>
                <line number="400" hits="1"/>
              </lines>
            </method>
            <method name="store" signature="Requests\Location\StoreRequest $request" line-rate="1" branch-rate="0" complexity="4">
              <lines>
                <line number="412" hits="3"/>
                <line number="414" hits="3"/>
                <line number="416" hits="3"/>
                <line number="418" hits="3"/>
                <line number="420" hits="3"/>
                <line number="422" hits="3"/>
                <line number="424" hits="3"/>
                <line number="425" hits="1"/>
                <line number="426" hits="1"/>
                <line number="427" hits="1"/>
                <line number="430" hits="2"/>
                <line number="432" hits="2"/>
                <line number="433" hits="1"/>
                <line number="436" hits="1"/>
                <line number="437" hits="1"/>
                <line number="438" hits="1"/>
                <line number="439" hits="1"/>
              </lines>
            </method>
            <method name="unlock" signature="Location $location, Requests\Location\UnlockRequest $request" line-rate="1" branch-rate="0" complexity="4">
              <lines>
                <line number="452" hits="4"/>
                <line number="454" hits="4"/>
                <line number="456" hits="4"/>
                <line number="458" hits="4"/>
                <line number="460" hits="4"/>
                <line number="462" hits="4"/>
                <line number="464" hits="4"/>
                <line number="465" hits="2"/>
                <line number="466" hits="2"/>
                <line number="467" hits="2"/>
                <line number="470" hits="2"/>
                <line number="472" hits="2"/>
                <line number="473" hits="1"/>
                <line number="476" hits="1"/>
                <line number="477" hits="1"/>
                <line number="478" hits="1"/>
                <line number="479" hits="1"/>
              </lines>
            </method>
            <method name="update" signature="Location $location, Requests\Location\UpdateRequest $request" line-rate="1" branch-rate="0" complexity="4">
              <lines>
                <line number="492" hits="5"/>
                <line number="494" hits="5"/>
                <line number="496" hits="5"/>
                <line number="498" hits="5"/>
                <line number="500" hits="5"/>
                <line number="502" hits="5"/>
                <line number="503" hits="2"/>
                <line number="504" hits="2"/>
                <line number="505" hits="2"/>
                <line number="508" hits="3"/>
                <line number="510" hits="3"/>
                <line number="511" hits="1"/>
                <line number="514" hits="2"/>
                <line number="515" hits="2"/>
                <line number="516" hits="2"/>
                <line number="517" hits="2"/>
              </lines>
            </method>
          </methods>
          <lines>
            <line number="55" hits="3"/>
            <line number="57" hits="3"/>
            <line number="59" hits="3"/>
            <line number="61" hits="3"/>
            <line number="62" hits="1"/>
            <line number="63" hits="1"/>
            <line number="64" hits="1"/>
            <line number="67" hits="2"/>
            <line number="69" hits="2"/>
            <line number="70" hits="2"/>
            <line number="71" hits="2"/>
            <line number="72" hits="2"/>
            <line number="73" hits="2"/>
            <line number="74" hits="2"/>
            <line number="76" hits="2"/>
            <line number="77" hits="2"/>
            <line number="78" hits="2"/>
            <line number="79" hits="2"/>
            <line number="80" hits="2"/>
            <line number="82" hits="2"/>
            <line number="84" hits="2"/>
            <line number="85" hits="1"/>
            <line number="86" hits="1"/>
            <line number="89" hits="2"/>
            <line number="90" hits="2"/>
            <line number="96" hits="2"/>
            <line number="98" hits="2"/>
            <line number="111" hits="3"/>
            <line number="113" hits="3"/>
            <line number="115" hits="3"/>
            <line number="116" hits="1"/>
            <line number="117" hits="1"/>
            <line number="118" hits="1"/>
            <line number="121" hits="2"/>
            <line number="123" hits="2"/>
            <line number="125" hits="2"/>
            <line number="126" hits="1"/>
            <line number="129" hits="2"/>
            <line number="130" hits="2"/>
            <line number="131" hits="2"/>
            <line number="132" hits="2"/>
            <line number="133" hits="2"/>
            <line number="134" hits="2"/>
            <line number="136" hits="2"/>
            <line number="137" hits="2"/>
            <line number="138" hits="2"/>
            <line number="139" hits="2"/>
            <line number="140" hits="2"/>
            <line number="142" hits="2"/>
            <line number="143" hits="1"/>
            <line number="146" hits="2"/>
            <line number="151" hits="2"/>
            <line number="153" hits="2"/>
            <line number="166" hits="7"/>
            <line number="168" hits="7"/>
            <line number="170" hits="7"/>
            <line number="172" hits="7"/>
            <line number="173" hits="7"/>
            <line number="176" hits="7"/>
            <line number="177" hits="5"/>
            <line number="179" hits="2"/>
            <line number="182" hits="7"/>
            <line number="183" hits="4"/>
            <line number="186" hits="3"/>
            <line number="188" hits="3"/>
            <line number="189" hits="1"/>
            <line number="192" hits="2"/>
            <line number="205" hits="4"/>
            <line number="207" hits="4"/>
            <line number="209" hits="4"/>
            <line number="211" hits="4"/>
            <line number="212" hits="4"/>
            <line number="215" hits="4"/>
            <line number="217" hits="4"/>
            <line number="219" hits="4"/>
            <line number="220" hits="2"/>
            <line number="221" hits="2"/>
            <line number="222" hits="2"/>
            <line number="225" hits="2"/>
            <line number="227" hits="2"/>
            <line number="228" hits="1"/>
            <line number="231" hits="1"/>
            <line number="232" hits="1"/>
            <line number="233" hits="1"/>
            <line number="234" hits="1"/>
            <line number="246" hits="4"/>
            <line number="257" hits="4"/>
            <line number="259" hits="4"/>
            <line number="261" hits="4"/>
            <line number="263" hits="4"/>
            <line number="265" hits="2"/>
            <line number="267" hits="2"/>
            <line number="268" hits="2"/>
            <line number="269" hits="2"/>
            <line number="270" hits="2"/>
            <line number="272" hits="2"/>
            <line number="273" hits="2"/>
            <line number="274" hits="2"/>
            <line number="275" hits="2"/>
            <line number="277" hits="2"/>
            <line number="278" hits="2"/>
            <line number="279" hits="2"/>
            <line number="280" hits="2"/>
            <line number="282" hits="2"/>
            <line number="283" hits="2"/>
            <line number="284" hits="2"/>
            <line number="285" hits="2"/>
            <line number="288" hits="4"/>
            <line number="289" hits="4"/>
            <line number="291" hits="4"/>
            <line number="293" hits="4"/>
            <line number="294" hits="2"/>
            <line number="297" hits="2"/>
            <line number="299" hits="2"/>
            <line number="300" hits="2"/>
            <line number="301" hits="2"/>
            <line number="302" hits="2"/>
            <line number="303" hits="2"/>
            <line number="304" hits="2"/>
            <line number="305" hits="2"/>
            <line number="306" hits="2"/>
            <line number="307" hits="2"/>
            <line number="308" hits="2"/>
            <line number="309" hits="2"/>
            <line number="310" hits="2"/>
            <line number="312" hits="2"/>
            <line number="313" hits="2"/>
            <line number="314" hits="2"/>
            <line number="315" hits="2"/>
            <line number="320" hits="2"/>
            <line number="322" hits="2"/>
            <line number="335" hits="4"/>
            <line number="337" hits="4"/>
            <line number="339" hits="4"/>
            <line number="341" hits="4"/>
            <line number="343" hits="4"/>
            <line number="345" hits="4"/>
            <line number="346" hits="2"/>
            <line number="347" hits="2"/>
            <line number="348" hits="2"/>
            <line number="351" hits="2"/>
            <line number="353" hits="2"/>
            <line number="354" hits="1"/>
            <line number="357" hits="1"/>
            <line number="358" hits="1"/>
            <line number="359" hits="1"/>
            <line number="360" hits="1"/>
            <line number="373" hits="2"/>
            <line number="375" hits="2"/>
            <line number="376" hits="1"/>
            <line number="377" hits="1"/>
            <line number="378" hits="1"/>
            <line number="381" hits="1"/>
            <line number="383" hits="1"/>
            <line number="384" hits="1"/>
            <line number="385" hits="1"/>
            <line number="386" hits="1"/>
            <line number="387" hits="1"/>
            <line number="388" hits="1"/>
            <line number="390" hits="1"/>
            <line number="391" hits="1"/>
            <line number="392" hits="1"/>
            <line number="393" hits="1"/>
            <line number="398" hits="1"/>
            <line number="400" hits="1"/>
            <line number="412" hits="3"/>
            <line number="414" hits="3"/>
            <line number="416" hits="3"/>
            <line number="418" hits="3"/>
            <line number="420" hits="3"/>
            <line number="422" hits="3"/>
            <line number="424" hits="3"/>
            <line number="425" hits="1"/>
            <line number="426" hits="1"/>
            <line number="427" hits="1"/>
            <line number="430" hits="2"/>
            <line number="432" hits="2"/>
            <line number="433" hits="1"/>
            <line number="436" hits="1"/>
            <line number="437" hits="1"/>
            <line number="438" hits="1"/>
            <line number="439" hits="1"/>
            <line number="452" hits="4"/>
            <line number="454" hits="4"/>
            <line number="456" hits="4"/>
            <line number="458" hits="4"/>
            <line number="460" hits="4"/>
            <line number="462" hits="4"/>
            <line number="464" hits="4"/>
            <line number="465" hits="2"/>
            <line number="466" hits="2"/>
            <line number="467" hits="2"/>
            <line number="470" hits="2"/>
            <line number="472" hits="2"/>
            <line number="473" hits="1"/>
            <line number="476" hits="1"/>
            <line number="477" hits="1"/>
            <line number="478" hits="1"/>
            <line number="479" hits="1"/>
            <line number="492" hits="5"/>
            <line number="494" hits="5"/>
            <line number="496" hits="5"/>
            <line number="498" hits="5"/>
            <line number="500" hits="5"/>
            <line number="502" hits="5"/>
            <line number="503" hits="2"/>
            <line number="504" hits="2"/>
            <line number="505" hits="2"/>
            <line number="508" hits="3"/>
            <line number="510" hits="3"/>
            <line number="511" hits="1"/>
            <line number="514" hits="2"/>
            <line number="515" hits="2"/>
            <line number="516" hits="2"/>
            <line number="517" hits="2"/>
          </lines>
        </class>
      </classes>
    </package>
    <package name="Http/Controllers/OrganizationController.php" line-rate="1" branch-rate="0" complexity="43">
      <classes>
        <class name="Playground\Crm\Resource\Http\Controllers\OrganizationController" filename="Http/Controllers/OrganizationController.php" line-rate="1" branch-rate="0" complexity="43">
          <methods>
            <method name="create" signature="Requests\Organization\CreateRequest $request" line-rate="1" branch-rate="0" complexity="4">
              <lines>
                <line number="55" hits="3"/>
                <line number="57" hits="3"/>
                <line number="59" hits="3"/>
                <line number="61" hits="3"/>
                <line number="62" hits="1"/>
                <line number="63" hits="1"/>
                <line number="64" hits="1"/>
                <line number="67" hits="2"/>
                <line number="69" hits="2"/>
                <line number="70" hits="2"/>
                <line number="71" hits="2"/>
                <line number="72" hits="2"/>
                <line number="73" hits="2"/>
                <line number="74" hits="2"/>
                <line number="76" hits="2"/>
                <line number="77" hits="2"/>
                <line number="78" hits="2"/>
                <line number="79" hits="2"/>
                <line number="80" hits="2"/>
                <line number="82" hits="2"/>
                <line number="84" hits="2"/>
                <line number="85" hits="1"/>
                <line number="86" hits="1"/>
                <line number="89" hits="2"/>
                <line number="90" hits="2"/>
                <line number="96" hits="2"/>
                <line number="98" hits="2"/>
              </lines>
            </method>
            <method name="edit" signature="Organization $organization, Requests\Organization\EditRequest $request" line-rate="1" branch-rate="0" complexity="4">
              <lines>
                <line number="111" hits="3"/>
                <line number="113" hits="3"/>
                <line number="115" hits="3"/>
                <line number="116" hits="1"/>
                <line number="117" hits="1"/>
                <line number="118" hits="1"/>
                <line number="121" hits="2"/>
                <line number="123" hits="2"/>
                <line number="125" hits="2"/>
                <line number="126" hits="1"/>
                <line number="129" hits="2"/>
                <line number="130" hits="2"/>
                <line number="131" hits="2"/>
                <line number="132" hits="2"/>
                <line number="133" hits="2"/>
                <line number="134" hits="2"/>
                <line number="136" hits="2"/>
                <line number="137" hits="2"/>
                <line number="138" hits="2"/>
                <line number="139" hits="2"/>
                <line number="140" hits="2"/>
                <line number="142" hits="2"/>
                <line number="143" hits="1"/>
                <line number="146" hits="2"/>
                <line number="151" hits="2"/>
                <line number="153" hits="2"/>
              </lines>
            </method>
            <method name="destroy" signature="Organization $organization, Requests\Organization\DestroyRequest $request" line-rate="1" branch-rate="0" complexity="6">
              <lines>
                <line number="166" hits="7"/>
                <line number="168" hits="7"/>
                <line number="170" hits="7"/>
                <line number="172" hits="7"/>
                <line number="173" hits="7"/>
                <line number="176" hits="7"/>
                <line number="177" hits="5"/>
                <line number="179" hits="2"/>
                <line number="182" hits="7"/>
                <line number="183" hits="4"/>
                <line number="186" hits="3"/>
                <line number="188" hits="3"/>
                <line number="189" hits="1"/>
                <line number="192" hits="2"/>
              </lines>
            </method>
            <method name="lock" signature="Organization $organization, Requests\Organization\LockRequest $request" line-rate="1" branch-rate="0" complexity="5">
              <lines>
                <line number="205" hits="4"/>
                <line number="207" hits="4"/>
                <line number="209" hits="4"/>
                <line number="211" hits="4"/>
                <line number="212" hits="4"/>
                <line number="215" hits="4"/>
                <line number="217" hits="4"/>
                <line number="219" hits="4"/>
                <line number="220" hits="2"/>
                <line number="221" hits="2"/>
                <line number="222" hits="2"/>
                <line number="225" hits="2"/>
                <line number="227" hits="2"/>
                <line number="228" hits="1"/>
                <line number="231" hits="1"/>
                <line number="232" hits="1"/>
                <line number="233" hits="1"/>
                <line number="234" hits="1"/>
              </lines>
            </method>
            <method name="index" signature="Requests\Organization\IndexRequest $request" line-rate="1" branch-rate="0" complexity="6">
              <lines>
                <line number="246" hits="4"/>
                <line number="257" hits="4"/>
                <line number="259" hits="4"/>
                <line number="261" hits="4"/>
                <line number="263" hits="4"/>
                <line number="265" hits="2"/>
                <line number="267" hits="2"/>
                <line number="268" hits="2"/>
                <line number="269" hits="2"/>
                <line number="270" hits="2"/>
                <line number="272" hits="2"/>
                <line number="273" hits="2"/>
                <line number="274" hits="2"/>
                <line number="275" hits="2"/>
                <line number="277" hits="2"/>
                <line number="278" hits="2"/>
                <line number="279" hits="2"/>
                <line number="280" hits="2"/>
                <line number="282" hits="2"/>
                <line number="283" hits="2"/>
                <line number="284" hits="2"/>
                <line number="285" hits="2"/>
                <line number="288" hits="4"/>
                <line number="289" hits="4"/>
                <line number="291" hits="4"/>
                <line number="293" hits="4"/>
                <line number="294" hits="2"/>
                <line number="297" hits="2"/>
                <line number="299" hits="2"/>
                <line number="300" hits="2"/>
                <line number="301" hits="2"/>
                <line number="302" hits="2"/>
                <line number="303" hits="2"/>
                <line number="304" hits="2"/>
                <line number="305" hits="2"/>
                <line number="306" hits="2"/>
                <line number="307" hits="2"/>
                <line number="308" hits="2"/>
                <line number="309" hits="2"/>
                <line number="310" hits="2"/>
                <line number="312" hits="2"/>
                <line number="313" hits="2"/>
                <line number="314" hits="2"/>
                <line number="315" hits="2"/>
                <line number="320" hits="2"/>
                <line number="322" hits="2"/>
              </lines>
            </method>
            <method name="restore" signature="Organization $organization, Requests\Organization\RestoreRequest $request" line-rate="1" branch-rate="0" complexity="4">
              <lines>
                <line number="335" hits="4"/>
                <line number="337" hits="4"/>
                <line number="339" hits="4"/>
                <line number="341" hits="4"/>
                <line number="343" hits="4"/>
                <line number="345" hits="4"/>
                <line number="346" hits="2"/>
                <line number="347" hits="2"/>
                <line number="348" hits="2"/>
                <line number="351" hits="2"/>
                <line number="353" hits="2"/>
                <line number="354" hits="1"/>
                <line number="357" hits="1"/>
                <line number="358" hits="1"/>
                <line number="359" hits="1"/>
                <line number="360" hits="1"/>
              </lines>
            </method>
            <method name="show" signature="Organization $organization, Requests\Organization\ShowRequest $request" line-rate="1" branch-rate="0" complexity="2">
              <lines>
                <line number="373" hits="2"/>
                <line number="375" hits="2"/>
                <line number="376" hits="1"/>
                <line number="377" hits="1"/>
                <line number="378" hits="1"/>
                <line number="381" hits="1"/>
                <line number="383" hits="1"/>
                <line number="384" hits="1"/>
                <line number="385" hits="1"/>
                <line number="386" hits="1"/>
                <line number="387" hits="1"/>
                <line number="388" hits="1"/>
                <line number="390" hits="1"/>
                <line number="391" hits="1"/>
                <line number="392" hits="1"/>
                <line number="393" hits="1"/>
                <line number="398" hits="1"/>
                <line number="400" hits="1"/>
              </lines>
            </method>
            <method name="store" signature="Requests\Organization\StoreRequest $request" line-rate="1" branch-rate="0" complexity="4">
              <lines>
                <line number="412" hits="3"/>
                <line number="414" hits="3"/>
                <line number="416" hits="3"/>
                <line number="418" hits="3"/>
                <line number="420" hits="3"/>
                <line number="422" hits="3"/>
                <line number="424" hits="3"/>
                <line number="425" hits="1"/>
                <line number="426" hits="1"/>
                <line number="427" hits="1"/>
                <line number="430" hits="2"/>
                <line number="432" hits="2"/>
                <line number="433" hits="1"/>
                <line number="436" hits="1"/>
                <line number="437" hits="1"/>
                <line number="438" hits="1"/>
                <line number="439" hits="1"/>
              </lines>
            </method>
            <method name="unlock" signature="Organization $organization, Requests\Organization\UnlockRequest $request" line-rate="1" branch-rate="0" complexity="4">
              <lines>
                <line number="452" hits="4"/>
                <line number="454" hits="4"/>
                <line number="456" hits="4"/>
                <line number="458" hits="4"/>
                <line number="460" hits="4"/>
                <line number="462" hits="4"/>
                <line number="464" hits="4"/>
                <line number="465" hits="2"/>
                <line number="466" hits="2"/>
                <line number="467" hits="2"/>
                <line number="470" hits="2"/>
                <line number="472" hits="2"/>
                <line number="473" hits="1"/>
                <line number="476" hits="1"/>
                <line number="477" hits="1"/>
                <line number="478" hits="1"/>
                <line number="479" hits="1"/>
              </lines>
            </method>
            <method name="update" signature="Organization $organization, Requests\Organization\UpdateRequest $request" line-rate="1" branch-rate="0" complexity="4">
              <lines>
                <line number="492" hits="5"/>
                <line number="494" hits="5"/>
                <line number="496" hits="5"/>
                <line number="498" hits="5"/>
                <line number="500" hits="5"/>
                <line number="502" hits="5"/>
                <line number="503" hits="2"/>
                <line number="504" hits="2"/>
                <line number="505" hits="2"/>
                <line number="508" hits="3"/>
                <line number="510" hits="3"/>
                <line number="511" hits="1"/>
                <line number="514" hits="2"/>
                <line number="515" hits="2"/>
                <line number="516" hits="2"/>
                <line number="517" hits="2"/>
              </lines>
            </method>
          </methods>
          <lines>
            <line number="55" hits="3"/>
            <line number="57" hits="3"/>
            <line number="59" hits="3"/>
            <line number="61" hits="3"/>
            <line number="62" hits="1"/>
            <line number="63" hits="1"/>
            <line number="64" hits="1"/>
            <line number="67" hits="2"/>
            <line number="69" hits="2"/>
            <line number="70" hits="2"/>
            <line number="71" hits="2"/>
            <line number="72" hits="2"/>
            <line number="73" hits="2"/>
            <line number="74" hits="2"/>
            <line number="76" hits="2"/>
            <line number="77" hits="2"/>
            <line number="78" hits="2"/>
            <line number="79" hits="2"/>
            <line number="80" hits="2"/>
            <line number="82" hits="2"/>
            <line number="84" hits="2"/>
            <line number="85" hits="1"/>
            <line number="86" hits="1"/>
            <line number="89" hits="2"/>
            <line number="90" hits="2"/>
            <line number="96" hits="2"/>
            <line number="98" hits="2"/>
            <line number="111" hits="3"/>
            <line number="113" hits="3"/>
            <line number="115" hits="3"/>
            <line number="116" hits="1"/>
            <line number="117" hits="1"/>
            <line number="118" hits="1"/>
[...]
                <line number="44" hits="12"/>
                <line number="45" hits="12"/>
                <line number="46" hits="12"/>
                <line number="47" hits="12"/>
                <line number="48" hits="12"/>
              </lines>
            </method>
          </methods>
          <lines>
            <line number="34" hits="12"/>
            <line number="39" hits="12"/>
            <line number="41" hits="12"/>
            <line number="42" hits="12"/>
            <line number="43" hits="12"/>
            <line number="44" hits="12"/>
            <line number="45" hits="12"/>
            <line number="46" hits="12"/>
            <line number="47" hits="12"/>
            <line number="48" hits="12"/>
          </lines>
        </class>
      </classes>
    </package>
    <package name="Http/Resources/LocationCollection.php" line-rate="1" branch-rate="0" complexity="1">
      <classes>
        <class name="Playground\Crm\Resource\Http\Resources\LocationCollection" filename="Http/Resources/LocationCollection.php" line-rate="1" branch-rate="0" complexity="1">
          <methods>
            <method name="with" signature="Request $request" line-rate="1" branch-rate="0" complexity="1">
              <lines>
                <line number="29" hits="2"/>
                <line number="30" hits="2"/>
                <line number="31" hits="2"/>
                <line number="32" hits="2"/>
                <line number="33" hits="2"/>
                <line number="34" hits="2"/>
                <line number="35" hits="2"/>
                <line number="36" hits="2"/>
                <line number="37" hits="2"/>
                <line number="38" hits="2"/>
                <line number="39" hits="2"/>
                <line number="40" hits="2"/>
              </lines>
            </method>
          </methods>
          <lines>
            <line number="29" hits="2"/>
            <line number="30" hits="2"/>
            <line number="31" hits="2"/>
            <line number="32" hits="2"/>
            <line number="33" hits="2"/>
            <line number="34" hits="2"/>
            <line number="35" hits="2"/>
            <line number="36" hits="2"/>
            <line number="37" hits="2"/>
            <line number="38" hits="2"/>
            <line number="39" hits="2"/>
            <line number="40" hits="2"/>
          </lines>
        </class>
      </classes>
    </package>
    <package name="Http/Resources/Organization.php" line-rate="1" branch-rate="0" complexity="1">
      <classes>
        <class name="Playground\Crm\Resource\Http\Resources\Organization" filename="Http/Resources/Organization.php" line-rate="1" branch-rate="0" complexity="1">
          <methods>
            <method name="with" signature="Request $request" line-rate="1" branch-rate="0" complexity="1">
              <lines>
                <line number="34" hits="12"/>
                <line number="39" hits="12"/>
                <line number="41" hits="12"/>
                <line number="42" hits="12"/>
                <line number="43" hits="12"/>
                <line number="44" hits="12"/>
                <line number="45" hits="12"/>
                <line number="46" hits="12"/>
                <line number="47" hits="12"/>
                <line number="48" hits="12"/>
              </lines>
            </method>
          </methods>
          <lines>
            <line number="34" hits="12"/>
            <line number="39" hits="12"/>
            <line number="41" hits="12"/>
            <line number="42" hits="12"/>
            <line number="43" hits="12"/>
            <line number="44" hits="12"/>
            <line number="45" hits="12"/>
            <line number="46" hits="12"/>
            <line number="47" hits="12"/>
            <line number="48" hits="12"/>
          </lines>
        </class>
      </classes>
    </package>
    <package name="Http/Resources/OrganizationCollection.php" line-rate="1" branch-rate="0" complexity="1">
      <classes>
        <class name="Playground\Crm\Resource\Http\Resources\OrganizationCollection" filename="Http/Resources/OrganizationCollection.php" line-rate="1" branch-rate="0" complexity="1">
          <methods>
            <method name="with" signature="Request $request" line-rate="1" branch-rate="0" complexity="1">
              <lines>
                <line number="29" hits="2"/>
                <line number="30" hits="2"/>
                <line number="31" hits="2"/>
                <line number="32" hits="2"/>
                <line number="33" hits="2"/>
                <line number="34" hits="2"/>
                <line number="35" hits="2"/>
                <line number="36" hits="2"/>
                <line number="37" hits="2"/>
                <line number="38" hits="2"/>
                <line number="39" hits="2"/>
                <line number="40" hits="2"/>
              </lines>
            </method>
          </methods>
          <lines>
            <line number="29" hits="2"/>
            <line number="30" hits="2"/>
            <line number="31" hits="2"/>
            <line number="32" hits="2"/>
            <line number="33" hits="2"/>
            <line number="34" hits="2"/>
            <line number="35" hits="2"/>
            <line number="36" hits="2"/>
            <line number="37" hits="2"/>
            <line number="38" hits="2"/>
            <line number="39" hits="2"/>
            <line number="40" hits="2"/>
          </lines>
        </class>
      </classes>
    </package>
    <package name="Http/Resources/People.php" line-rate="1" branch-rate="0" complexity="1">
      <classes>
        <class name="Playground\Crm\Resource\Http\Resources\People" filename="Http/Resources/People.php" line-rate="1" branch-rate="0" complexity="1">
          <methods>
            <method name="with" signature="Request $request" line-rate="1" branch-rate="0" complexity="1">
              <lines>
                <line number="34" hits="12"/>
                <line number="39" hits="12"/>
                <line number="41" hits="12"/>
                <line number="42" hits="12"/>
                <line number="43" hits="12"/>
                <line number="44" hits="12"/>
                <line number="45" hits="12"/>
                <line number="46" hits="12"/>
                <line number="47" hits="12"/>
                <line number="48" hits="12"/>
              </lines>
            </method>
          </methods>
          <lines>
            <line number="34" hits="12"/>
            <line number="39" hits="12"/>
            <line number="41" hits="12"/>
            <line number="42" hits="12"/>
            <line number="43" hits="12"/>
            <line number="44" hits="12"/>
            <line number="45" hits="12"/>
            <line number="46" hits="12"/>
            <line number="47" hits="12"/>
            <line number="48" hits="12"/>
          </lines>
        </class>
      </classes>
    </package>
    <package name="Http/Resources/PeopleCollection.php" line-rate="1" branch-rate="0" complexity="1">
      <classes>
        <class name="Playground\Crm\Resource\Http\Resources\PeopleCollection" filename="Http/Resources/PeopleCollection.php" line-rate="1" branch-rate="0" complexity="1">
          <methods>
            <method name="with" signature="Request $request" line-rate="1" branch-rate="0" complexity="1">
              <lines>
                <line number="29" hits="2"/>
                <line number="30" hits="2"/>
                <line number="31" hits="2"/>
                <line number="32" hits="2"/>
                <line number="33" hits="2"/>
                <line number="34" hits="2"/>
                <line number="35" hits="2"/>
                <line number="36" hits="2"/>
                <line number="37" hits="2"/>
                <line number="38" hits="2"/>
                <line number="39" hits="2"/>
                <line number="40" hits="2"/>
              </lines>
            </method>
          </methods>
          <lines>
            <line number="29" hits="2"/>
            <line number="30" hits="2"/>
            <line number="31" hits="2"/>
            <line number="32" hits="2"/>
            <line number="33" hits="2"/>
            <line number="34" hits="2"/>
            <line number="35" hits="2"/>
            <line number="36" hits="2"/>
            <line number="37" hits="2"/>
            <line number="38" hits="2"/>
            <line number="39" hits="2"/>
            <line number="40" hits="2"/>
          </lines>
        </class>
      </classes>
    </package>
    <package name="Policies/ClientPolicy.php" line-rate="0" branch-rate="0" complexity="0">
      <classes>
        <class name="Playground\Crm\Resource\Policies\ClientPolicy" filename="Policies/ClientPolicy.php" line-rate="0" branch-rate="0" complexity="0">
          <methods/>
          <lines/>
        </class>
      </classes>
    </package>
    <package name="Policies/ContactPolicy.php" line-rate="0" branch-rate="0" complexity="0">
      <classes>
        <class name="Playground\Crm\Resource\Policies\ContactPolicy" filename="Policies/ContactPolicy.php" line-rate="0" branch-rate="0" complexity="0">
          <methods/>
          <lines/>
        </class>
      </classes>
    </package>
    <package name="Policies/LocationPolicy.php" line-rate="0" branch-rate="0" complexity="0">
      <classes>
        <class name="Playground\Crm\Resource\Policies\LocationPolicy" filename="Policies/LocationPolicy.php" line-rate="0" branch-rate="0" complexity="0">
          <methods/>
          <lines/>
        </class>
      </classes>
    </package>
    <package name="Policies/OrganizationPolicy.php" line-rate="0" branch-rate="0" complexity="0">
      <classes>
        <class name="Playground\Crm\Resource\Policies\OrganizationPolicy" filename="Policies/OrganizationPolicy.php" line-rate="0" branch-rate="0" complexity="0">
          <methods/>
          <lines/>
        </class>
      </classes>
    </package>
    <package name="Policies/PeoplePolicy.php" line-rate="0" branch-rate="0" complexity="0">
      <classes>
        <class name="Playground\Crm\Resource\Policies\PeoplePolicy" filename="Policies/PeoplePolicy.php" line-rate="0" branch-rate="0" complexity="0">
          <methods/>
          <lines/>
        </class>
      </classes>
    </package>
    <package name="ServiceProvider.php" line-rate="1" branch-rate="0" complexity="60">
      <classes>
        <class name="Playground\Crm\Resource\ServiceProvider" filename="ServiceProvider.php" line-rate="1" branch-rate="0" complexity="60">
          <methods>
            <method name="boot" signature="" line-rate="1" branch-rate="0" complexity="13">
              <lines>
                <line number="70" hits="428"/>
                <line number="72" hits="428"/>
                <line number="74" hits="428"/>
                <line number="75" hits="428"/>
                <line number="76" hits="428"/>
                <line number="77" hits="428"/>
                <line number="78" hits="428"/>
                <line number="81" hits="428"/>
                <line number="82" hits="428"/>
                <line number="83" hits="428"/>
                <line number="85" hits="428"/>
                <line number="86" hits="428"/>
                <line number="89" hits="428"/>
                <line number="90" hits="428"/>
                <line number="91" hits="428"/>
                <line number="93" hits="428"/>
                <line number="96" hits="428"/>
                <line number="97" hits="428"/>
                <line number="98" hits="428"/>
                <line number="99" hits="428"/>
                <line number="100" hits="428"/>
                <line number="104" hits="428"/>
                <line number="106" hits="428"/>
                <line number="107" hits="428"/>
                <line number="108" hits="428"/>
                <line number="111" hits="428"/>
                <line number="112" hits="428"/>
                <line number="113" hits="428"/>
                <line number="116" hits="428"/>
                <line number="117" hits="428"/>
              </lines>
            </method>
            <method name="register" signature="" line-rate="1" branch-rate="0" complexity="1">
              <lines>
                <line number="126" hits="428"/>
                <line number="127" hits="428"/>
                <line number="128" hits="428"/>
                <line number="129" hits="428"/>
              </lines>
            </method>
            <method name="setPolicies" signature="array $policies" line-rate="1" branch-rate="0" complexity="9">
              <lines>
                <line number="139" hits="428"/>
                <line number="140" hits="428"/>
                <line number="141" hits="1"/>
                <line number="142" hits="1"/>
                <line number="143" hits="1"/>
                <line number="144" hits="1"/>
                <line number="145" hits="1"/>
                <line number="146" hits="1"/>
                <line number="148" hits="1"/>
                <line number="150" hits="428"/>
                <line number="151" hits="1"/>
                <line number="152" hits="1"/>
                <line number="153" hits="1"/>
                <line number="154" hits="1"/>
                <line number="155" hits="1"/>
                <line number="156" hits="1"/>
                <line number="158" hits="1"/>
                <line number="160" hits="428"/>
              </lines>
            </method>
            <method name="routes" signature="array $config" line-rate="1" branch-rate="0" complexity="7">
              <lines>
                <line number="169" hits="428"/>
                <line number="170" hits="428"/>
                <line number="172" hits="428"/>
                <line number="173" hits="428"/>
                <line number="175" hits="428"/>
                <line number="176" hits="428"/>
                <line number="178" hits="428"/>
                <line number="179" hits="428"/>
                <line number="181" hits="428"/>
                <line number="182" hits="428"/>
                <line number="184" hits="428"/>
                <line number="185" hits="428"/>
              </lines>
            </method>
            <method name="about" signature="" line-rate="1" branch-rate="0" complexity="30">
              <lines>
                <line number="191" hits="428"/>
                <line number="192" hits="428"/>
                <line number="194" hits="428"/>
                <line number="196" hits="428"/>
                <line number="198" hits="428"/>
                <line number="200" hits="428"/>
                <line number="202" hits="428"/>
                <line number="204" hits="428"/>
                <line number="205" hits="428"/>
                <line number="206" hits="428"/>
                <line number="207" hits="428"/>
                <line number="209" hits="428"/>
                <line number="210" hits="428"/>
                <line number="211" hits="428"/>
                <line number="213" hits="428"/>
                <line number="215" hits="428"/>
                <line number="216" hits="428"/>
                <line number="217" hits="428"/>
                <line number="218" hits="428"/>
                <line number="220" hits="428"/>
                <line number="221" hits="428"/>
                <line number="222" hits="428"/>
                <line number="223" hits="428"/>
                <line number="224" hits="428"/>
                <line number="225" hits="428"/>
                <line number="227" hits="428"/>
                <line number="228" hits="428"/>
                <line number="229" hits="428"/>
              </lines>
            </method>
          </methods>
          <lines>
            <line number="70" hits="428"/>
            <line number="72" hits="428"/>
            <line number="74" hits="428"/>
            <line number="75" hits="428"/>
            <line number="76" hits="428"/>
            <line number="77" hits="428"/>
            <line number="78" hits="428"/>
            <line number="81" hits="428"/>
            <line number="82" hits="428"/>
            <line number="83" hits="428"/>
            <line number="85" hits="428"/>
            <line number="86" hits="428"/>
            <line number="89" hits="428"/>
            <line number="90" hits="428"/>
            <line number="91" hits="428"/>
            <line number="93" hits="428"/>
            <line number="96" hits="428"/>
            <line number="97" hits="428"/>
            <line number="98" hits="428"/>
            <line number="99" hits="428"/>
            <line number="100" hits="428"/>
            <line number="104" hits="428"/>
            <line number="106" hits="428"/>
            <line number="107" hits="428"/>
            <line number="108" hits="428"/>
            <line number="111" hits="428"/>
            <line number="112" hits="428"/>
            <line number="113" hits="428"/>
            <line number="116" hits="428"/>
            <line number="117" hits="428"/>
            <line number="126" hits="428"/>
            <line number="127" hits="428"/>
            <line number="128" hits="428"/>
            <line number="129" hits="428"/>
            <line number="139" hits="428"/>
            <line number="140" hits="428"/>
            <line number="141" hits="1"/>
            <line number="142" hits="1"/>
            <line number="143" hits="1"/>
            <line number="144" hits="1"/>
            <line number="145" hits="1"/>
            <line number="146" hits="1"/>
            <line number="148" hits="1"/>
            <line number="150" hits="428"/>
            <line number="151" hits="1"/>
            <line number="152" hits="1"/>
            <line number="153" hits="1"/>
            <line number="154" hits="1"/>
            <line number="155" hits="1"/>
            <line number="156" hits="1"/>
            <line number="158" hits="1"/>
            <line number="160" hits="428"/>
            <line number="169" hits="428"/>
            <line number="170" hits="428"/>
            <line number="172" hits="428"/>
            <line number="173" hits="428"/>
            <line number="175" hits="428"/>
            <line number="176" hits="428"/>
            <line number="178" hits="428"/>
            <line number="179" hits="428"/>
            <line number="181" hits="428"/>
            <line number="182" hits="428"/>
            <line number="184" hits="428"/>
            <line number="185" hits="428"/>
            <line number="191" hits="428"/>
            <line number="192" hits="428"/>
            <line number="194" hits="428"/>
            <line number="196" hits="428"/>
            <line number="198" hits="428"/>
            <line number="200" hits="428"/>
            <line number="202" hits="428"/>
            <line number="204" hits="428"/>
            <line number="205" hits="428"/>
            <line number="206" hits="428"/>
            <line number="207" hits="428"/>
            <line number="209" hits="428"/>
            <line number="210" hits="428"/>
            <line number="211" hits="428"/>
            <line number="213" hits="428"/>
            <line number="215" hits="428"/>
            <line number="216" hits="428"/>
            <line number="217" hits="428"/>
            <line number="218" hits="428"/>
            <line number="220" hits="428"/>
            <line number="221" hits="428"/>
            <line number="222" hits="428"/>
            <line number="223" hits="428"/>
            <line number="224" hits="428"/>
            <line number="225" hits="428"/>
            <line number="227" hits="428"/>
            <line number="228" hits="428"/>
            <line number="229" hits="428"/>
          </lines>
        </class>
      </classes>
    </package>
  </packages>
</coverage>
