<?xml version="1.0" encoding="UTF-8"?>
<testsuites>
  <testsuite name="/app/phpunit-ci.xml" tests="433" assertions="5415" errors="0" failures="0" skipped="0" time="100.266817">
    <testsuite name="Unit" tests="64" assertions="69" errors="0" failures="0" skipped="0" time="2.856630">
      <testsuite name="Tests\Unit\Playground\Crm\Resource\Http\Requests\Client\CreateRequestTest" file="/app/tests/Unit/Http/Requests/Client/CreateRequestTest.php" tests="1" assertions="1" errors="0" failures="0" skipped="0" time="0.191472">
        <testcase name="test_request_instance" file="/app/vendor/gammamatrix/playground-test/src/Unit/Http/Requests/RequestCase.php" line="42" class="Tests\Unit\Playground\Crm\Resource\Http\Requests\Client\CreateRequestTest" classname="Tests.Unit.Playground.Crm.Resource.Http.Requests.Client.CreateRequestTest" assertions="1" time="0.191472"/>
      </testsuite>
      <testsuite name="Tests\Unit\Playground\Crm\Resource\Http\Requests\Client\DestroyRequestTest" file="/app/tests/Unit/Http/Requests/Client/DestroyRequestTest.php" tests="1" assertions="1" errors="0" failures="0" skipped="0" time="0.045701">
        <testcase name="test_request_instance" file="/app/vendor/gammamatrix/playground-test/src/Unit/Http/Requests/RequestCase.php" line="42" class="Tests\Unit\Playground\Crm\Resource\Http\Requests\Client\DestroyRequestTest" classname="Tests.Unit.Playground.Crm.Resource.Http.Requests.Client.DestroyRequestTest" assertions="1" time="0.045701"/>
      </testsuite>
      <testsuite name="Tests\Unit\Playground\Crm\Resource\Http\Requests\Client\EditRequestTest" file="/app/tests/Unit/Http/Requests/Client/EditRequestTest.php" tests="1" assertions="1" errors="0" failures="0" skipped="0" time="0.043513">
        <testcase name="test_request_instance" file="/app/vendor/gammamatrix/playground-test/src/Unit/Http/Requests/RequestCase.php" line="42" class="Tests\Unit\Playground\Crm\Resource\Http\Requests\Client\EditRequestTest" classname="Tests.Unit.Playground.Crm.Resource.Http.Requests.Client.EditRequestTest" assertions="1" time="0.043513"/>
      </testsuite>
      <testsuite name="Tests\Unit\Playground\Crm\Resource\Http\Requests\Client\IndexRequestTest" file="/app/tests/Unit/Http/Requests/Client/IndexRequestTest.php" tests="1" assertions="1" errors="0" failures="0" skipped="0" time="0.045997">
        <testcase name="test_request_instance" file="/app/vendor/gammamatrix/playground-test/src/Unit/Http/Requests/RequestCase.php" line="42" class="Tests\Unit\Playground\Crm\Resource\Http\Requests\Client\IndexRequestTest" classname="Tests.Unit.Playground.Crm.Resource.Http.Requests.Client.IndexRequestTest" assertions="1" time="0.045997"/>
      </testsuite>
      <testsuite name="Tests\Unit\Playground\Crm\Resource\Http\Requests\Client\LockRequestTest" file="/app/tests/Unit/Http/Requests/Client/LockRequestTest.php" tests="1" assertions="1" errors="0" failures="0" skipped="0" time="0.046243">
        <testcase name="test_request_instance" file="/app/vendor/gammamatrix/playground-test/src/Unit/Http/Requests/RequestCase.php" line="42" class="Tests\Unit\Playground\Crm\Resource\Http\Requests\Client\LockRequestTest" classname="Tests.Unit.Playground.Crm.Resource.Http.Requests.Client.LockRequestTest" assertions="1" time="0.046243"/>
      </testsuite>
      <testsuite name="Tests\Unit\Playground\Crm\Resource\Http\Requests\Client\RestoreRequestTest" file="/app/tests/Unit/Http/Requests/Client/RestoreRequestTest.php" tests="1" assertions="1" errors="0" failures="0" skipped="0" time="0.043776">
        <testcase name="test_request_instance" file="/app/vendor/gammamatrix/playground-test/src/Unit/Http/Requests/RequestCase.php" line="42" class="Tests\Unit\Playground\Crm\Resource\Http\Requests\Client\RestoreRequestTest" classname="Tests.Unit.Playground.Crm.Resource.Http.Requests.Client.RestoreRequestTest" assertions="1" time="0.043776"/>
      </testsuite>
      <testsuite name="Tests\Unit\Playground\Crm\Resource\Http\Requests\Client\ShowRequestTest" file="/app/tests/Unit/Http/Requests/Client/ShowRequestTest.php" tests="1" assertions="1" errors="0" failures="0" skipped="0" time="0.043411">
        <testcase name="test_request_instance" file="/app/vendor/gammamatrix/playground-test/src/Unit/Http/Requests/RequestCase.php" line="42" class="Tests\Unit\Playground\Crm\Resource\Http\Requests\Client\ShowRequestTest" classname="Tests.Unit.Playground.Crm.Resource.Http.Requests.Client.ShowRequestTest" assertions="1" time="0.043411"/>
      </testsuite>
      <testsuite name="Tests\Unit\Playground\Crm\Resource\Http\Requests\Client\StoreRequestTest" file="/app/tests/Unit/Http/Requests/Client/StoreRequestTest.php" tests="1" assertions="1" errors="0" failures="0" skipped="0" time="0.044469">
        <testcase name="test_request_instance" file="/app/vendor/gammamatrix/playground-test/src/Unit/Http/Requests/RequestCase.php" line="42" class="Tests\Unit\Playground\Crm\Resource\Http\Requests\Client\StoreRequestTest" classname="Tests.Unit.Playground.Crm.Resource.Http.Requests.Client.StoreRequestTest" assertions="1" time="0.044469"/>
      </testsuite>
      <testsuite name="Tests\Unit\Playground\Crm\Resource\Http\Requests\Client\UnlockRequestTest" file="/app/tests/Unit/Http/Requests/Client/UnlockRequestTest.php" tests="1" assertions="1" errors="0" failures="0" skipped="0" time="0.042482">
        <testcase name="test_request_instance" file="/app/vendor/gammamatrix/playground-test/src/Unit/Http/Requests/RequestCase.php" line="42" class="Tests\Unit\Playground\Crm\Resource\Http\Requests\Client\UnlockRequestTest" classname="Tests.Unit.Playground.Crm.Resource.Http.Requests.Client.UnlockRequestTest" assertions="1" time="0.042482"/>
      </testsuite>
      <testsuite name="Tests\Unit\Playground\Crm\Resource\Http\Requests\Client\UpdateRequestTest" file="/app/tests/Unit/Http/Requests/Client/UpdateRequestTest.php" tests="1" assertions="1" errors="0" failures="0" skipped="0" time="0.042634">
        <testcase name="test_request_instance" file="/app/vendor/gammamatrix/playground-test/src/Unit/Http/Requests/RequestCase.php" line="42" class="Tests\Unit\Playground\Crm\Resource\Http\Requests\Client\UpdateRequestTest" classname="Tests.Unit.Playground.Crm.Resource.Http.Requests.Client.UpdateRequestTest" assertions="1" time="0.042634"/>
      </testsuite>
      <testsuite name="Tests\Unit\Playground\Crm\Resource\Http\Requests\Contact\CreateRequestTest" file="/app/tests/Unit/Http/Requests/Contact/CreateRequestTest.php" tests="1" assertions="1" errors="0" failures="0" skipped="0" time="0.041579">
        <testcase name="test_request_instance" file="/app/vendor/gammamatrix/playground-test/src/Unit/Http/Requests/RequestCase.php" line="42" class="Tests\Unit\Playground\Crm\Resource\Http\Requests\Contact\CreateRequestTest" classname="Tests.Unit.Playground.Crm.Resource.Http.Requests.Contact.CreateRequestTest" assertions="1" time="0.041579"/>
      </testsuite>
      <testsuite name="Tests\Unit\Playground\Crm\Resource\Http\Requests\Contact\DestroyRequestTest" file="/app/tests/Unit/Http/Requests/Contact/DestroyRequestTest.php" tests="1" assertions="1" errors="0" failures="0" skipped="0" time="0.043048">
        <testcase name="test_request_instance" file="/app/vendor/gammamatrix/playground-test/src/Unit/Http/Requests/RequestCase.php" line="42" class="Tests\Unit\Playground\Crm\Resource\Http\Requests\Contact\DestroyRequestTest" classname="Tests.Unit.Playground.Crm.Resource.Http.Requests.Contact.DestroyRequestTest" assertions="1" time="0.043048"/>
      </testsuite>
      <testsuite name="Tests\Unit\Playground\Crm\Resource\Http\Requests\Contact\EditRequestTest" file="/app/tests/Unit/Http/Requests/Contact/EditRequestTest.php" tests="1" assertions="1" errors="0" failures="0" skipped="0" time="0.042033">
        <testcase name="test_request_instance" file="/app/vendor/gammamatrix/playground-test/src/Unit/Http/Requests/RequestCase.php" line="42" class="Tests\Unit\Playground\Crm\Resource\Http\Requests\Contact\EditRequestTest" classname="Tests.Unit.Playground.Crm.Resource.Http.Requests.Contact.EditRequestTest" assertions="1" time="0.042033"/>
      </testsuite>
      <testsuite name="Tests\Unit\Playground\Crm\Resource\Http\Requests\Contact\IndexRequestTest" file="/app/tests/Unit/Http/Requests/Contact/IndexRequestTest.php" tests="1" assertions="1" errors="0" failures="0" skipped="0" time="0.042714">
        <testcase name="test_request_instance" file="/app/vendor/gammamatrix/playground-test/src/Unit/Http/Requests/RequestCase.php" line="42" class="Tests\Unit\Playground\Crm\Resource\Http\Requests\Contact\IndexRequestTest" classname="Tests.Unit.Playground.Crm.Resource.Http.Requests.Contact.IndexRequestTest" assertions="1" time="0.042714"/>
      </testsuite>
      <testsuite name="Tests\Unit\Playground\Crm\Resource\Http\Requests\Contact\LockRequestTest" file="/app/tests/Unit/Http/Requests/Contact/LockRequestTest.php" tests="1" assertions="1" errors="0" failures="0" skipped="0" time="0.041460">
        <testcase name="test_request_instance" file="/app/vendor/gammamatrix/playground-test/src/Unit/Http/Requests/RequestCase.php" line="42" class="Tests\Unit\Playground\Crm\Resource\Http\Requests\Contact\LockRequestTest" classname="Tests.Unit.Playground.Crm.Resource.Http.Requests.Contact.LockRequestTest" assertions="1" time="0.041460"/>
      </testsuite>
      <testsuite name="Tests\Unit\Playground\Crm\Resource\Http\Requests\Contact\RestoreRequestTest" file="/app/tests/Unit/Http/Requests/Contact/RestoreRequestTest.php" tests="1" assertions="1" errors="0" failures="0" skipped="0" time="0.042718">
        <testcase name="test_request_instance" file="/app/vendor/gammamatrix/playground-test/src/Unit/Http/Requests/RequestCase.php" line="42" class="Tests\Unit\Playground\Crm\Resource\Http\Requests\Contact\RestoreRequestTest" classname="Tests.Unit.Playground.Crm.Resource.Http.Requests.Contact.RestoreRequestTest" assertions="1" time="0.042718"/>
      </testsuite>
      <testsuite name="Tests\Unit\Playground\Crm\Resource\Http\Requests\Contact\ShowRequestTest" file="/app/tests/Unit/Http/Requests/Contact/ShowRequestTest.php" tests="1" assertions="1" errors="0" failures="0" skipped="0" time="0.042806">
        <testcase name="test_request_instance" file="/app/vendor/gammamatrix/playground-test/src/Unit/Http/Requests/RequestCase.php" line="42" class="Tests\Unit\Playground\Crm\Resource\Http\Requests\Contact\ShowRequestTest" classname="Tests.Unit.Playground.Crm.Resource.Http.Requests.Contact.ShowRequestTest" assertions="1" time="0.042806"/>
      </testsuite>
      <testsuite name="Tests\Unit\Playground\Crm\Resource\Http\Requests\Contact\StoreRequestTest" file="/app/tests/Unit/Http/Requests/Contact/StoreRequestTest.php" tests="1" assertions="1" errors="0" failures="0" skipped="0" time="0.041740">
        <testcase name="test_request_instance" file="/app/vendor/gammamatrix/playground-test/src/Unit/Http/Requests/RequestCase.php" line="42" class="Tests\Unit\Playground\Crm\Resource\Http\Requests\Contact\StoreRequestTest" classname="Tests.Unit.Playground.Crm.Resource.Http.Requests.Contact.StoreRequestTest" assertions="1" time="0.041740"/>
      </testsuite>
      <testsuite name="Tests\Unit\Playground\Crm\Resource\Http\Requests\Contact\UnlockRequestTest" file="/app/tests/Unit/Http/Requests/Contact/UnlockRequestTest.php" tests="1" assertions="1" errors="0" failures="0" skipped="0" time="0.041646">
        <testcase name="test_request_instance" file="/app/vendor/gammamatrix/playground-test/src/Unit/Http/Requests/RequestCase.php" line="42" class="Tests\Unit\Playground\Crm\Resource\Http\Requests\Contact\UnlockRequestTest" classname="Tests.Unit.Playground.Crm.Resource.Http.Requests.Contact.UnlockRequestTest" assertions="1" time="0.041646"/>
      </testsuite>
      <testsuite name="Tests\Unit\Playground\Crm\Resource\Http\Requests\Contact\UpdateRequestTest" file="/app/tests/Unit/Http/Requests/Contact/UpdateRequestTest.php" tests="1" assertions="1" errors="0" failures="0" skipped="0" time="0.041522">
        <testcase name="test_request_instance" file="/app/vendor/gammamatrix/playground-test/src/Unit/Http/Requests/RequestCase.php" line="42" class="Tests\Unit\Playground\Crm\Resource\Http\Requests\Contact\UpdateRequestTest" classname="Tests.Unit.Playground.Crm.Resource.Http.Requests.Contact.UpdateRequestTest" assertions="1" time="0.041522"/>
      </testsuite>
      <testsuite name="Tests\Unit\Playground\Crm\Resource\Http\Requests\FormRequest\InstanceTest" file="/app/tests/Unit/Http/Requests/FormRequest/InstanceTest.php" tests="5" assertions="6" errors="0" failures="0" skipped="0" time="0.232439">
        <testcase name="test_form_request_authorize_without_user" file="/app/tests/Unit/Http/Requests/FormRequest/InstanceTest.php" line="23" class="Tests\Unit\Playground\Crm\Resource\Http\Requests\FormRequest\InstanceTest" classname="Tests.Unit.Playground.Crm.Resource.Http.Requests.FormRequest.InstanceTest" assertions="1" time="0.041021"/>
        <testcase name="test_rules_is_empty_by_default" file="/app/tests/Unit/Http/Requests/FormRequest/InstanceTest.php" line="30" class="Tests\Unit\Playground\Crm\Resource\Http\Requests\FormRequest\InstanceTest" classname="Tests.Unit.Playground.Crm.Resource.Http.Requests.FormRequest.InstanceTest" assertions="2" time="0.041285"/>
        <testcase name="test_user_has_admin_privileges_without_user" file="/app/tests/Unit/Http/Requests/FormRequest/InstanceTest.php" line="38" class="Tests\Unit\Playground\Crm\Resource\Http\Requests\FormRequest\InstanceTest" classname="Tests.Unit.Playground.Crm.Resource.Http.Requests.FormRequest.InstanceTest" assertions="1" time="0.040795"/>
        <testcase name="test_user_has_admin_privileges_with_admin" file="/app/tests/Unit/Http/Requests/FormRequest/InstanceTest.php" line="45" class="Tests\Unit\Playground\Crm\Resource\Http\Requests\FormRequest\InstanceTest" classname="Tests.Unit.Playground.Crm.Resource.Http.Requests.FormRequest.InstanceTest" assertions="1" time="0.062420"/>
        <testcase name="test_user_has_admin_privileges_with_default_laravel_user" file="/app/tests/Unit/Http/Requests/FormRequest/InstanceTest.php" line="57" class="Tests\Unit\Playground\Crm\Resource\Http\Requests\FormRequest\InstanceTest" classname="Tests.Unit.Playground.Crm.Resource.Http.Requests.FormRequest.InstanceTest" assertions="1" time="0.046918"/>
      </testsuite>
      <testsuite name="Tests\Unit\Playground\Crm\Resource\Http\Requests\Location\CreateRequestTest" file="/app/tests/Unit/Http/Requests/Location/CreateRequestTest.php" tests="1" assertions="1" errors="0" failures="0" skipped="0" time="0.040516">
        <testcase name="test_request_instance" file="/app/vendor/gammamatrix/playground-test/src/Unit/Http/Requests/RequestCase.php" line="42" class="Tests\Unit\Playground\Crm\Resource\Http\Requests\Location\CreateRequestTest" classname="Tests.Unit.Playground.Crm.Resource.Http.Requests.Location.CreateRequestTest" assertions="1" time="0.040516"/>
      </testsuite>
      <testsuite name="Tests\Unit\Playground\Crm\Resource\Http\Requests\Location\DestroyRequestTest" file="/app/tests/Unit/Http/Requests/Location/DestroyRequestTest.php" tests="1" assertions="1" errors="0" failures="0" skipped="0" time="0.040326">
        <testcase name="test_request_instance" file="/app/vendor/gammamatrix/playground-test/src/Unit/Http/Requests/RequestCase.php" line="42" class="Tests\Unit\Playground\Crm\Resource\Http\Requests\Location\DestroyRequestTest" classname="Tests.Unit.Playground.Crm.Resource.Http.Requests.Location.DestroyRequestTest" assertions="1" time="0.040326"/>
      </testsuite>
      <testsuite name="Tests\Unit\Playground\Crm\Resource\Http\Requests\Location\EditRequestTest" file="/app/tests/Unit/Http/Requests/Location/EditRequestTest.php" tests="1" assertions="1" errors="0" failures="0" skipped="0" time="0.040668">
        <testcase name="test_request_instance" file="/app/vendor/gammamatrix/playground-test/src/Unit/Http/Requests/RequestCase.php" line="42" class="Tests\Unit\Playground\Crm\Resource\Http\Requests\Location\EditRequestTest" classname="Tests.Unit.Playground.Crm.Resource.Http.Requests.Location.EditRequestTest" assertions="1" time="0.040668"/>
      </testsuite>
      <testsuite name="Tests\Unit\Playground\Crm\Resource\Http\Requests\Location\IndexRequestTest" file="/app/tests/Unit/Http/Requests/Location/IndexRequestTest.php" tests="1" assertions="1" errors="0" failures="0" skipped="0" time="0.042184">
        <testcase name="test_request_instance" file="/app/vendor/gammamatrix/playground-test/src/Unit/Http/Requests/RequestCase.php" line="42" class="Tests\Unit\Playground\Crm\Resource\Http\Requests\Location\IndexRequestTest" classname="Tests.Unit.Playground.Crm.Resource.Http.Requests.Location.IndexRequestTest" assertions="1" time="0.042184"/>
      </testsuite>
      <testsuite name="Tests\Unit\Playground\Crm\Resource\Http\Requests\Location\LockRequestTest" file="/app/tests/Unit/Http/Requests/Location/LockRequestTest.php" tests="1" assertions="1" errors="0" failures="0" skipped="0" time="0.042200">
        <testcase name="test_request_instance" file="/app/vendor/gammamatrix/playground-test/src/Unit/Http/Requests/RequestCase.php" line="42" class="Tests\Unit\Playground\Crm\Resource\Http\Requests\Location\LockRequestTest" classname="Tests.Unit.Playground.Crm.Resource.Http.Requests.Location.LockRequestTest" assertions="1" time="0.042200"/>
      </testsuite>
      <testsuite name="Tests\Unit\Playground\Crm\Resource\Http\Requests\Location\RestoreRequestTest" file="/app/tests/Unit/Http/Requests/Location/RestoreRequestTest.php" tests="1" assertions="1" errors="0" failures="0" skipped="0" time="0.043167">
        <testcase name="test_request_instance" file="/app/vendor/gammamatrix/playground-test/src/Unit/Http/Requests/RequestCase.php" line="42" class="Tests\Unit\Playground\Crm\Resource\Http\Requests\Location\RestoreRequestTest" classname="Tests.Unit.Playground.Crm.Resource.Http.Requests.Location.RestoreRequestTest" assertions="1" time="0.043167"/>
      </testsuite>
      <testsuite name="Tests\Unit\Playground\Crm\Resource\Http\Requests\Location\ShowRequestTest" file="/app/tests/Unit/Http/Requests/Location/ShowRequestTest.php" tests="1" assertions="1" errors="0" failures="0" skipped="0" time="0.042881">
        <testcase name="test_request_instance" file="/app/vendor/gammamatrix/playground-test/src/Unit/Http/Requests/RequestCase.php" line="42" class="Tests\Unit\Playground\Crm\Resource\Http\Requests\Location\ShowRequestTest" classname="Tests.Unit.Playground.Crm.Resource.Http.Requests.Location.ShowRequestTest" assertions="1" time="0.042881"/>
      </testsuite>
      <testsuite name="Tests\Unit\Playground\Crm\Resource\Http\Requests\Location\StoreRequestTest" file="/app/tests/Unit/Http/Requests/Location/StoreRequestTest.php" tests="1" assertions="1" errors="0" failures="0" skipped="0" time="0.041281">
        <testcase name="test_request_instance" file="/app/vendor/gammamatrix/playground-test/src/Unit/Http/Requests/RequestCase.php" line="42" class="Tests\Unit\Playground\Crm\Resource\Http\Requests\Location\StoreRequestTest" classname="Tests.Unit.Playground.Crm.Resource.Http.Requests.Location.StoreRequestTest" assertions="1" time="0.041281"/>
      </testsuite>
      <testsuite name="Tests\Unit\Playground\Crm\Resource\Http\Requests\Location\UnlockRequestTest" file="/app/tests/Unit/Http/Requests/Location/UnlockRequestTest.php" tests="1" assertions="1" errors="0" failures="0" skipped="0" time="0.040985">
        <testcase name="test_request_instance" file="/app/vendor/gammamatrix/playground-test/src/Unit/Http/Requests/RequestCase.php" line="42" class="Tests\Unit\Playground\Crm\Resource\Http\Requests\Location\UnlockRequestTest" classname="Tests.Unit.Playground.Crm.Resource.Http.Requests.Location.UnlockRequestTest" assertions="1" time="0.040985"/>
      </testsuite>
      <testsuite name="Tests\Unit\Playground\Crm\Resource\Http\Requests\Location\UpdateRequestTest" file="/app/tests/Unit/Http/Requests/Location/UpdateRequestTest.php" tests="1" assertions="1" errors="0" failures="0" skipped="0" time="0.041170">
        <testcase name="test_request_instance" file="/app/vendor/gammamatrix/playground-test/src/Unit/Http/Requests/RequestCase.php" line="42" class="Tests\Unit\Playground\Crm\Resource\Http\Requests\Location\UpdateRequestTest" classname="Tests.Unit.Playground.Crm.Resource.Http.Requests.Location.UpdateRequestTest" assertions="1" time="0.041170"/>
      </testsuite>
      <testsuite name="Tests\Unit\Playground\Crm\Resource\Http\Requests\Organization\CreateRequestTest" file="/app/tests/Unit/Http/Requests/Organization/CreateRequestTest.php" tests="1" assertions="1" errors="0" failures="0" skipped="0" time="0.041038">
        <testcase name="test_request_instance" file="/app/vendor/gammamatrix/playground-test/src/Unit/Http/Requests/RequestCase.php" line="42" class="Tests\Unit\Playground\Crm\Resource\Http\Requests\Organization\CreateRequestTest" classname="Tests.Unit.Playground.Crm.Resource.Http.Requests.Organization.CreateRequestTest" assertions="1" time="0.041038"/>
      </testsuite>
      <testsuite name="Tests\Unit\Playground\Crm\Resource\Http\Requests\Organization\DestroyRequestTest" file="/app/tests/Unit/Http/Requests/Organization/DestroyRequestTest.php" tests="1" assertions="1" errors="0" failures="0" skipped="0" time="0.040751">
        <testcase name="test_request_instance" file="/app/vendor/gammamatrix/playground-test/src/Unit/Http/Requests/RequestCase.php" line="42" class="Tests\Unit\Playground\Crm\Resource\Http\Requests\Organization\DestroyRequestTest" classname="Tests.Unit.Playground.Crm.Resource.Http.Requests.Organization.DestroyRequestTest" assertions="1" time="0.040751"/>
      </testsuite>
      <testsuite name="Tests\Unit\Playground\Crm\Resource\Http\Requests\Organization\EditRequestTest" file="/app/tests/Unit/Http/Requests/Organization/EditRequestTest.php" tests="1" assertions="1" errors="0" failures="0" skipped="0" time="0.040518">
        <testcase name="test_request_instance" file="/app/vendor/gammamatrix/playground-test/src/Unit/Http/Requests/RequestCase.php" line="42" class="Tests\Unit\Playground\Crm\Resource\Http\Requests\Organization\EditRequestTest" classname="Tests.Unit.Playground.Crm.Resource.Http.Requests.Organization.EditRequestTest" assertions="1" time="0.040518"/>
      </testsuite>
      <testsuite name="Tests\Unit\Playground\Crm\Resource\Http\Requests\Organization\IndexRequestTest" file="/app/tests/Unit/Http/Requests/Organization/IndexRequestTest.php" tests="1" assertions="1" errors="0" failures="0" skipped="0" time="0.040619">
        <testcase name="test_request_instance" file="/app/vendor/gammamatrix/playground-test/src/Unit/Http/Requests/RequestCase.php" line="42" class="Tests\Unit\Playground\Crm\Resource\Http\Requests\Organization\IndexRequestTest" classname="Tests.Unit.Playground.Crm.Resource.Http.Requests.Organization.IndexRequestTest" assertions="1" time="0.040619"/>
      </testsuite>
      <testsuite name="Tests\Unit\Playground\Crm\Resource\Http\Requests\Organization\LockRequestTest" file="/app/tests/Unit/Http/Requests/Organization/LockRequestTest.php" tests="1" assertions="1" errors="0" failures="0" skipped="0" time="0.040311">
        <testcase name="test_request_instance" file="/app/vendor/gammamatrix/playground-test/src/Unit/Http/Requests/RequestCase.php" line="42" class="Tests\Unit\Playground\Crm\Resource\Http\Requests\Organization\LockRequestTest" classname="Tests.Unit.Playground.Crm.Resource.Http.Requests.Organization.LockRequestTest" assertions="1" time="0.040311"/>
      </testsuite>
      <testsuite name="Tests\Unit\Playground\Crm\Resource\Http\Requests\Organization\RestoreRequestTest" file="/app/tests/Unit/Http/Requests/Organization/RestoreRequestTest.php" tests="1" assertions="1" errors="0" failures="0" skipped="0" time="0.039926">
        <testcase name="test_request_instance" file="/app/vendor/gammamatrix/playground-test/src/Unit/Http/Requests/RequestCase.php" line="42" class="Tests\Unit\Playground\Crm\Resource\Http\Requests\Organization\RestoreRequestTest" classname="Tests.Unit.Playground.Crm.Resource.Http.Requests.Organization.RestoreRequestTest" assertions="1" time="0.039926"/>
      </testsuite>
      <testsuite name="Tests\Unit\Playground\Crm\Resource\Http\Requests\Organization\ShowRequestTest" file="/app/tests/Unit/Http/Requests/Organization/ShowRequestTest.php" tests="1" assertions="1" errors="0" failures="0" skipped="0" time="0.041806">
        <testcase name="test_request_instance" file="/app/vendor/gammamatrix/playground-test/src/Unit/Http/Requests/RequestCase.php" line="42" class="Tests\Unit\Playground\Crm\Resource\Http\Requests\Organization\ShowRequestTest" classname="Tests.Unit.Playground.Crm.Resource.Http.Requests.Organization.ShowRequestTest" assertions="1" time="0.041806"/>
      </testsuite>
      <testsuite name="Tests\Unit\Playground\Crm\Resource\Http\Requests\Organization\StoreRequestTest" file="/app/tests/Unit/Http/Requests/Organization/StoreRequestTest.php" tests="1" assertions="1" errors="0" failures="0" skipped="0" time="0.040624">
        <testcase name="test_request_instance" file="/app/vendor/gammamatrix/playground-test/src/Unit/Http/Requests/RequestCase.php" line="42" class="Tests\Unit\Playground\Crm\Resource\Http\Requests\Organization\StoreRequestTest" classname="Tests.Unit.Playground.Crm.Resource.Http.Requests.Organization.StoreRequestTest" assertions="1" time="0.040624"/>
      </testsuite>
      <testsuite name="Tests\Unit\Playground\Crm\Resource\Http\Requests\Organization\UnlockRequestTest" file="/app/tests/Unit/Http/Requests/Organization/UnlockRequestTest.php" tests="1" assertions="1" errors="0" failures="0" skipped="0" time="0.039927">
        <testcase name="test_request_instance" file="/app/vendor/gammamatrix/playground-test/src/Unit/Http/Requests/RequestCase.php" line="42" class="Tests\Unit\Playground\Crm\Resource\Http\Requests\Organization\UnlockRequestTest" classname="Tests.Unit.Playground.Crm.Resource.Http.Requests.Organization.UnlockRequestTest" assertions="1" time="0.039927"/>
      </testsuite>
      <testsuite name="Tests\Unit\Playground\Crm\Resource\Http\Requests\Organization\UpdateRequestTest" file="/app/tests/Unit/Http/Requests/Organization/UpdateRequestTest.php" tests="1" assertions="1" errors="0" failures="0" skipped="0" time="0.040018">
        <testcase name="test_request_instance" file="/app/vendor/gammamatrix/playground-test/src/Unit/Http/Requests/RequestCase.php" line="42" class="Tests\Unit\Playground\Crm\Resource\Http\Requests\Organization\UpdateRequestTest" classname="Tests.Unit.Playground.Crm.Resource.Http.Requests.Organization.UpdateRequestTest" assertions="1" time="0.040018"/>
      </testsuite>
      <testsuite name="Tests\Unit\Playground\Crm\Resource\Http\Requests\People\CreateRequestTest" file="/app/tests/Unit/Http/Requests/People/CreateRequestTest.php" tests="1" assertions="1" errors="0" failures="0" skipped="0" time="0.040486">
        <testcase name="test_request_instance" file="/app/vendor/gammamatrix/playground-test/src/Unit/Http/Requests/RequestCase.php" line="42" class="Tests\Unit\Playground\Crm\Resource\Http\Requests\People\CreateRequestTest" classname="Tests.Unit.Playground.Crm.Resource.Http.Requests.People.CreateRequestTest" assertions="1" time="0.040486"/>
      </testsuite>
      <testsuite name="Tests\Unit\Playground\Crm\Resource\Http\Requests\People\DestroyRequestTest" file="/app/tests/Unit/Http/Requests/People/DestroyRequestTest.php" tests="1" assertions="1" errors="0" failures="0" skipped="0" time="0.041261">
        <testcase name="test_request_instance" file="/app/vendor/gammamatrix/playground-test/src/Unit/Http/Requests/RequestCase.php" line="42" class="Tests\Unit\Playground\Crm\Resource\Http\Requests\People\DestroyRequestTest" classname="Tests.Unit.Playground.Crm.Resource.Http.Requests.People.DestroyRequestTest" assertions="1" time="0.041261"/>
      </testsuite>
      <testsuite name="Tests\Unit\Playground\Crm\Resource\Http\Requests\People\EditRequestTest" file="/app/tests/Unit/Http/Requests/People/EditRequestTest.php" tests="1" assertions="1" errors="0" failures="0" skipped="0" time="0.040861">
        <testcase name="test_request_instance" file="/app/vendor/gammamatrix/playground-test/src/Unit/Http/Requests/RequestCase.php" line="42" class="Tests\Unit\Playground\Crm\Resource\Http\Requests\People\EditRequestTest" classname="Tests.Unit.Playground.Crm.Resource.Http.Requests.People.EditRequestTest" assertions="1" time="0.040861"/>
      </testsuite>
      <testsuite name="Tests\Unit\Playground\Crm\Resource\Http\Requests\People\IndexRequestTest" file="/app/tests/Unit/Http/Requests/People/IndexRequestTest.php" tests="1" assertions="1" errors="0" failures="0" skipped="0" time="0.040492">
        <testcase name="test_request_instance" file="/app/vendor/gammamatrix/playground-test/src/Unit/Http/Requests/RequestCase.php" line="42" class="Tests\Unit\Playground\Crm\Resource\Http\Requests\People\IndexRequestTest" classname="Tests.Unit.Playground.Crm.Resource.Http.Requests.People.IndexRequestTest" assertions="1" time="0.040492"/>
      </testsuite>
      <testsuite name="Tests\Unit\Playground\Crm\Resource\Http\Requests\People\LockRequestTest" file="/app/tests/Unit/Http/Requests/People/LockRequestTest.php" tests="1" assertions="1" errors="0" failures="0" skipped="0" time="0.044336">
        <testcase name="test_request_instance" file="/app/vendor/gammamatrix/playground-test/src/Unit/Http/Requests/RequestCase.php" line="42" class="Tests\Unit\Playground\Crm\Resource\Http\Requests\People\LockRequestTest" classname="Tests.Unit.Playground.Crm.Resource.Http.Requests.People.LockRequestTest" assertions="1" time="0.044336"/>
      </testsuite>
      <testsuite name="Tests\Unit\Playground\Crm\Resource\Http\Requests\People\RestoreRequestTest" file="/app/tests/Unit/Http/Requests/People/RestoreRequestTest.php" tests="1" assertions="1" errors="0" failures="0" skipped="0" time="0.040709">
        <testcase name="test_request_instance" file="/app/vendor/gammamatrix/playground-test/src/Unit/Http/Requests/RequestCase.php" line="42" class="Tests\Unit\Playground\Crm\Resource\Http\Requests\People\RestoreRequestTest" classname="Tests.Unit.Playground.Crm.Resource.Http.Requests.People.RestoreRequestTest" assertions="1" time="0.040709"/>
      </testsuite>
      <testsuite name="Tests\Unit\Playground\Crm\Resource\Http\Requests\People\ShowRequestTest" file="/app/tests/Unit/Http/Requests/People/ShowRequestTest.php" tests="1" assertions="1" errors="0" failures="0" skipped="0" time="0.040189">
        <testcase name="test_request_instance" file="/app/vendor/gammamatrix/playground-test/src/Unit/Http/Requests/RequestCase.php" line="42" class="Tests\Unit\Playground\Crm\Resource\Http\Requests\People\ShowRequestTest" classname="Tests.Unit.Playground.Crm.Resource.Http.Requests.People.ShowRequestTest" assertions="1" time="0.040189"/>
      </testsuite>
      <testsuite name="Tests\Unit\Playground\Crm\Resource\Http\Requests\People\StoreRequestTest" file="/app/tests/Unit/Http/Requests/People/StoreRequestTest.php" tests="1" assertions="1" errors="0" failures="0" skipped="0" time="0.044546">
        <testcase name="test_request_instance" file="/app/vendor/gammamatrix/playground-test/src/Unit/Http/Requests/RequestCase.php" line="42" class="Tests\Unit\Playground\Crm\Resource\Http\Requests\People\StoreRequestTest" classname="Tests.Unit.Playground.Crm.Resource.Http.Requests.People.StoreRequestTest" assertions="1" time="0.044546"/>
      </testsuite>
      <testsuite name="Tests\Unit\Playground\Crm\Resource\Http\Requests\People\UnlockRequestTest" file="/app/tests/Unit/Http/Requests/People/UnlockRequestTest.php" tests="1" assertions="1" errors="0" failures="0" skipped="0" time="0.043746">
        <testcase name="test_request_instance" file="/app/vendor/gammamatrix/playground-test/src/Unit/Http/Requests/RequestCase.php" line="42" class="Tests\Unit\Playground\Crm\Resource\Http\Requests\People\UnlockRequestTest" classname="Tests.Unit.Playground.Crm.Resource.Http.Requests.People.UnlockRequestTest" assertions="1" time="0.043746"/>
      </testsuite>
      <testsuite name="Tests\Unit\Playground\Crm\Resource\Http\Requests\People\UpdateRequestTest" file="/app/tests/Unit/Http/Requests/People/UpdateRequestTest.php" tests="1" assertions="1" errors="0" failures="0" skipped="0" time="0.042653">
        <testcase name="test_request_instance" file="/app/vendor/gammamatrix/playground-test/src/Unit/Http/Requests/RequestCase.php" line="42" class="Tests\Unit\Playground\Crm\Resource\Http\Requests\People\UpdateRequestTest" classname="Tests.Unit.Playground.Crm.Resource.Http.Requests.People.UpdateRequestTest" assertions="1" time="0.042653"/>
      </testsuite>
      <testsuite name="Tests\Unit\Playground\Crm\Resource\Policies\ClientPolicy\PolicyTest" file="/app/tests/Unit/Policies/ClientPolicy/PolicyTest.php" tests="1" assertions="1" errors="0" failures="0" skipped="0" time="0.042290">
        <testcase name="test_policy_instance" file="/app/tests/Unit/Policies/ClientPolicy/PolicyTest.php" line="21" class="Tests\Unit\Playground\Crm\Resource\Policies\ClientPolicy\PolicyTest" classname="Tests.Unit.Playground.Crm.Resource.Policies.ClientPolicy.PolicyTest" assertions="1" time="0.042290"/>
      </testsuite>
      <testsuite name="Tests\Unit\Playground\Crm\Resource\Policies\ContactPolicy\PolicyTest" file="/app/tests/Unit/Policies/ContactPolicy/PolicyTest.php" tests="1" assertions="1" errors="0" failures="0" skipped="0" time="0.042022">
        <testcase name="test_policy_instance" file="/app/tests/Unit/Policies/ContactPolicy/PolicyTest.php" line="21" class="Tests\Unit\Playground\Crm\Resource\Policies\ContactPolicy\PolicyTest" classname="Tests.Unit.Playground.Crm.Resource.Policies.ContactPolicy.PolicyTest" assertions="1" time="0.042022"/>
      </testsuite>
      <testsuite name="Tests\Unit\Playground\Crm\Resource\Policies\LocationPolicy\PolicyTest" file="/app/tests/Unit/Policies/LocationPolicy/PolicyTest.php" tests="1" assertions="1" errors="0" failures="0" skipped="0" time="0.040883">
        <testcase name="test_policy_instance" file="/app/tests/Unit/Policies/LocationPolicy/PolicyTest.php" line="21" class="Tests\Unit\Playground\Crm\Resource\Policies\LocationPolicy\PolicyTest" classname="Tests.Unit.Playground.Crm.Resource.Policies.LocationPolicy.PolicyTest" assertions="1" time="0.040883"/>
      </testsuite>
      <testsuite name="Tests\Unit\Playground\Crm\Resource\Policies\OrganizationPolicy\PolicyTest" file="/app/tests/Unit/Policies/OrganizationPolicy/PolicyTest.php" tests="1" assertions="1" errors="0" failures="0" skipped="0" time="0.040536">
        <testcase name="test_policy_instance" file="/app/tests/Unit/Policies/OrganizationPolicy/PolicyTest.php" line="21" class="Tests\Unit\Playground\Crm\Resource\Policies\OrganizationPolicy\PolicyTest" classname="Tests.Unit.Playground.Crm.Resource.Policies.OrganizationPolicy.PolicyTest" assertions="1" time="0.040536"/>
      </testsuite>
      <testsuite name="Tests\Unit\Playground\Crm\Resource\Policies\PeoplePolicy\PolicyTest" file="/app/tests/Unit/Policies/PeoplePolicy/PolicyTest.php" tests="1" assertions="1" errors="0" failures="0" skipped="0" time="0.040257">
        <testcase name="test_policy_instance" file="/app/tests/Unit/Policies/PeoplePolicy/PolicyTest.php" line="21" class="Tests\Unit\Playground\Crm\Resource\Policies\PeoplePolicy\PolicyTest" classname="Tests.Unit.Playground.Crm.Resource.Policies.PeoplePolicy.PolicyTest" assertions="1" time="0.040257"/>
      </testsuite>
      <testsuite name="Tests\Unit\Playground\Crm\Resource\ServiceProvider\InstanceTest" file="/app/tests/Unit/ServiceProvider/InstanceTest.php" tests="4" assertions="8" errors="0" failures="0" skipped="0" time="0.167044">
        <testcase name="test_version_matches" file="/app/tests/Unit/ServiceProvider/InstanceTest.php" line="22" class="Tests\Unit\Playground\Crm\Resource\ServiceProvider\InstanceTest" classname="Tests.Unit.Playground.Crm.Resource.ServiceProvider.InstanceTest" assertions="3" time="0.040060"/>
        <testcase name="test_set_policies_with_empty_array" file="/app/tests/Unit/ServiceProvider/InstanceTest.php" line="32" class="Tests\Unit\Playground\Crm\Resource\ServiceProvider\InstanceTest" classname="Tests.Unit.Playground.Crm.Resource.ServiceProvider.InstanceTest" assertions="1" time="0.040606"/>
        <testcase name="test_set_policies_with_invalid_model" file="/app/tests/Unit/ServiceProvider/InstanceTest.php" line="46" class="Tests\Unit\Playground\Crm\Resource\ServiceProvider\InstanceTest" classname="Tests.Unit.Playground.Crm.Resource.ServiceProvider.InstanceTest" assertions="2" time="0.044333"/>
        <testcase name="test_set_policies_with_invalid_policy" file="/app/tests/Unit/ServiceProvider/InstanceTest.php" line="77" class="Tests\Unit\Playground\Crm\Resource\ServiceProvider\InstanceTest" classname="Tests.Unit.Playground.Crm.Resource.ServiceProvider.InstanceTest" assertions="2" time="0.042045"/>
      </testsuite>
    </testsuite>
    <testsuite name="Feature" tests="369" assertions="5346" errors="0" failures="0" skipped="0" time="97.410186">
      <testsuite name="Tests\Feature\Playground\Crm\Resource\Console\Commands\About\CommandTest" file="/app/tests/Feature/Console/Commands/About/CommandTest.php" tests="1" assertions="2" errors="0" failures="0" skipped="0" time="0.511509">
        <testcase name="test_command_about_displays_package_information_and_succeed" file="/app/tests/Feature/Console/Commands/About/CommandTest.php" line="22" class="Tests\Feature\Playground\Crm\Resource\Console\Commands\About\CommandTest" classname="Tests.Feature.Playground.Crm.Resource.Console.Commands.About.CommandTest" assertions="2" time="0.511509"/>
      </testsuite>
      <testsuite name="Tests\Feature\Playground\Crm\Resource\Http\Controllers\Playground\ClientRouteTest" file="/app/tests/Feature/Http/Controllers/Playground/ClientRouteTest.php" tests="73" assertions="1068" errors="0" failures="0" skipped="0" time="19.409637">
        <testcase name="test_json_guest_cannot_get_create_info" file="/app/vendor/gammamatrix/playground-test/src/Feature/Http/Controllers/Resource/Playground/CreateJsonTrait.php" line="39" class="Tests\Feature\Playground\Crm\Resource\Http\Controllers\Playground\ClientRouteTest" classname="Tests.Feature.Playground.Crm.Resource.Http.Controllers.Playground.ClientRouteTest" assertions="1" time="0.242419"/>
        <testcase name="test_json_admin_can_get_create_info" file="/app/vendor/gammamatrix/playground-test/src/Feature/Http/Controllers/Resource/Playground/CreateJsonTrait.php" line="54" class="Tests\Feature\Playground\Crm\Resource\Http\Controllers\Playground\ClientRouteTest" classname="Tests.Feature.Playground.Crm.Resource.Http.Controllers.Playground.ClientRouteTest" assertions="94" time="0.262275"/>
        <testcase name="test_json_get_create_info_as_admin_with_invalid_parameter_and_fail_validation" file="/app/vendor/gammamatrix/playground-test/src/Feature/Http/Controllers/Resource/Playground/CreateJsonTrait.php" line="74" class="Tests\Feature\Playground\Crm\Resource\Http\Controllers\Playground\ClientRouteTest" classname="Tests.Feature.Playground.Crm.Resource.Http.Controllers.Playground.ClientRouteTest" assertions="4" time="0.236861"/>
        <testcase name="test_guest_cannot_render_create_view" file="/app/vendor/gammamatrix/playground-test/src/Feature/Http/Controllers/Resource/Playground/CreateTrait.php" line="34" class="Tests\Feature\Playground\Crm\Resource\Http\Controllers\Playground\ClientRouteTest" classname="Tests.Feature.Playground.Crm.Resource.Http.Controllers.Playground.ClientRouteTest" assertions="1" time="0.229372"/>
        <testcase name="test_admin_can_render_create_view" file="/app/vendor/gammamatrix/playground-test/src/Feature/Http/Controllers/Resource/Playground/CreateTrait.php" line="48" class="Tests\Feature\Playground\Crm\Resource\Http\Controllers\Playground\ClientRouteTest" classname="Tests.Feature.Playground.Crm.Resource.Http.Controllers.Playground.ClientRouteTest" assertions="2" time="0.311009"/>
        <testcase name="test_admin_can_render_create_view_with_return_url" file="/app/vendor/gammamatrix/playground-test/src/Feature/Http/Controllers/Resource/Playground/CreateTrait.php" line="66" class="Tests\Feature\Playground\Crm\Resource\Http\Controllers\Playground\ClientRouteTest" classname="Tests.Feature.Playground.Crm.Resource.Http.Controllers.Playground.ClientRouteTest" assertions="3" time="0.276969"/>
        <testcase name="test_create_view_as_admin_with_invalid_parameter_and_fail_validation_and_redirect" file="/app/vendor/gammamatrix/playground-test/src/Feature/Http/Controllers/Resource/Playground/CreateTrait.php" line="93" class="Tests\Feature\Playground\Crm\Resource\Http\Controllers\Playground\ClientRouteTest" classname="Tests.Feature.Playground.Crm.Resource.Http.Controllers.Playground.ClientRouteTest" assertions="5" time="0.237219"/>
        <testcase name="test_json_guest_cannot_destroy" file="/app/vendor/gammamatrix/playground-test/src/Feature/Http/Controllers/Resource/Playground/DestroyJsonTrait.php" line="32" class="Tests\Feature\Playground\Crm\Resource\Http\Controllers\Playground\ClientRouteTest" classname="Tests.Feature.Playground.Crm.Resource.Http.Controllers.Playground.ClientRouteTest" assertions="3" time="0.234425"/>
        <testcase name="test_json_destroy_as_admin_and_succeed" file="/app/vendor/gammamatrix/playground-test/src/Feature/Http/Controllers/Resource/Playground/DestroyJsonTrait.php" line="62" class="Tests\Feature\Playground\Crm\Resource\Http\Controllers\Playground\ClientRouteTest" classname="Tests.Feature.Playground.Crm.Resource.Http.Controllers.Playground.ClientRouteTest" assertions="5" time="0.244283"/>
        <testcase name="test_json_destroy_as_admin_and_succeed_with_force_delete" file="/app/vendor/gammamatrix/playground-test/src/Feature/Http/Controllers/Resource/Playground/DestroyJsonTrait.php" line="101" class="Tests\Feature\Playground\Crm\Resource\Http\Controllers\Playground\ClientRouteTest" classname="Tests.Feature.Playground.Crm.Resource.Http.Controllers.Playground.ClientRouteTest" assertions="4" time="0.242395"/>
        <testcase name="test_json_destroy_as_admin_and_succeed_with_no_content" file="/app/vendor/gammamatrix/playground-test/src/Feature/Http/Controllers/Resource/Playground/DestroyJsonTrait.php" line="133" class="Tests\Feature\Playground\Crm\Resource\Http\Controllers\Playground\ClientRouteTest" classname="Tests.Feature.Playground.Crm.Resource.Http.Controllers.Playground.ClientRouteTest" assertions="5" time="0.241611"/>
        <testcase name="test_json_destroy_as_admin_and_succeed_and_ignore_redirect" file="/app/vendor/gammamatrix/playground-test/src/Feature/Http/Controllers/Resource/Playground/DestroyJsonTrait.php" line="168" class="Tests\Feature\Playground\Crm\Resource\Http\Controllers\Playground\ClientRouteTest" classname="Tests.Feature.Playground.Crm.Resource.Http.Controllers.Playground.ClientRouteTest" assertions="5" time="0.250714"/>
        <testcase name="test_json_destroy_as_user_and_get_denied_and_no_force_delete_allowed" file="/app/vendor/gammamatrix/playground-test/src/Feature/Http/Controllers/Resource/Playground/DestroyJsonTrait.php" line="210" class="Tests\Feature\Playground\Crm\Resource\Http\Controllers\Playground\ClientRouteTest" classname="Tests.Feature.Playground.Crm.Resource.Http.Controllers.Playground.ClientRouteTest" assertions="3" time="0.246841"/>
        <testcase name="test_guest_cannot_destroy" file="/app/vendor/gammamatrix/playground-test/src/Feature/Http/Controllers/Resource/Playground/DestroyTrait.php" line="32" class="Tests\Feature\Playground\Crm\Resource\Http\Controllers\Playground\ClientRouteTest" classname="Tests.Feature.Playground.Crm.Resource.Http.Controllers.Playground.ClientRouteTest" assertions="3" time="0.233906"/>
        <testcase name="test_destroy_as_admin_and_succeed" file="/app/vendor/gammamatrix/playground-test/src/Feature/Http/Controllers/Resource/Playground/DestroyTrait.php" line="62" class="Tests\Feature\Playground\Crm\Resource\Http\Controllers\Playground\ClientRouteTest" classname="Tests.Feature.Playground.Crm.Resource.Http.Controllers.Playground.ClientRouteTest" assertions="5" time="0.244312"/>
        <testcase name="test_destroy_as_admin_and_succeed_with_force_delete" file="/app/vendor/gammamatrix/playground-test/src/Feature/Http/Controllers/Resource/Playground/DestroyTrait.php" line="98" class="Tests\Feature\Playground\Crm\Resource\Http\Controllers\Playground\ClientRouteTest" classname="Tests.Feature.Playground.Crm.Resource.Http.Controllers.Playground.ClientRouteTest" assertions="4" time="0.248081"/>
        <testcase name="test_destroy_as_admin_and_succeed_with_redirect_to_index_with_trash" file="/app/vendor/gammamatrix/playground-test/src/Feature/Http/Controllers/Resource/Playground/DestroyTrait.php" line="130" class="Tests\Feature\Playground\Crm\Resource\Http\Controllers\Playground\ClientRouteTest" classname="Tests.Feature.Playground.Crm.Resource.Http.Controllers.Playground.ClientRouteTest" assertions="5" time="0.245525"/>
        <testcase name="test_destroy_as_user_and_get_denied_and_no_force_delete_allowed" file="/app/vendor/gammamatrix/playground-test/src/Feature/Http/Controllers/Resource/Playground/DestroyTrait.php" line="172" class="Tests\Feature\Playground\Crm\Resource\Http\Controllers\Playground\ClientRouteTest" classname="Tests.Feature.Playground.Crm.Resource.Http.Controllers.Playground.ClientRouteTest" assertions="3" time="0.244738"/>
        <testcase name="test_json_guest_cannot_get_edit_info" file="/app/vendor/gammamatrix/playground-test/src/Feature/Http/Controllers/Resource/Playground/EditJsonTrait.php" line="39" class="Tests\Feature\Playground\Crm\Resource\Http\Controllers\Playground\ClientRouteTest" classname="Tests.Feature.Playground.Crm.Resource.Http.Controllers.Playground.ClientRouteTest" assertions="1" time="0.234426"/>
        <testcase name="test_json_admin_can_get_edit_info" file="/app/vendor/gammamatrix/playground-test/src/Feature/Http/Controllers/Resource/Playground/EditJsonTrait.php" line="59" class="Tests\Feature\Playground\Crm\Resource\Http\Controllers\Playground\ClientRouteTest" classname="Tests.Feature.Playground.Crm.Resource.Http.Controllers.Playground.ClientRouteTest" assertions="4" time="0.263619"/>
        <testcase name="test_json_edit_as_admin_and_fail_validation_with_invalid_parameter" file="/app/vendor/gammamatrix/playground-test/src/Feature/Http/Controllers/Resource/Playground/EditJsonTrait.php" line="88" class="Tests\Feature\Playground\Crm\Resource\Http\Controllers\Playground\ClientRouteTest" classname="Tests.Feature.Playground.Crm.Resource.Http.Controllers.Playground.ClientRouteTest" assertions="4" time="0.254305"/>
        <testcase name="test_guest_cannot_render_edit_view" file="/app/vendor/gammamatrix/playground-test/src/Feature/Http/Controllers/Resource/Playground/EditTrait.php" line="34" class="Tests\Feature\Playground\Crm\Resource\Http\Controllers\Playground\ClientRouteTest" classname="Tests.Feature.Playground.Crm.Resource.Http.Controllers.Playground.ClientRouteTest" assertions="1" time="0.235419"/>
        <testcase name="test_admin_can_render_edit_view" file="/app/vendor/gammamatrix/playground-test/src/Feature/Http/Controllers/Resource/Playground/EditTrait.php" line="54" class="Tests\Feature\Playground\Crm\Resource\Http\Controllers\Playground\ClientRouteTest" classname="Tests.Feature.Playground.Crm.Resource.Http.Controllers.Playground.ClientRouteTest" assertions="2" time="0.286083"/>
        <testcase name="test_admin_can_render_edit_view_with_return_url" file="/app/vendor/gammamatrix/playground-test/src/Feature/Http/Controllers/Resource/Playground/EditTrait.php" line="78" class="Tests\Feature\Playground\Crm\Resource\Http\Controllers\Playground\ClientRouteTest" classname="Tests.Feature.Playground.Crm.Resource.Http.Controllers.Playground.ClientRouteTest" assertions="3" time="0.288250"/>
        <testcase name="test_edit_view_as_admin_with_invalid_parameter_and_fail_validation_and_redirect" file="/app/vendor/gammamatrix/playground-test/src/Feature/Http/Controllers/Resource/Playground/EditTrait.php" line="110" class="Tests\Feature\Playground\Crm\Resource\Http\Controllers\Playground\ClientRouteTest" classname="Tests.Feature.Playground.Crm.Resource.Http.Controllers.Playground.ClientRouteTest" assertions="4" time="0.254884"/>
        <testcase name="test_json_guest_cannot_get_index" file="/app/vendor/gammamatrix/playground-test/src/Feature/Http/Controllers/Resource/Playground/IndexJsonTrait.php" line="35" class="Tests\Feature\Playground\Crm\Resource\Http\Controllers\Playground\ClientRouteTest" classname="Tests.Feature.Playground.Crm.Resource.Http.Controllers.Playground.ClientRouteTest" assertions="1" time="0.233723"/>
        <testcase name="test_json_admin_can_get_index" file="/app/vendor/gammamatrix/playground-test/src/Feature/Http/Controllers/Resource/Playground/IndexJsonTrait.php" line="50" class="Tests\Feature\Playground\Crm\Resource\Http\Controllers\Playground\ClientRouteTest" classname="Tests.Feature.Playground.Crm.Resource.Http.Controllers.Playground.ClientRouteTest" assertions="98" time="0.259304"/>
        <testcase name="test_json_admin_can_get_index_with_filters" file="/app/vendor/gammamatrix/playground-test/src/Feature/Http/Controllers/Resource/Playground/IndexJsonTrait.php" line="86" class="Tests\Feature\Playground\Crm\Resource\Http\Controllers\Playground\ClientRouteTest" classname="Tests.Feature.Playground.Crm.Resource.Http.Controllers.Playground.ClientRouteTest" assertions="3" time="0.265855"/>
        <testcase name="test_guest_cannot_render_index_view" file="/app/vendor/gammamatrix/playground-test/src/Feature/Http/Controllers/Resource/Playground/IndexTrait.php" line="30" class="Tests\Feature\Playground\Crm\Resource\Http\Controllers\Playground\ClientRouteTest" classname="Tests.Feature.Playground.Crm.Resource.Http.Controllers.Playground.ClientRouteTest" assertions="1" time="0.239941"/>
        <testcase name="test_admin_can_render_index_view" file="/app/vendor/gammamatrix/playground-test/src/Feature/Http/Controllers/Resource/Playground/IndexTrait.php" line="45" class="Tests\Feature\Playground\Crm\Resource\Http\Controllers\Playground\ClientRouteTest" classname="Tests.Feature.Playground.Crm.Resource.Http.Controllers.Playground.ClientRouteTest" assertions="2" time="0.305474"/>
        <testcase name="test_admin_can_render_index_view_with_filters" file="/app/vendor/gammamatrix/playground-test/src/Feature/Http/Controllers/Resource/Playground/IndexTrait.php" line="78" class="Tests\Feature\Playground\Crm\Resource\Http\Controllers\Playground\ClientRouteTest" classname="Tests.Feature.Playground.Crm.Resource.Http.Controllers.Playground.ClientRouteTest" assertions="3" time="0.287146"/>
        <testcase name="test_json_guest_cannot_lock" file="/app/vendor/gammamatrix/playground-test/src/Feature/Http/Controllers/Resource/Playground/LockJsonTrait.php" line="37" class="Tests\Feature\Playground\Crm\Resource\Http\Controllers\Playground\ClientRouteTest" classname="Tests.Feature.Playground.Crm.Resource.Http.Controllers.Playground.ClientRouteTest" assertions="3" time="0.243977"/>
        <testcase name="test_json_lock_as_admin_and_succeed" file="/app/vendor/gammamatrix/playground-test/src/Feature/Http/Controllers/Resource/Playground/LockJsonTrait.php" line="67" class="Tests\Feature\Playground\Crm\Resource\Http\Controllers\Playground\ClientRouteTest" classname="Tests.Feature.Playground.Crm.Resource.Http.Controllers.Playground.ClientRouteTest" assertions="3" time="0.265344"/>
        <testcase name="test_json_lock_as_admin_and_succeed_with_no_redirect" file="/app/vendor/gammamatrix/playground-test/src/Feature/Http/Controllers/Resource/Playground/LockJsonTrait.php" line="99" class="Tests\Feature\Playground\Crm\Resource\Http\Controllers\Playground\ClientRouteTest" classname="Tests.Feature.Playground.Crm.Resource.Http.Controllers.Playground.ClientRouteTest" assertions="96" time="0.281650"/>
        <testcase name="test_json_lock_as_user_and_get_denied" file="/app/vendor/gammamatrix/playground-test/src/Feature/Http/Controllers/Resource/Playground/LockJsonTrait.php" line="144" class="Tests\Feature\Playground\Crm\Resource\Http\Controllers\Playground\ClientRouteTest" classname="Tests.Feature.Playground.Crm.Resource.Http.Controllers.Playground.ClientRouteTest" assertions="3" time="0.272872"/>
        <testcase name="test_guest_cannot_lock" file="/app/vendor/gammamatrix/playground-test/src/Feature/Http/Controllers/Resource/Playground/LockTrait.php" line="32" class="Tests\Feature\Playground\Crm\Resource\Http\Controllers\Playground\ClientRouteTest" classname="Tests.Feature.Playground.Crm.Resource.Http.Controllers.Playground.ClientRouteTest" assertions="3" time="0.256324"/>
        <testcase name="test_lock_as_admin_and_succeed" file="/app/vendor/gammamatrix/playground-test/src/Feature/Http/Controllers/Resource/Playground/LockTrait.php" line="62" class="Tests\Feature\Playground\Crm\Resource\Http\Controllers\Playground\ClientRouteTest" classname="Tests.Feature.Playground.Crm.Resource.Http.Controllers.Playground.ClientRouteTest" assertions="4" time="0.269680"/>
        <testcase name="test_lock_as_admin_and_succeed_with_redirect_to_index_with_sorted_by_locked_desc" file="/app/vendor/gammamatrix/playground-test/src/Feature/Http/Controllers/Resource/Playground/LockTrait.php" line="96" class="Tests\Feature\Playground\Crm\Resource\Http\Controllers\Playground\ClientRouteTest" classname="Tests.Feature.Playground.Crm.Resource.Http.Controllers.Playground.ClientRouteTest" assertions="4" time="0.272161"/>
        <testcase name="test_lock_as_user_and_get_denied" file="/app/vendor/gammamatrix/playground-test/src/Feature/Http/Controllers/Resource/Playground/LockTrait.php" line="133" class="Tests\Feature\Playground\Crm\Resource\Http\Controllers\Playground\ClientRouteTest" classname="Tests.Feature.Playground.Crm.Resource.Http.Controllers.Playground.ClientRouteTest" assertions="3" time="0.266274"/>
        <testcase name="test_json_guest_cannot_restore" file="/app/vendor/gammamatrix/playground-test/src/Feature/Http/Controllers/Resource/Playground/RestoreJsonTrait.php" line="33" class="Tests\Feature\Playground\Crm\Resource\Http\Controllers\Playground\ClientRouteTest" classname="Tests.Feature.Playground.Crm.Resource.Http.Controllers.Playground.ClientRouteTest" assertions="3" time="0.258485"/>
        <testcase name="test_json_restore_as_admin_and_succeed" file="/app/vendor/gammamatrix/playground-test/src/Feature/Http/Controllers/Resource/Playground/RestoreJsonTrait.php" line="65" class="Tests\Feature\Playground\Crm\Resource\Http\Controllers\Playground\ClientRouteTest" classname="Tests.Feature.Playground.Crm.Resource.Http.Controllers.Playground.ClientRouteTest" assertions="96" time="0.277614"/>
        <testcase name="test_json_restore_as_admin_and_succeed_with_no_redirect" file="/app/vendor/gammamatrix/playground-test/src/Feature/Http/Controllers/Resource/Playground/RestoreJsonTrait.php" line="101" class="Tests\Feature\Playground\Crm\Resource\Http\Controllers\Playground\ClientRouteTest" classname="Tests.Feature.Playground.Crm.Resource.Http.Controllers.Playground.ClientRouteTest" assertions="96" time="0.279849"/>
        <testcase name="test_json_restore_as_user_and_get_denied" file="/app/vendor/gammamatrix/playground-test/src/Feature/Http/Controllers/Resource/Playground/RestoreJsonTrait.php" line="144" class="Tests\Feature\Playground\Crm\Resource\Http\Controllers\Playground\ClientRouteTest" classname="Tests.Feature.Playground.Crm.Resource.Http.Controllers.Playground.ClientRouteTest" assertions="3" time="0.279598"/>
        <testcase name="test_guest_cannot_restore" file="/app/vendor/gammamatrix/playground-test/src/Feature/Http/Controllers/Resource/Playground/RestoreTrait.php" line="33" class="Tests\Feature\Playground\Crm\Resource\Http\Controllers\Playground\ClientRouteTest" classname="Tests.Feature.Playground.Crm.Resource.Http.Controllers.Playground.ClientRouteTest" assertions="3" time="0.256328"/>
        <testcase name="test_restore_as_admin_and_succeed" file="/app/vendor/gammamatrix/playground-test/src/Feature/Http/Controllers/Resource/Playground/RestoreTrait.php" line="65" class="Tests\Feature\Playground\Crm\Resource\Http\Controllers\Playground\ClientRouteTest" classname="Tests.Feature.Playground.Crm.Resource.Http.Controllers.Playground.ClientRouteTest" assertions="4" time="0.274984"/>
        <testcase name="test_restore_as_admin_and_succeed_with_redirect_to_index_with_only_trash" file="/app/vendor/gammamatrix/playground-test/src/Feature/Http/Controllers/Resource/Playground/RestoreTrait.php" line="101" class="Tests\Feature\Playground\Crm\Resource\Http\Controllers\Playground\ClientRouteTest" classname="Tests.Feature.Playground.Crm.Resource.Http.Controllers.Playground.ClientRouteTest" assertions="4" time="0.273682"/>
        <testcase name="test_restore_as_user_and_get_denied" file="/app/vendor/gammamatrix/playground-test/src/Feature/Http/Controllers/Resource/Playground/RestoreTrait.php" line="147" class="Tests\Feature\Playground\Crm\Resource\Http\Controllers\Playground\ClientRouteTest" classname="Tests.Feature.Playground.Crm.Resource.Http.Controllers.Playground.ClientRouteTest" assertions="3" time="0.274041"/>
        <testcase name="test_json_guest_cannot_see_info" file="/app/vendor/gammamatrix/playground-test/src/Feature/Http/Controllers/Resource/Playground/ShowJsonTrait.php" line="30" class="Tests\Feature\Playground\Crm\Resource\Http\Controllers\Playground\ClientRouteTest" classname="Tests.Feature.Playground.Crm.Resource.Http.Controllers.Playground.ClientRouteTest" assertions="1" time="0.254661"/>
        <testcase name="test_json_show_info_for_admin" file="/app/vendor/gammamatrix/playground-test/src/Feature/Http/Controllers/Resource/Playground/ShowJsonTrait.php" line="50" class="Tests\Feature\Playground\Crm\Resource\Http\Controllers\Playground\ClientRouteTest" classname="Tests.Feature.Playground.Crm.Resource.Http.Controllers.Playground.ClientRouteTest" assertions="95" time="0.277734"/>
        <testcase name="test_guest_cannot_render_show_view" file="/app/vendor/gammamatrix/playground-test/src/Feature/Http/Controllers/Resource/Playground/ShowTrait.php" line="30" class="Tests\Feature\Playground\Crm\Resource\Http\Controllers\Playground\ClientRouteTest" classname="Tests.Feature.Playground.Crm.Resource.Http.Controllers.Playground.ClientRouteTest" assertions="1" time="0.257590"/>
        <testcase name="test_show_view_rendered_by_admin" file="/app/vendor/gammamatrix/playground-test/src/Feature/Http/Controllers/Resource/Playground/ShowTrait.php" line="50" class="Tests\Feature\Playground\Crm\Resource\Http\Controllers\Playground\ClientRouteTest" classname="Tests.Feature.Playground.Crm.Resource.Http.Controllers.Playground.ClientRouteTest" assertions="2" time="0.311058"/>
        <testcase name="test_json_guest_cannot_store" file="/app/vendor/gammamatrix/playground-test/src/Feature/Http/Controllers/Resource/Playground/StoreJsonTrait.php" line="44" class="Tests\Feature\Playground\Crm\Resource\Http\Controllers\Playground\ClientRouteTest" classname="Tests.Feature.Playground.Crm.Resource.Http.Controllers.Playground.ClientRouteTest" assertions="3" time="0.239637"/>
        <testcase name="test_json_store_as_admin_without_payload_and_fail_validation" file="/app/vendor/gammamatrix/playground-test/src/Feature/Http/Controllers/Resource/Playground/StoreJsonTrait.php" line="67" class="Tests\Feature\Playground\Crm\Resource\Http\Controllers\Playground\ClientRouteTest" classname="Tests.Feature.Playground.Crm.Resource.Http.Controllers.Playground.ClientRouteTest" assertions="5" time="0.266493"/>
        <testcase name="test_json_store_as_admin_and_succeed" file="/app/vendor/gammamatrix/playground-test/src/Feature/Http/Controllers/Resource/Playground/StoreJsonTrait.php" line="93" class="Tests\Feature\Playground\Crm\Resource\Http\Controllers\Playground\ClientRouteTest" classname="Tests.Feature.Playground.Crm.Resource.Http.Controllers.Playground.ClientRouteTest" assertions="3" time="0.332646"/>
        <testcase name="test_guest_cannot_store" file="/app/vendor/gammamatrix/playground-test/src/Feature/Http/Controllers/Resource/Playground/StoreTrait.php" line="39" class="Tests\Feature\Playground\Crm\Resource\Http\Controllers\Playground\ClientRouteTest" classname="Tests.Feature.Playground.Crm.Resource.Http.Controllers.Playground.ClientRouteTest" assertions="3" time="0.247522"/>
        <testcase name="test_store_as_admin_without_payload_and_fail_validation" file="/app/vendor/gammamatrix/playground-test/src/Feature/Http/Controllers/Resource/Playground/StoreTrait.php" line="62" class="Tests\Feature\Playground\Crm\Resource\Http\Controllers\Playground\ClientRouteTest" classname="Tests.Feature.Playground.Crm.Resource.Http.Controllers.Playground.ClientRouteTest" assertions="5" time="0.260408"/>
        <testcase name="test_store_as_admin_and_succeed" file="/app/vendor/gammamatrix/playground-test/src/Feature/Http/Controllers/Resource/Playground/StoreTrait.php" line="91" class="Tests\Feature\Playground\Crm\Resource\Http\Controllers\Playground\ClientRouteTest" classname="Tests.Feature.Playground.Crm.Resource.Http.Controllers.Playground.ClientRouteTest" assertions="4" time="0.303431"/>
        <testcase name="test_store_as_admin_and_succeed_with_return_url" file="/app/vendor/gammamatrix/playground-test/src/Feature/Http/Controllers/Resource/Playground/StoreTrait.php" line="136" class="Tests\Feature\Playground\Crm\Resource\Http\Controllers\Playground\ClientRouteTest" classname="Tests.Feature.Playground.Crm.Resource.Http.Controllers.Playground.ClientRouteTest" assertions="4" time="0.300890"/>
        <testcase name="test_json_guest_cannot_unlock" file="/app/vendor/gammamatrix/playground-test/src/Feature/Http/Controllers/Resource/Playground/UnlockJsonTrait.php" line="37" class="Tests\Feature\Playground\Crm\Resource\Http\Controllers\Playground\ClientRouteTest" classname="Tests.Feature.Playground.Crm.Resource.Http.Controllers.Playground.ClientRouteTest" assertions="3" time="0.255151"/>
        <testcase name="test_json_unlock_as_admin_and_succeed" file="/app/vendor/gammamatrix/playground-test/src/Feature/Http/Controllers/Resource/Playground/UnlockJsonTrait.php" line="69" class="Tests\Feature\Playground\Crm\Resource\Http\Controllers\Playground\ClientRouteTest" classname="Tests.Feature.Playground.Crm.Resource.Http.Controllers.Playground.ClientRouteTest" assertions="96" time="0.280147"/>
        <testcase name="test_json_unlock_as_admin_and_succeed_with_no_redirect" file="/app/vendor/gammamatrix/playground-test/src/Feature/Http/Controllers/Resource/Playground/UnlockJsonTrait.php" line="105" class="Tests\Feature\Playground\Crm\Resource\Http\Controllers\Playground\ClientRouteTest" classname="Tests.Feature.Playground.Crm.Resource.Http.Controllers.Playground.ClientRouteTest" assertions="96" time="0.278488"/>
        <testcase name="test_json_unlock_as_user_and_get_denied" file="/app/vendor/gammamatrix/playground-test/src/Feature/Http/Controllers/Resource/Playground/UnlockJsonTrait.php" line="146" class="Tests\Feature\Playground\Crm\Resource\Http\Controllers\Playground\ClientRouteTest" classname="Tests.Feature.Playground.Crm.Resource.Http.Controllers.Playground.ClientRouteTest" assertions="3" time="0.264638"/>
        <testcase name="test_guest_cannot_unlock" file="/app/vendor/gammamatrix/playground-test/src/Feature/Http/Controllers/Resource/Playground/UnlockTrait.php" line="37" class="Tests\Feature\Playground\Crm\Resource\Http\Controllers\Playground\ClientRouteTest" classname="Tests.Feature.Playground.Crm.Resource.Http.Controllers.Playground.ClientRouteTest" assertions="3" time="0.254553"/>
        <testcase name="test_unlock_as_admin_and_succeed" file="/app/vendor/gammamatrix/playground-test/src/Feature/Http/Controllers/Resource/Playground/UnlockTrait.php" line="69" class="Tests\Feature\Playground\Crm\Resource\Http\Controllers\Playground\ClientRouteTest" classname="Tests.Feature.Playground.Crm.Resource.Http.Controllers.Playground.ClientRouteTest" assertions="4" time="0.270959"/>
        <testcase name="test_unlock_as_admin_and_succeed_with_redirect_to_index_with_sorted_by_unlocked_desc" file="/app/vendor/gammamatrix/playground-test/src/Feature/Http/Controllers/Resource/Playground/UnlockTrait.php" line="110" class="Tests\Feature\Playground\Crm\Resource\Http\Controllers\Playground\ClientRouteTest" classname="Tests.Feature.Playground.Crm.Resource.Http.Controllers.Playground.ClientRouteTest" assertions="4" time="0.270976"/>
        <testcase name="test_unlock_as_user_and_get_denied" file="/app/vendor/gammamatrix/playground-test/src/Feature/Http/Controllers/Resource/Playground/UnlockTrait.php" line="149" class="Tests\Feature\Playground\Crm\Resource\Http\Controllers\Playground\ClientRouteTest" classname="Tests.Feature.Playground.Crm.Resource.Http.Controllers.Playground.ClientRouteTest" assertions="3" time="0.264516"/>
        <testcase name="test_json_guest_cannot_update" file="/app/vendor/gammamatrix/playground-test/src/Feature/Http/Controllers/Resource/Playground/UpdateJsonTrait.php" line="46" class="Tests\Feature\Playground\Crm\Resource\Http\Controllers\Playground\ClientRouteTest" classname="Tests.Feature.Playground.Crm.Resource.Http.Controllers.Playground.ClientRouteTest" assertions="1" time="0.260002"/>
        <testcase name="test_json_update_as_admin_without_payload_and_passes_validation" file="/app/vendor/gammamatrix/playground-test/src/Feature/Http/Controllers/Resource/Playground/UpdateJsonTrait.php" line="66" class="Tests\Feature\Playground\Crm\Resource\Http\Controllers\Playground\ClientRouteTest" classname="Tests.Feature.Playground.Crm.Resource.Http.Controllers.Playground.ClientRouteTest" assertions="2" time="0.295539"/>
        <testcase name="test_json_admin_can_update" file="/app/vendor/gammamatrix/playground-test/src/Feature/Http/Controllers/Resource/Playground/UpdateJsonTrait.php" line="114" class="Tests\Feature\Playground\Crm\Resource\Http\Controllers\Playground\ClientRouteTest" classname="Tests.Feature.Playground.Crm.Resource.Http.Controllers.Playground.ClientRouteTest" assertions="98" time="0.332306"/>
        <testcase name="test_guest_cannot_update" file="/app/vendor/gammamatrix/playground-test/src/Feature/Http/Controllers/Resource/Playground/UpdateTrait.php" line="46" class="Tests\Feature\Playground\Crm\Resource\Http\Controllers\Playground\ClientRouteTest" classname="Tests.Feature.Playground.Crm.Resource.Http.Controllers.Playground.ClientRouteTest" assertions="1" time="0.249969"/>
        <testcase name="test_update_as_admin_without_payload_and_passes_validation" file="/app/vendor/gammamatrix/playground-test/src/Feature/Http/Controllers/Resource/Playground/UpdateTrait.php" line="66" class="Tests\Feature\Playground\Crm\Resource\Http\Controllers\Playground\ClientRouteTest" classname="Tests.Feature.Playground.Crm.Resource.Http.Controllers.Playground.ClientRouteTest" assertions="3" time="0.270423"/>
        <testcase name="test_admin_can_update" file="/app/vendor/gammamatrix/playground-test/src/Feature/Http/Controllers/Resource/Playground/UpdateTrait.php" line="117" class="Tests\Feature\Playground\Crm\Resource\Http\Controllers\Playground\ClientRouteTest" classname="Tests.Feature.Playground.Crm.Resource.Http.Controllers.Playground.ClientRouteTest" assertions="6" time="0.312930"/>
        <testcase name="test_admin_can_update_view_with_return_url" file="/app/vendor/gammamatrix/playground-test/src/Feature/Http/Controllers/Resource/Playground/UpdateTrait.php" line="160" class="Tests\Feature\Playground\Crm\Resource\Http\Controllers\Playground\ClientRouteTest" classname="Tests.Feature.Playground.Crm.Resource.Http.Controllers.Playground.ClientRouteTest" assertions="6" time="0.312721"/>
      </testsuite>
      <testsuite name="Tests\Feature\Playground\Crm\Resource\Http\Controllers\Playground\ContactRouteTest" file="/app/tests/Feature/Http/Controllers/Playground/ContactRouteTest.php" tests="73" assertions="1068" errors="0" failures="0" skipped="0" time="18.994513">
        <testcase name="test_json_guest_cannot_get_create_info" file="/app/vendor/gammamatrix/playground-test/src/Feature/Http/Controllers/Resource/Playground/CreateJsonTrait.php" line="39" class="Tests\Feature\Playground\Crm\Resource\Http\Controllers\Playground\ContactRouteTest" classname="Tests.Feature.Playground.Crm.Resource.Http.Controllers.Playground.ContactRouteTest" assertions="1" time="0.229996"/>
        <testcase name="test_json_admin_can_get_create_info" file="/app/vendor/gammamatrix/playground-test/src/Feature/Http/Controllers/Resource/Playground/CreateJsonTrait.php" line="54" class="Tests\Feature\Playground\Crm\Resource\Http\Controllers\Playground\ContactRouteTest" classname="Tests.Feature.Playground.Crm.Resource.Http.Controllers.Playground.ContactRouteTest" assertions="94" time="0.241129"/>
        <testcase name="test_json_get_create_info_as_admin_with_invalid_parameter_and_fail_validation" file="/app/vendor/gammamatrix/playground-test/src/Feature/Http/Controllers/Resource/Playground/CreateJsonTrait.php" line="74" class="Tests\Feature\Playground\Crm\Resource\Http\Controllers\Playground\ContactRouteTest" classname="Tests.Feature.Playground.Crm.Resource.Http.Controllers.Playground.ContactRouteTest" assertions="4" time="0.238909"/>
        <testcase name="test_guest_cannot_render_create_view" file="/app/vendor/gammamatrix/playground-test/src/Feature/Http/Controllers/Resource/Playground/CreateTrait.php" line="34" class="Tests\Feature\Playground\Crm\Resource\Http\Controllers\Playground\ContactRouteTest" classname="Tests.Feature.Playground.Crm.Resource.Http.Controllers.Playground.ContactRouteTest" assertions="1" time="0.224319"/>
        <testcase name="test_admin_can_render_create_view" file="/app/vendor/gammamatrix/playground-test/src/Feature/Http/Controllers/Resource/Playground/CreateTrait.php" line="48" class="Tests\Feature\Playground\Crm\Resource\Http\Controllers\Playground\ContactRouteTest" classname="Tests.Feature.Playground.Crm.Resource.Http.Controllers.Playground.ContactRouteTest" assertions="2" time="0.272900"/>
        <testcase name="test_admin_can_render_create_view_with_return_url" file="/app/vendor/gammamatrix/playground-test/src/Feature/Http/Controllers/Resource/Playground/CreateTrait.php" line="66" class="Tests\Feature\Playground\Crm\Resource\Http\Controllers\Playground\ContactRouteTest" classname="Tests.Feature.Playground.Crm.Resource.Http.Controllers.Playground.ContactRouteTest" assertions="3" time="0.275309"/>
        <testcase name="test_create_view_as_admin_with_invalid_parameter_and_fail_validation_and_redirect" file="/app/vendor/gammamatrix/playground-test/src/Feature/Http/Controllers/Resource/Playground/CreateTrait.php" line="93" class="Tests\Feature\Playground\Crm\Resource\Http\Controllers\Playground\ContactRouteTest" classname="Tests.Feature.Playground.Crm.Resource.Http.Controllers.Playground.ContactRouteTest" assertions="5" time="0.240685"/>
        <testcase name="test_json_guest_cannot_destroy" file="/app/vendor/gammamatrix/playground-test/src/Feature/Http/Controllers/Resource/Playground/DestroyJsonTrait.php" line="32" class="Tests\Feature\Playground\Crm\Resource\Http\Controllers\Playground\ContactRouteTest" classname="Tests.Feature.Playground.Crm.Resource.Http.Controllers.Playground.ContactRouteTest" assertions="3" time="0.236260"/>
        <testcase name="test_json_destroy_as_admin_and_succeed" file="/app/vendor/gammamatrix/playground-test/src/Feature/Http/Controllers/Resource/Playground/DestroyJsonTrait.php" line="62" class="Tests\Feature\Playground\Crm\Resource\Http\Controllers\Playground\ContactRouteTest" classname="Tests.Feature.Playground.Crm.Resource.Http.Controllers.Playground.ContactRouteTest" assertions="5" time="0.251282"/>
        <testcase name="test_json_destroy_as_admin_and_succeed_with_force_delete" file="/app/vendor/gammamatrix/playground-test/src/Feature/Http/Controllers/Resource/Playground/DestroyJsonTrait.php" line="101" class="Tests\Feature\Playground\Crm\Resource\Http\Controllers\Playground\ContactRouteTest" classname="Tests.Feature.Playground.Crm.Resource.Http.Controllers.Playground.ContactRouteTest" assertions="4" time="0.241171"/>
        <testcase name="test_json_destroy_as_admin_and_succeed_with_no_content" file="/app/vendor/gammamatrix/playground-test/src/Feature/Http/Controllers/Resource/Playground/DestroyJsonTrait.php" line="133" class="Tests\Feature\Playground\Crm\Resource\Http\Controllers\Playground\ContactRouteTest" classname="Tests.Feature.Playground.Crm.Resource.Http.Controllers.Playground.ContactRouteTest" assertions="5" time="0.245217"/>
        <testcase name="test_json_destroy_as_admin_and_succeed_and_ignore_redirect" file="/app/vendor/gammamatrix/playground-test/src/Feature/Http/Controllers/Resource/Playground/DestroyJsonTrait.php" line="168" class="Tests\Feature\Playground\Crm\Resource\Http\Controllers\Playground\ContactRouteTest" classname="Tests.Feature.Playground.Crm.Resource.Http.Controllers.Playground.ContactRouteTest" assertions="5" time="0.246944"/>
        <testcase name="test_json_destroy_as_user_and_get_denied_and_no_force_delete_allowed" file="/app/vendor/gammamatrix/playground-test/src/Feature/Http/Controllers/Resource/Playground/DestroyJsonTrait.php" line="210" class="Tests\Feature\Playground\Crm\Resource\Http\Controllers\Playground\ContactRouteTest" classname="Tests.Feature.Playground.Crm.Resource.Http.Controllers.Playground.ContactRouteTest" assertions="3" time="0.249830"/>
        <testcase name="test_guest_cannot_destroy" file="/app/vendor/gammamatrix/playground-test/src/Feature/Http/Controllers/Resource/Playground/DestroyTrait.php" line="32" class="Tests\Feature\Playground\Crm\Resource\Http\Controllers\Playground\ContactRouteTest" classname="Tests.Feature.Playground.Crm.Resource.Http.Controllers.Playground.ContactRouteTest" assertions="3" time="0.236496"/>
        <testcase name="test_destroy_as_admin_and_succeed" file="/app/vendor/gammamatrix/playground-test/src/Feature/Http/Controllers/Resource/Playground/DestroyTrait.php" line="62" class="Tests\Feature\Playground\Crm\Resource\Http\Controllers\Playground\ContactRouteTest" classname="Tests.Feature.Playground.Crm.Resource.Http.Controllers.Playground.ContactRouteTest" assertions="5" time="0.259263"/>
        <testcase name="test_destroy_as_admin_and_succeed_with_force_delete" file="/app/vendor/gammamatrix/playground-test/src/Feature/Http/Controllers/Resource/Playground/DestroyTrait.php" line="98" class="Tests\Feature\Playground\Crm\Resource\Http\Controllers\Playground\ContactRouteTest" classname="Tests.Feature.Playground.Crm.Resource.Http.Controllers.Playground.ContactRouteTest" assertions="4" time="0.248495"/>
        <testcase name="test_destroy_as_admin_and_succeed_with_redirect_to_index_with_trash" file="/app/vendor/gammamatrix/playground-test/src/Feature/Http/Controllers/Resource/Playground/DestroyTrait.php" line="130" class="Tests\Feature\Playground\Crm\Resource\Http\Controllers\Playground\ContactRouteTest" classname="Tests.Feature.Playground.Crm.Resource.Http.Controllers.Playground.ContactRouteTest" assertions="5" time="0.261851"/>
        <testcase name="test_destroy_as_user_and_get_denied_and_no_force_delete_allowed" file="/app/vendor/gammamatrix/playground-test/src/Feature/Http/Controllers/Resource/Playground/DestroyTrait.php" line="172" class="Tests\Feature\Playground\Crm\Resource\Http\Controllers\Playground\ContactRouteTest" classname="Tests.Feature.Playground.Crm.Resource.Http.Controllers.Playground.ContactRouteTest" assertions="3" time="0.253088"/>
        <testcase name="test_json_guest_cannot_get_edit_info" file="/app/vendor/gammamatrix/playground-test/src/Feature/Http/Controllers/Resource/Playground/EditJsonTrait.php" line="39" class="Tests\Feature\Playground\Crm\Resource\Http\Controllers\Playground\ContactRouteTest" classname="Tests.Feature.Playground.Crm.Resource.Http.Controllers.Playground.ContactRouteTest" assertions="1" time="0.241808"/>
        <testcase name="test_json_admin_can_get_edit_info" file="/app/vendor/gammamatrix/playground-test/src/Feature/Http/Controllers/Resource/Playground/EditJsonTrait.php" line="59" class="Tests\Feature\Playground\Crm\Resource\Http\Controllers\Playground\ContactRouteTest" classname="Tests.Feature.Playground.Crm.Resource.Http.Controllers.Playground.ContactRouteTest" assertions="4" time="0.255798"/>
        <testcase name="test_json_edit_as_admin_and_fail_validation_with_invalid_parameter" file="/app/vendor/gammamatrix/playground-test/src/Feature/Http/Controllers/Resource/Playground/EditJsonTrait.php" line="88" class="Tests\Feature\Playground\Crm\Resource\Http\Controllers\Playground\ContactRouteTest" classname="Tests.Feature.Playground.Crm.Resource.Http.Controllers.Playground.ContactRouteTest" assertions="4" time="0.253425"/>
        <testcase name="test_guest_cannot_render_edit_view" file="/app/vendor/gammamatrix/playground-test/src/Feature/Http/Controllers/Resource/Playground/EditTrait.php" line="34" class="Tests\Feature\Playground\Crm\Resource\Http\Controllers\Playground\ContactRouteTest" classname="Tests.Feature.Playground.Crm.Resource.Http.Controllers.Playground.ContactRouteTest" assertions="1" time="0.240758"/>
        <testcase name="test_admin_can_render_edit_view" file="/app/vendor/gammamatrix/playground-test/src/Feature/Http/Controllers/Resource/Playground/EditTrait.php" line="54" class="Tests\Feature\Playground\Crm\Resource\Http\Controllers\Playground\ContactRouteTest" classname="Tests.Feature.Playground.Crm.Resource.Http.Controllers.Playground.ContactRouteTest" assertions="2" time="0.289429"/>
        <testcase name="test_admin_can_render_edit_view_with_return_url" file="/app/vendor/gammamatrix/playground-test/src/Feature/Http/Controllers/Resource/Playground/EditTrait.php" line="78" class="Tests\Feature\Playground\Crm\Resource\Http\Controllers\Playground\ContactRouteTest" classname="Tests.Feature.Playground.Crm.Resource.Http.Controllers.Playground.ContactRouteTest" assertions="3" time="0.297573"/>
        <testcase name="test_edit_view_as_admin_with_invalid_parameter_and_fail_validation_and_redirect" file="/app/vendor/gammamatrix/playground-test/src/Feature/Http/Controllers/Resource/Playground/EditTrait.php" line="110" class="Tests\Feature\Playground\Crm\Resource\Http\Controllers\Playground\ContactRouteTest" classname="Tests.Feature.Playground.Crm.Resource.Http.Controllers.Playground.ContactRouteTest" assertions="4" time="0.257216"/>
        <testcase name="test_json_guest_cannot_get_index" file="/app/vendor/gammamatrix/playground-test/src/Feature/Http/Controllers/Resource/Playground/IndexJsonTrait.php" line="35" class="Tests\Feature\Playground\Crm\Resource\Http\Controllers\Playground\ContactRouteTest" classname="Tests.Feature.Playground.Crm.Resource.Http.Controllers.Playground.ContactRouteTest" assertions="1" time="0.236563"/>
        <testcase name="test_json_admin_can_get_index" file="/app/vendor/gammamatrix/playground-test/src/Feature/Http/Controllers/Resource/Playground/IndexJsonTrait.php" line="50" class="Tests\Feature\Playground\Crm\Resource\Http\Controllers\Playground\ContactRouteTest" classname="Tests.Feature.Playground.Crm.Resource.Http.Controllers.Playground.ContactRouteTest" assertions="98" time="0.261672"/>
        <testcase name="test_json_admin_can_get_index_with_filters" file="/app/vendor/gammamatrix/playground-test/src/Feature/Http/Controllers/Resource/Playground/IndexJsonTrait.php" line="86" class="Tests\Feature\Playground\Crm\Resource\Http\Controllers\Playground\ContactRouteTest" classname="Tests.Feature.Playground.Crm.Resource.Http.Controllers.Playground.ContactRouteTest" assertions="3" time="0.261824"/>
[...]
        <testcase name="test_json_admin_can_get_index" file="/app/vendor/gammamatrix/playground-test/src/Feature/Http/Controllers/Resource/Playground/IndexJsonTrait.php" line="50" class="Tests\Feature\Playground\Crm\Resource\Http\Controllers\Playground\PeopleRouteTest" classname="Tests.Feature.Playground.Crm.Resource.Http.Controllers.Playground.PeopleRouteTest" assertions="98" time="0.277410"/>
        <testcase name="test_json_admin_can_get_index_with_filters" file="/app/vendor/gammamatrix/playground-test/src/Feature/Http/Controllers/Resource/Playground/IndexJsonTrait.php" line="86" class="Tests\Feature\Playground\Crm\Resource\Http\Controllers\Playground\PeopleRouteTest" classname="Tests.Feature.Playground.Crm.Resource.Http.Controllers.Playground.PeopleRouteTest" assertions="3" time="0.271147"/>
        <testcase name="test_guest_cannot_render_index_view" file="/app/vendor/gammamatrix/playground-test/src/Feature/Http/Controllers/Resource/Playground/IndexTrait.php" line="30" class="Tests\Feature\Playground\Crm\Resource\Http\Controllers\Playground\PeopleRouteTest" classname="Tests.Feature.Playground.Crm.Resource.Http.Controllers.Playground.PeopleRouteTest" assertions="1" time="0.245384"/>
        <testcase name="test_admin_can_render_index_view" file="/app/vendor/gammamatrix/playground-test/src/Feature/Http/Controllers/Resource/Playground/IndexTrait.php" line="45" class="Tests\Feature\Playground\Crm\Resource\Http\Controllers\Playground\PeopleRouteTest" classname="Tests.Feature.Playground.Crm.Resource.Http.Controllers.Playground.PeopleRouteTest" assertions="2" time="0.301871"/>
        <testcase name="test_admin_can_render_index_view_with_filters" file="/app/vendor/gammamatrix/playground-test/src/Feature/Http/Controllers/Resource/Playground/IndexTrait.php" line="78" class="Tests\Feature\Playground\Crm\Resource\Http\Controllers\Playground\PeopleRouteTest" classname="Tests.Feature.Playground.Crm.Resource.Http.Controllers.Playground.PeopleRouteTest" assertions="3" time="0.292297"/>
        <testcase name="test_json_guest_cannot_lock" file="/app/vendor/gammamatrix/playground-test/src/Feature/Http/Controllers/Resource/Playground/LockJsonTrait.php" line="37" class="Tests\Feature\Playground\Crm\Resource\Http\Controllers\Playground\PeopleRouteTest" classname="Tests.Feature.Playground.Crm.Resource.Http.Controllers.Playground.PeopleRouteTest" assertions="3" time="0.248257"/>
        <testcase name="test_json_lock_as_admin_and_succeed" file="/app/vendor/gammamatrix/playground-test/src/Feature/Http/Controllers/Resource/Playground/LockJsonTrait.php" line="67" class="Tests\Feature\Playground\Crm\Resource\Http\Controllers\Playground\PeopleRouteTest" classname="Tests.Feature.Playground.Crm.Resource.Http.Controllers.Playground.PeopleRouteTest" assertions="3" time="0.268796"/>
        <testcase name="test_json_lock_as_admin_and_succeed_with_no_redirect" file="/app/vendor/gammamatrix/playground-test/src/Feature/Http/Controllers/Resource/Playground/LockJsonTrait.php" line="99" class="Tests\Feature\Playground\Crm\Resource\Http\Controllers\Playground\PeopleRouteTest" classname="Tests.Feature.Playground.Crm.Resource.Http.Controllers.Playground.PeopleRouteTest" assertions="96" time="0.280254"/>
        <testcase name="test_json_lock_as_user_and_get_denied" file="/app/vendor/gammamatrix/playground-test/src/Feature/Http/Controllers/Resource/Playground/LockJsonTrait.php" line="144" class="Tests\Feature\Playground\Crm\Resource\Http\Controllers\Playground\PeopleRouteTest" classname="Tests.Feature.Playground.Crm.Resource.Http.Controllers.Playground.PeopleRouteTest" assertions="3" time="0.256138"/>
        <testcase name="test_guest_cannot_lock" file="/app/vendor/gammamatrix/playground-test/src/Feature/Http/Controllers/Resource/Playground/LockTrait.php" line="32" class="Tests\Feature\Playground\Crm\Resource\Http\Controllers\Playground\PeopleRouteTest" classname="Tests.Feature.Playground.Crm.Resource.Http.Controllers.Playground.PeopleRouteTest" assertions="3" time="0.247532"/>
        <testcase name="test_lock_as_admin_and_succeed" file="/app/vendor/gammamatrix/playground-test/src/Feature/Http/Controllers/Resource/Playground/LockTrait.php" line="62" class="Tests\Feature\Playground\Crm\Resource\Http\Controllers\Playground\PeopleRouteTest" classname="Tests.Feature.Playground.Crm.Resource.Http.Controllers.Playground.PeopleRouteTest" assertions="4" time="0.264596"/>
        <testcase name="test_lock_as_admin_and_succeed_with_redirect_to_index_with_sorted_by_locked_desc" file="/app/vendor/gammamatrix/playground-test/src/Feature/Http/Controllers/Resource/Playground/LockTrait.php" line="96" class="Tests\Feature\Playground\Crm\Resource\Http\Controllers\Playground\PeopleRouteTest" classname="Tests.Feature.Playground.Crm.Resource.Http.Controllers.Playground.PeopleRouteTest" assertions="4" time="0.268129"/>
        <testcase name="test_lock_as_user_and_get_denied" file="/app/vendor/gammamatrix/playground-test/src/Feature/Http/Controllers/Resource/Playground/LockTrait.php" line="133" class="Tests\Feature\Playground\Crm\Resource\Http\Controllers\Playground\PeopleRouteTest" classname="Tests.Feature.Playground.Crm.Resource.Http.Controllers.Playground.PeopleRouteTest" assertions="3" time="0.256254"/>
        <testcase name="test_json_guest_cannot_restore" file="/app/vendor/gammamatrix/playground-test/src/Feature/Http/Controllers/Resource/Playground/RestoreJsonTrait.php" line="33" class="Tests\Feature\Playground\Crm\Resource\Http\Controllers\Playground\PeopleRouteTest" classname="Tests.Feature.Playground.Crm.Resource.Http.Controllers.Playground.PeopleRouteTest" assertions="3" time="0.246907"/>
        <testcase name="test_json_restore_as_admin_and_succeed" file="/app/vendor/gammamatrix/playground-test/src/Feature/Http/Controllers/Resource/Playground/RestoreJsonTrait.php" line="65" class="Tests\Feature\Playground\Crm\Resource\Http\Controllers\Playground\PeopleRouteTest" classname="Tests.Feature.Playground.Crm.Resource.Http.Controllers.Playground.PeopleRouteTest" assertions="96" time="0.270928"/>
        <testcase name="test_json_restore_as_admin_and_succeed_with_no_redirect" file="/app/vendor/gammamatrix/playground-test/src/Feature/Http/Controllers/Resource/Playground/RestoreJsonTrait.php" line="101" class="Tests\Feature\Playground\Crm\Resource\Http\Controllers\Playground\PeopleRouteTest" classname="Tests.Feature.Playground.Crm.Resource.Http.Controllers.Playground.PeopleRouteTest" assertions="96" time="0.280123"/>
        <testcase name="test_json_restore_as_user_and_get_denied" file="/app/vendor/gammamatrix/playground-test/src/Feature/Http/Controllers/Resource/Playground/RestoreJsonTrait.php" line="144" class="Tests\Feature\Playground\Crm\Resource\Http\Controllers\Playground\PeopleRouteTest" classname="Tests.Feature.Playground.Crm.Resource.Http.Controllers.Playground.PeopleRouteTest" assertions="3" time="0.259632"/>
        <testcase name="test_guest_cannot_restore" file="/app/vendor/gammamatrix/playground-test/src/Feature/Http/Controllers/Resource/Playground/RestoreTrait.php" line="33" class="Tests\Feature\Playground\Crm\Resource\Http\Controllers\Playground\PeopleRouteTest" classname="Tests.Feature.Playground.Crm.Resource.Http.Controllers.Playground.PeopleRouteTest" assertions="3" time="0.252971"/>
        <testcase name="test_restore_as_admin_and_succeed" file="/app/vendor/gammamatrix/playground-test/src/Feature/Http/Controllers/Resource/Playground/RestoreTrait.php" line="65" class="Tests\Feature\Playground\Crm\Resource\Http\Controllers\Playground\PeopleRouteTest" classname="Tests.Feature.Playground.Crm.Resource.Http.Controllers.Playground.PeopleRouteTest" assertions="4" time="0.274689"/>
        <testcase name="test_restore_as_admin_and_succeed_with_redirect_to_index_with_only_trash" file="/app/vendor/gammamatrix/playground-test/src/Feature/Http/Controllers/Resource/Playground/RestoreTrait.php" line="101" class="Tests\Feature\Playground\Crm\Resource\Http\Controllers\Playground\PeopleRouteTest" classname="Tests.Feature.Playground.Crm.Resource.Http.Controllers.Playground.PeopleRouteTest" assertions="4" time="0.266402"/>
        <testcase name="test_restore_as_user_and_get_denied" file="/app/vendor/gammamatrix/playground-test/src/Feature/Http/Controllers/Resource/Playground/RestoreTrait.php" line="147" class="Tests\Feature\Playground\Crm\Resource\Http\Controllers\Playground\PeopleRouteTest" classname="Tests.Feature.Playground.Crm.Resource.Http.Controllers.Playground.PeopleRouteTest" assertions="3" time="0.261966"/>
        <testcase name="test_json_guest_cannot_see_info" file="/app/vendor/gammamatrix/playground-test/src/Feature/Http/Controllers/Resource/Playground/ShowJsonTrait.php" line="30" class="Tests\Feature\Playground\Crm\Resource\Http\Controllers\Playground\PeopleRouteTest" classname="Tests.Feature.Playground.Crm.Resource.Http.Controllers.Playground.PeopleRouteTest" assertions="1" time="0.249441"/>
        <testcase name="test_json_show_info_for_admin" file="/app/vendor/gammamatrix/playground-test/src/Feature/Http/Controllers/Resource/Playground/ShowJsonTrait.php" line="50" class="Tests\Feature\Playground\Crm\Resource\Http\Controllers\Playground\PeopleRouteTest" classname="Tests.Feature.Playground.Crm.Resource.Http.Controllers.Playground.PeopleRouteTest" assertions="95" time="0.282497"/>
        <testcase name="test_guest_cannot_render_show_view" file="/app/vendor/gammamatrix/playground-test/src/Feature/Http/Controllers/Resource/Playground/ShowTrait.php" line="30" class="Tests\Feature\Playground\Crm\Resource\Http\Controllers\Playground\PeopleRouteTest" classname="Tests.Feature.Playground.Crm.Resource.Http.Controllers.Playground.PeopleRouteTest" assertions="1" time="0.256267"/>
        <testcase name="test_show_view_rendered_by_admin" file="/app/vendor/gammamatrix/playground-test/src/Feature/Http/Controllers/Resource/Playground/ShowTrait.php" line="50" class="Tests\Feature\Playground\Crm\Resource\Http\Controllers\Playground\PeopleRouteTest" classname="Tests.Feature.Playground.Crm.Resource.Http.Controllers.Playground.PeopleRouteTest" assertions="2" time="0.287052"/>
        <testcase name="test_json_guest_cannot_store" file="/app/vendor/gammamatrix/playground-test/src/Feature/Http/Controllers/Resource/Playground/StoreJsonTrait.php" line="44" class="Tests\Feature\Playground\Crm\Resource\Http\Controllers\Playground\PeopleRouteTest" classname="Tests.Feature.Playground.Crm.Resource.Http.Controllers.Playground.PeopleRouteTest" assertions="3" time="0.252456"/>
        <testcase name="test_json_store_as_admin_without_payload_and_fail_validation" file="/app/vendor/gammamatrix/playground-test/src/Feature/Http/Controllers/Resource/Playground/StoreJsonTrait.php" line="67" class="Tests\Feature\Playground\Crm\Resource\Http\Controllers\Playground\PeopleRouteTest" classname="Tests.Feature.Playground.Crm.Resource.Http.Controllers.Playground.PeopleRouteTest" assertions="5" time="0.268151"/>
        <testcase name="test_json_store_as_admin_and_succeed" file="/app/vendor/gammamatrix/playground-test/src/Feature/Http/Controllers/Resource/Playground/StoreJsonTrait.php" line="93" class="Tests\Feature\Playground\Crm\Resource\Http\Controllers\Playground\PeopleRouteTest" classname="Tests.Feature.Playground.Crm.Resource.Http.Controllers.Playground.PeopleRouteTest" assertions="3" time="0.295376"/>
        <testcase name="test_guest_cannot_store" file="/app/vendor/gammamatrix/playground-test/src/Feature/Http/Controllers/Resource/Playground/StoreTrait.php" line="39" class="Tests\Feature\Playground\Crm\Resource\Http\Controllers\Playground\PeopleRouteTest" classname="Tests.Feature.Playground.Crm.Resource.Http.Controllers.Playground.PeopleRouteTest" assertions="3" time="0.252173"/>
        <testcase name="test_store_as_admin_without_payload_and_fail_validation" file="/app/vendor/gammamatrix/playground-test/src/Feature/Http/Controllers/Resource/Playground/StoreTrait.php" line="62" class="Tests\Feature\Playground\Crm\Resource\Http\Controllers\Playground\PeopleRouteTest" classname="Tests.Feature.Playground.Crm.Resource.Http.Controllers.Playground.PeopleRouteTest" assertions="5" time="0.272493"/>
        <testcase name="test_store_as_admin_and_succeed" file="/app/vendor/gammamatrix/playground-test/src/Feature/Http/Controllers/Resource/Playground/StoreTrait.php" line="91" class="Tests\Feature\Playground\Crm\Resource\Http\Controllers\Playground\PeopleRouteTest" classname="Tests.Feature.Playground.Crm.Resource.Http.Controllers.Playground.PeopleRouteTest" assertions="4" time="0.293530"/>
        <testcase name="test_store_as_admin_and_succeed_with_return_url" file="/app/vendor/gammamatrix/playground-test/src/Feature/Http/Controllers/Resource/Playground/StoreTrait.php" line="136" class="Tests\Feature\Playground\Crm\Resource\Http\Controllers\Playground\PeopleRouteTest" classname="Tests.Feature.Playground.Crm.Resource.Http.Controllers.Playground.PeopleRouteTest" assertions="4" time="0.290628"/>
        <testcase name="test_json_guest_cannot_unlock" file="/app/vendor/gammamatrix/playground-test/src/Feature/Http/Controllers/Resource/Playground/UnlockJsonTrait.php" line="37" class="Tests\Feature\Playground\Crm\Resource\Http\Controllers\Playground\PeopleRouteTest" classname="Tests.Feature.Playground.Crm.Resource.Http.Controllers.Playground.PeopleRouteTest" assertions="3" time="0.254376"/>
        <testcase name="test_json_unlock_as_admin_and_succeed" file="/app/vendor/gammamatrix/playground-test/src/Feature/Http/Controllers/Resource/Playground/UnlockJsonTrait.php" line="69" class="Tests\Feature\Playground\Crm\Resource\Http\Controllers\Playground\PeopleRouteTest" classname="Tests.Feature.Playground.Crm.Resource.Http.Controllers.Playground.PeopleRouteTest" assertions="96" time="0.279520"/>
        <testcase name="test_json_unlock_as_admin_and_succeed_with_no_redirect" file="/app/vendor/gammamatrix/playground-test/src/Feature/Http/Controllers/Resource/Playground/UnlockJsonTrait.php" line="105" class="Tests\Feature\Playground\Crm\Resource\Http\Controllers\Playground\PeopleRouteTest" classname="Tests.Feature.Playground.Crm.Resource.Http.Controllers.Playground.PeopleRouteTest" assertions="96" time="0.278368"/>
        <testcase name="test_json_unlock_as_user_and_get_denied" file="/app/vendor/gammamatrix/playground-test/src/Feature/Http/Controllers/Resource/Playground/UnlockJsonTrait.php" line="146" class="Tests\Feature\Playground\Crm\Resource\Http\Controllers\Playground\PeopleRouteTest" classname="Tests.Feature.Playground.Crm.Resource.Http.Controllers.Playground.PeopleRouteTest" assertions="3" time="0.265969"/>
        <testcase name="test_guest_cannot_unlock" file="/app/vendor/gammamatrix/playground-test/src/Feature/Http/Controllers/Resource/Playground/UnlockTrait.php" line="37" class="Tests\Feature\Playground\Crm\Resource\Http\Controllers\Playground\PeopleRouteTest" classname="Tests.Feature.Playground.Crm.Resource.Http.Controllers.Playground.PeopleRouteTest" assertions="3" time="0.258067"/>
        <testcase name="test_unlock_as_admin_and_succeed" file="/app/vendor/gammamatrix/playground-test/src/Feature/Http/Controllers/Resource/Playground/UnlockTrait.php" line="69" class="Tests\Feature\Playground\Crm\Resource\Http\Controllers\Playground\PeopleRouteTest" classname="Tests.Feature.Playground.Crm.Resource.Http.Controllers.Playground.PeopleRouteTest" assertions="4" time="0.282273"/>
        <testcase name="test_unlock_as_admin_and_succeed_with_redirect_to_index_with_sorted_by_unlocked_desc" file="/app/vendor/gammamatrix/playground-test/src/Feature/Http/Controllers/Resource/Playground/UnlockTrait.php" line="110" class="Tests\Feature\Playground\Crm\Resource\Http\Controllers\Playground\PeopleRouteTest" classname="Tests.Feature.Playground.Crm.Resource.Http.Controllers.Playground.PeopleRouteTest" assertions="4" time="0.269282"/>
        <testcase name="test_unlock_as_user_and_get_denied" file="/app/vendor/gammamatrix/playground-test/src/Feature/Http/Controllers/Resource/Playground/UnlockTrait.php" line="149" class="Tests\Feature\Playground\Crm\Resource\Http\Controllers\Playground\PeopleRouteTest" classname="Tests.Feature.Playground.Crm.Resource.Http.Controllers.Playground.PeopleRouteTest" assertions="3" time="0.264078"/>
        <testcase name="test_json_guest_cannot_update" file="/app/vendor/gammamatrix/playground-test/src/Feature/Http/Controllers/Resource/Playground/UpdateJsonTrait.php" line="46" class="Tests\Feature\Playground\Crm\Resource\Http\Controllers\Playground\PeopleRouteTest" classname="Tests.Feature.Playground.Crm.Resource.Http.Controllers.Playground.PeopleRouteTest" assertions="1" time="0.252385"/>
        <testcase name="test_json_update_as_admin_without_payload_and_passes_validation" file="/app/vendor/gammamatrix/playground-test/src/Feature/Http/Controllers/Resource/Playground/UpdateJsonTrait.php" line="66" class="Tests\Feature\Playground\Crm\Resource\Http\Controllers\Playground\PeopleRouteTest" classname="Tests.Feature.Playground.Crm.Resource.Http.Controllers.Playground.PeopleRouteTest" assertions="2" time="0.283629"/>
        <testcase name="test_json_admin_can_update" file="/app/vendor/gammamatrix/playground-test/src/Feature/Http/Controllers/Resource/Playground/UpdateJsonTrait.php" line="114" class="Tests\Feature\Playground\Crm\Resource\Http\Controllers\Playground\PeopleRouteTest" classname="Tests.Feature.Playground.Crm.Resource.Http.Controllers.Playground.PeopleRouteTest" assertions="98" time="0.325515"/>
        <testcase name="test_guest_cannot_update" file="/app/vendor/gammamatrix/playground-test/src/Feature/Http/Controllers/Resource/Playground/UpdateTrait.php" line="46" class="Tests\Feature\Playground\Crm\Resource\Http\Controllers\Playground\PeopleRouteTest" classname="Tests.Feature.Playground.Crm.Resource.Http.Controllers.Playground.PeopleRouteTest" assertions="1" time="0.255228"/>
        <testcase name="test_update_as_admin_without_payload_and_passes_validation" file="/app/vendor/gammamatrix/playground-test/src/Feature/Http/Controllers/Resource/Playground/UpdateTrait.php" line="66" class="Tests\Feature\Playground\Crm\Resource\Http\Controllers\Playground\PeopleRouteTest" classname="Tests.Feature.Playground.Crm.Resource.Http.Controllers.Playground.PeopleRouteTest" assertions="3" time="0.287490"/>
        <testcase name="test_admin_can_update" file="/app/vendor/gammamatrix/playground-test/src/Feature/Http/Controllers/Resource/Playground/UpdateTrait.php" line="117" class="Tests\Feature\Playground\Crm\Resource\Http\Controllers\Playground\PeopleRouteTest" classname="Tests.Feature.Playground.Crm.Resource.Http.Controllers.Playground.PeopleRouteTest" assertions="6" time="0.320424"/>
        <testcase name="test_admin_can_update_view_with_return_url" file="/app/vendor/gammamatrix/playground-test/src/Feature/Http/Controllers/Resource/Playground/UpdateTrait.php" line="160" class="Tests\Feature\Playground\Crm\Resource\Http\Controllers\Playground\PeopleRouteTest" classname="Tests.Feature.Playground.Crm.Resource.Http.Controllers.Playground.PeopleRouteTest" assertions="6" time="0.319241"/>
      </testsuite>
      <testsuite name="Tests\Feature\Playground\Crm\Resource\Http\Requests\FormRequest\InstanceTest" file="/app/tests/Feature/Http/Requests/FormRequest/InstanceTest.php" tests="1" assertions="1" errors="0" failures="0" skipped="0" time="0.228276">
        <testcase name="test_form_request_authorize_with_admin" file="/app/tests/Feature/Http/Requests/FormRequest/InstanceTest.php" line="23" class="Tests\Feature\Playground\Crm\Resource\Http\Requests\FormRequest\InstanceTest" classname="Tests.Feature.Playground.Crm.Resource.Http.Requests.FormRequest.InstanceTest" assertions="1" time="0.228276"/>
      </testsuite>
    </testsuite>
  </testsuite>
</testsuites>
