<?xml version="1.0" encoding="UTF-8"?>
<testsuites>
  <testsuite name="/app/phpunit-ci.xml" tests="433" assertions="5415" errors="0" failures="0" skipped="0" time="96.928789">
    <testsuite name="Unit" tests="64" assertions="69" errors="0" failures="0" skipped="0" time="2.781416">
      <testsuite name="Tests\Unit\Playground\Crm\Resource\Http\Requests\Client\CreateRequestTest" file="/app/tests/Unit/Http/Requests/Client/CreateRequestTest.php" tests="1" assertions="1" errors="0" failures="0" skipped="0" time="0.184314">
        <testcase name="test_request_instance" file="/app/vendor/gammamatrix/playground-test/src/Unit/Http/Requests/RequestCase.php" line="42" class="Tests\Unit\Playground\Crm\Resource\Http\Requests\Client\CreateRequestTest" classname="Tests.Unit.Playground.Crm.Resource.Http.Requests.Client.CreateRequestTest" assertions="1" time="0.184314"/>
      </testsuite>
      <testsuite name="Tests\Unit\Playground\Crm\Resource\Http\Requests\Client\DestroyRequestTest" file="/app/tests/Unit/Http/Requests/Client/DestroyRequestTest.php" tests="1" assertions="1" errors="0" failures="0" skipped="0" time="0.041983">
        <testcase name="test_request_instance" file="/app/vendor/gammamatrix/playground-test/src/Unit/Http/Requests/RequestCase.php" line="42" class="Tests\Unit\Playground\Crm\Resource\Http\Requests\Client\DestroyRequestTest" classname="Tests.Unit.Playground.Crm.Resource.Http.Requests.Client.DestroyRequestTest" assertions="1" time="0.041983"/>
      </testsuite>
      <testsuite name="Tests\Unit\Playground\Crm\Resource\Http\Requests\Client\EditRequestTest" file="/app/tests/Unit/Http/Requests/Client/EditRequestTest.php" tests="1" assertions="1" errors="0" failures="0" skipped="0" time="0.041947">
        <testcase name="test_request_instance" file="/app/vendor/gammamatrix/playground-test/src/Unit/Http/Requests/RequestCase.php" line="42" class="Tests\Unit\Playground\Crm\Resource\Http\Requests\Client\EditRequestTest" classname="Tests.Unit.Playground.Crm.Resource.Http.Requests.Client.EditRequestTest" assertions="1" time="0.041947"/>
      </testsuite>
      <testsuite name="Tests\Unit\Playground\Crm\Resource\Http\Requests\Client\IndexRequestTest" file="/app/tests/Unit/Http/Requests/Client/IndexRequestTest.php" tests="1" assertions="1" errors="0" failures="0" skipped="0" time="0.043341">
        <testcase name="test_request_instance" file="/app/vendor/gammamatrix/playground-test/src/Unit/Http/Requests/RequestCase.php" line="42" class="Tests\Unit\Playground\Crm\Resource\Http\Requests\Client\IndexRequestTest" classname="Tests.Unit.Playground.Crm.Resource.Http.Requests.Client.IndexRequestTest" assertions="1" time="0.043341"/>
      </testsuite>
      <testsuite name="Tests\Unit\Playground\Crm\Resource\Http\Requests\Client\LockRequestTest" file="/app/tests/Unit/Http/Requests/Client/LockRequestTest.php" tests="1" assertions="1" errors="0" failures="0" skipped="0" time="0.042256">
        <testcase name="test_request_instance" file="/app/vendor/gammamatrix/playground-test/src/Unit/Http/Requests/RequestCase.php" line="42" class="Tests\Unit\Playground\Crm\Resource\Http\Requests\Client\LockRequestTest" classname="Tests.Unit.Playground.Crm.Resource.Http.Requests.Client.LockRequestTest" assertions="1" time="0.042256"/>
      </testsuite>
      <testsuite name="Tests\Unit\Playground\Crm\Resource\Http\Requests\Client\RestoreRequestTest" file="/app/tests/Unit/Http/Requests/Client/RestoreRequestTest.php" tests="1" assertions="1" errors="0" failures="0" skipped="0" time="0.040918">
        <testcase name="test_request_instance" file="/app/vendor/gammamatrix/playground-test/src/Unit/Http/Requests/RequestCase.php" line="42" class="Tests\Unit\Playground\Crm\Resource\Http\Requests\Client\RestoreRequestTest" classname="Tests.Unit.Playground.Crm.Resource.Http.Requests.Client.RestoreRequestTest" assertions="1" time="0.040918"/>
      </testsuite>
      <testsuite name="Tests\Unit\Playground\Crm\Resource\Http\Requests\Client\ShowRequestTest" file="/app/tests/Unit/Http/Requests/Client/ShowRequestTest.php" tests="1" assertions="1" errors="0" failures="0" skipped="0" time="0.041787">
        <testcase name="test_request_instance" file="/app/vendor/gammamatrix/playground-test/src/Unit/Http/Requests/RequestCase.php" line="42" class="Tests\Unit\Playground\Crm\Resource\Http\Requests\Client\ShowRequestTest" classname="Tests.Unit.Playground.Crm.Resource.Http.Requests.Client.ShowRequestTest" assertions="1" time="0.041787"/>
      </testsuite>
      <testsuite name="Tests\Unit\Playground\Crm\Resource\Http\Requests\Client\StoreRequestTest" file="/app/tests/Unit/Http/Requests/Client/StoreRequestTest.php" tests="1" assertions="1" errors="0" failures="0" skipped="0" time="0.042460">
        <testcase name="test_request_instance" file="/app/vendor/gammamatrix/playground-test/src/Unit/Http/Requests/RequestCase.php" line="42" class="Tests\Unit\Playground\Crm\Resource\Http\Requests\Client\StoreRequestTest" classname="Tests.Unit.Playground.Crm.Resource.Http.Requests.Client.StoreRequestTest" assertions="1" time="0.042460"/>
      </testsuite>
      <testsuite name="Tests\Unit\Playground\Crm\Resource\Http\Requests\Client\UnlockRequestTest" file="/app/tests/Unit/Http/Requests/Client/UnlockRequestTest.php" tests="1" assertions="1" errors="0" failures="0" skipped="0" time="0.041669">
        <testcase name="test_request_instance" file="/app/vendor/gammamatrix/playground-test/src/Unit/Http/Requests/RequestCase.php" line="42" class="Tests\Unit\Playground\Crm\Resource\Http\Requests\Client\UnlockRequestTest" classname="Tests.Unit.Playground.Crm.Resource.Http.Requests.Client.UnlockRequestTest" assertions="1" time="0.041669"/>
      </testsuite>
      <testsuite name="Tests\Unit\Playground\Crm\Resource\Http\Requests\Client\UpdateRequestTest" file="/app/tests/Unit/Http/Requests/Client/UpdateRequestTest.php" tests="1" assertions="1" errors="0" failures="0" skipped="0" time="0.042335">
        <testcase name="test_request_instance" file="/app/vendor/gammamatrix/playground-test/src/Unit/Http/Requests/RequestCase.php" line="42" class="Tests\Unit\Playground\Crm\Resource\Http\Requests\Client\UpdateRequestTest" classname="Tests.Unit.Playground.Crm.Resource.Http.Requests.Client.UpdateRequestTest" assertions="1" time="0.042335"/>
      </testsuite>
      <testsuite name="Tests\Unit\Playground\Crm\Resource\Http\Requests\Contact\CreateRequestTest" file="/app/tests/Unit/Http/Requests/Contact/CreateRequestTest.php" tests="1" assertions="1" errors="0" failures="0" skipped="0" time="0.041196">
        <testcase name="test_request_instance" file="/app/vendor/gammamatrix/playground-test/src/Unit/Http/Requests/RequestCase.php" line="42" class="Tests\Unit\Playground\Crm\Resource\Http\Requests\Contact\CreateRequestTest" classname="Tests.Unit.Playground.Crm.Resource.Http.Requests.Contact.CreateRequestTest" assertions="1" time="0.041196"/>
      </testsuite>
      <testsuite name="Tests\Unit\Playground\Crm\Resource\Http\Requests\Contact\DestroyRequestTest" file="/app/tests/Unit/Http/Requests/Contact/DestroyRequestTest.php" tests="1" assertions="1" errors="0" failures="0" skipped="0" time="0.041149">
        <testcase name="test_request_instance" file="/app/vendor/gammamatrix/playground-test/src/Unit/Http/Requests/RequestCase.php" line="42" class="Tests\Unit\Playground\Crm\Resource\Http\Requests\Contact\DestroyRequestTest" classname="Tests.Unit.Playground.Crm.Resource.Http.Requests.Contact.DestroyRequestTest" assertions="1" time="0.041149"/>
      </testsuite>
      <testsuite name="Tests\Unit\Playground\Crm\Resource\Http\Requests\Contact\EditRequestTest" file="/app/tests/Unit/Http/Requests/Contact/EditRequestTest.php" tests="1" assertions="1" errors="0" failures="0" skipped="0" time="0.040888">
        <testcase name="test_request_instance" file="/app/vendor/gammamatrix/playground-test/src/Unit/Http/Requests/RequestCase.php" line="42" class="Tests\Unit\Playground\Crm\Resource\Http\Requests\Contact\EditRequestTest" classname="Tests.Unit.Playground.Crm.Resource.Http.Requests.Contact.EditRequestTest" assertions="1" time="0.040888"/>
      </testsuite>
      <testsuite name="Tests\Unit\Playground\Crm\Resource\Http\Requests\Contact\IndexRequestTest" file="/app/tests/Unit/Http/Requests/Contact/IndexRequestTest.php" tests="1" assertions="1" errors="0" failures="0" skipped="0" time="0.042142">
        <testcase name="test_request_instance" file="/app/vendor/gammamatrix/playground-test/src/Unit/Http/Requests/RequestCase.php" line="42" class="Tests\Unit\Playground\Crm\Resource\Http\Requests\Contact\IndexRequestTest" classname="Tests.Unit.Playground.Crm.Resource.Http.Requests.Contact.IndexRequestTest" assertions="1" time="0.042142"/>
      </testsuite>
      <testsuite name="Tests\Unit\Playground\Crm\Resource\Http\Requests\Contact\LockRequestTest" file="/app/tests/Unit/Http/Requests/Contact/LockRequestTest.php" tests="1" assertions="1" errors="0" failures="0" skipped="0" time="0.041018">
        <testcase name="test_request_instance" file="/app/vendor/gammamatrix/playground-test/src/Unit/Http/Requests/RequestCase.php" line="42" class="Tests\Unit\Playground\Crm\Resource\Http\Requests\Contact\LockRequestTest" classname="Tests.Unit.Playground.Crm.Resource.Http.Requests.Contact.LockRequestTest" assertions="1" time="0.041018"/>
      </testsuite>
      <testsuite name="Tests\Unit\Playground\Crm\Resource\Http\Requests\Contact\RestoreRequestTest" file="/app/tests/Unit/Http/Requests/Contact/RestoreRequestTest.php" tests="1" assertions="1" errors="0" failures="0" skipped="0" time="0.044879">
        <testcase name="test_request_instance" file="/app/vendor/gammamatrix/playground-test/src/Unit/Http/Requests/RequestCase.php" line="42" class="Tests\Unit\Playground\Crm\Resource\Http\Requests\Contact\RestoreRequestTest" classname="Tests.Unit.Playground.Crm.Resource.Http.Requests.Contact.RestoreRequestTest" assertions="1" time="0.044879"/>
      </testsuite>
      <testsuite name="Tests\Unit\Playground\Crm\Resource\Http\Requests\Contact\ShowRequestTest" file="/app/tests/Unit/Http/Requests/Contact/ShowRequestTest.php" tests="1" assertions="1" errors="0" failures="0" skipped="0" time="0.040911">
        <testcase name="test_request_instance" file="/app/vendor/gammamatrix/playground-test/src/Unit/Http/Requests/RequestCase.php" line="42" class="Tests\Unit\Playground\Crm\Resource\Http\Requests\Contact\ShowRequestTest" classname="Tests.Unit.Playground.Crm.Resource.Http.Requests.Contact.ShowRequestTest" assertions="1" time="0.040911"/>
      </testsuite>
      <testsuite name="Tests\Unit\Playground\Crm\Resource\Http\Requests\Contact\StoreRequestTest" file="/app/tests/Unit/Http/Requests/Contact/StoreRequestTest.php" tests="1" assertions="1" errors="0" failures="0" skipped="0" time="0.040203">
        <testcase name="test_request_instance" file="/app/vendor/gammamatrix/playground-test/src/Unit/Http/Requests/RequestCase.php" line="42" class="Tests\Unit\Playground\Crm\Resource\Http\Requests\Contact\StoreRequestTest" classname="Tests.Unit.Playground.Crm.Resource.Http.Requests.Contact.StoreRequestTest" assertions="1" time="0.040203"/>
      </testsuite>
      <testsuite name="Tests\Unit\Playground\Crm\Resource\Http\Requests\Contact\UnlockRequestTest" file="/app/tests/Unit/Http/Requests/Contact/UnlockRequestTest.php" tests="1" assertions="1" errors="0" failures="0" skipped="0" time="0.040653">
        <testcase name="test_request_instance" file="/app/vendor/gammamatrix/playground-test/src/Unit/Http/Requests/RequestCase.php" line="42" class="Tests\Unit\Playground\Crm\Resource\Http\Requests\Contact\UnlockRequestTest" classname="Tests.Unit.Playground.Crm.Resource.Http.Requests.Contact.UnlockRequestTest" assertions="1" time="0.040653"/>
      </testsuite>
      <testsuite name="Tests\Unit\Playground\Crm\Resource\Http\Requests\Contact\UpdateRequestTest" file="/app/tests/Unit/Http/Requests/Contact/UpdateRequestTest.php" tests="1" assertions="1" errors="0" failures="0" skipped="0" time="0.040556">
        <testcase name="test_request_instance" file="/app/vendor/gammamatrix/playground-test/src/Unit/Http/Requests/RequestCase.php" line="42" class="Tests\Unit\Playground\Crm\Resource\Http\Requests\Contact\UpdateRequestTest" classname="Tests.Unit.Playground.Crm.Resource.Http.Requests.Contact.UpdateRequestTest" assertions="1" time="0.040556"/>
      </testsuite>
      <testsuite name="Tests\Unit\Playground\Crm\Resource\Http\Requests\FormRequest\InstanceTest" file="/app/tests/Unit/Http/Requests/FormRequest/InstanceTest.php" tests="5" assertions="6" errors="0" failures="0" skipped="0" time="0.231572">
        <testcase name="test_form_request_authorize_without_user" file="/app/tests/Unit/Http/Requests/FormRequest/InstanceTest.php" line="23" class="Tests\Unit\Playground\Crm\Resource\Http\Requests\FormRequest\InstanceTest" classname="Tests.Unit.Playground.Crm.Resource.Http.Requests.FormRequest.InstanceTest" assertions="1" time="0.039739"/>
        <testcase name="test_rule_s_is_empty_by_default" file="/app/tests/Unit/Http/Requests/FormRequest/InstanceTest.php" line="30" class="Tests\Unit\Playground\Crm\Resource\Http\Requests\FormRequest\InstanceTest" classname="Tests.Unit.Playground.Crm.Resource.Http.Requests.FormRequest.InstanceTest" assertions="2" time="0.042212"/>
        <testcase name="test_user_has_admin_privileges_without_user" file="/app/tests/Unit/Http/Requests/FormRequest/InstanceTest.php" line="38" class="Tests\Unit\Playground\Crm\Resource\Http\Requests\FormRequest\InstanceTest" classname="Tests.Unit.Playground.Crm.Resource.Http.Requests.FormRequest.InstanceTest" assertions="1" time="0.039698"/>
        <testcase name="test_user_has_admin_privileges_with_admin" file="/app/tests/Unit/Http/Requests/FormRequest/InstanceTest.php" line="45" class="Tests\Unit\Playground\Crm\Resource\Http\Requests\FormRequest\InstanceTest" classname="Tests.Unit.Playground.Crm.Resource.Http.Requests.FormRequest.InstanceTest" assertions="1" time="0.063971"/>
        <testcase name="test_user_has_admin_privileges_with_default_laravel_user" file="/app/tests/Unit/Http/Requests/FormRequest/InstanceTest.php" line="57" class="Tests\Unit\Playground\Crm\Resource\Http\Requests\FormRequest\InstanceTest" classname="Tests.Unit.Playground.Crm.Resource.Http.Requests.FormRequest.InstanceTest" assertions="1" time="0.045952"/>
      </testsuite>
      <testsuite name="Tests\Unit\Playground\Crm\Resource\Http\Requests\Location\CreateRequestTest" file="/app/tests/Unit/Http/Requests/Location/CreateRequestTest.php" tests="1" assertions="1" errors="0" failures="0" skipped="0" time="0.040070">
        <testcase name="test_request_instance" file="/app/vendor/gammamatrix/playground-test/src/Unit/Http/Requests/RequestCase.php" line="42" class="Tests\Unit\Playground\Crm\Resource\Http\Requests\Location\CreateRequestTest" classname="Tests.Unit.Playground.Crm.Resource.Http.Requests.Location.CreateRequestTest" assertions="1" time="0.040070"/>
      </testsuite>
      <testsuite name="Tests\Unit\Playground\Crm\Resource\Http\Requests\Location\DestroyRequestTest" file="/app/tests/Unit/Http/Requests/Location/DestroyRequestTest.php" tests="1" assertions="1" errors="0" failures="0" skipped="0" time="0.039562">
        <testcase name="test_request_instance" file="/app/vendor/gammamatrix/playground-test/src/Unit/Http/Requests/RequestCase.php" line="42" class="Tests\Unit\Playground\Crm\Resource\Http\Requests\Location\DestroyRequestTest" classname="Tests.Unit.Playground.Crm.Resource.Http.Requests.Location.DestroyRequestTest" assertions="1" time="0.039562"/>
      </testsuite>
      <testsuite name="Tests\Unit\Playground\Crm\Resource\Http\Requests\Location\EditRequestTest" file="/app/tests/Unit/Http/Requests/Location/EditRequestTest.php" tests="1" assertions="1" errors="0" failures="0" skipped="0" time="0.039738">
        <testcase name="test_request_instance" file="/app/vendor/gammamatrix/playground-test/src/Unit/Http/Requests/RequestCase.php" line="42" class="Tests\Unit\Playground\Crm\Resource\Http\Requests\Location\EditRequestTest" classname="Tests.Unit.Playground.Crm.Resource.Http.Requests.Location.EditRequestTest" assertions="1" time="0.039738"/>
      </testsuite>
      <testsuite name="Tests\Unit\Playground\Crm\Resource\Http\Requests\Location\IndexRequestTest" file="/app/tests/Unit/Http/Requests/Location/IndexRequestTest.php" tests="1" assertions="1" errors="0" failures="0" skipped="0" time="0.039979">
        <testcase name="test_request_instance" file="/app/vendor/gammamatrix/playground-test/src/Unit/Http/Requests/RequestCase.php" line="42" class="Tests\Unit\Playground\Crm\Resource\Http\Requests\Location\IndexRequestTest" classname="Tests.Unit.Playground.Crm.Resource.Http.Requests.Location.IndexRequestTest" assertions="1" time="0.039979"/>
      </testsuite>
      <testsuite name="Tests\Unit\Playground\Crm\Resource\Http\Requests\Location\LockRequestTest" file="/app/tests/Unit/Http/Requests/Location/LockRequestTest.php" tests="1" assertions="1" errors="0" failures="0" skipped="0" time="0.040281">
        <testcase name="test_request_instance" file="/app/vendor/gammamatrix/playground-test/src/Unit/Http/Requests/RequestCase.php" line="42" class="Tests\Unit\Playground\Crm\Resource\Http\Requests\Location\LockRequestTest" classname="Tests.Unit.Playground.Crm.Resource.Http.Requests.Location.LockRequestTest" assertions="1" time="0.040281"/>
      </testsuite>
      <testsuite name="Tests\Unit\Playground\Crm\Resource\Http\Requests\Location\RestoreRequestTest" file="/app/tests/Unit/Http/Requests/Location/RestoreRequestTest.php" tests="1" assertions="1" errors="0" failures="0" skipped="0" time="0.041586">
        <testcase name="test_request_instance" file="/app/vendor/gammamatrix/playground-test/src/Unit/Http/Requests/RequestCase.php" line="42" class="Tests\Unit\Playground\Crm\Resource\Http\Requests\Location\RestoreRequestTest" classname="Tests.Unit.Playground.Crm.Resource.Http.Requests.Location.RestoreRequestTest" assertions="1" time="0.041586"/>
      </testsuite>
      <testsuite name="Tests\Unit\Playground\Crm\Resource\Http\Requests\Location\ShowRequestTest" file="/app/tests/Unit/Http/Requests/Location/ShowRequestTest.php" tests="1" assertions="1" errors="0" failures="0" skipped="0" time="0.040523">
        <testcase name="test_request_instance" file="/app/vendor/gammamatrix/playground-test/src/Unit/Http/Requests/RequestCase.php" line="42" class="Tests\Unit\Playground\Crm\Resource\Http\Requests\Location\ShowRequestTest" classname="Tests.Unit.Playground.Crm.Resource.Http.Requests.Location.ShowRequestTest" assertions="1" time="0.040523"/>
      </testsuite>
      <testsuite name="Tests\Unit\Playground\Crm\Resource\Http\Requests\Location\StoreRequestTest" file="/app/tests/Unit/Http/Requests/Location/StoreRequestTest.php" tests="1" assertions="1" errors="0" failures="0" skipped="0" time="0.042304">
        <testcase name="test_request_instance" file="/app/vendor/gammamatrix/playground-test/src/Unit/Http/Requests/RequestCase.php" line="42" class="Tests\Unit\Playground\Crm\Resource\Http\Requests\Location\StoreRequestTest" classname="Tests.Unit.Playground.Crm.Resource.Http.Requests.Location.StoreRequestTest" assertions="1" time="0.042304"/>
      </testsuite>
      <testsuite name="Tests\Unit\Playground\Crm\Resource\Http\Requests\Location\UnlockRequestTest" file="/app/tests/Unit/Http/Requests/Location/UnlockRequestTest.php" tests="1" assertions="1" errors="0" failures="0" skipped="0" time="0.040091">
        <testcase name="test_request_instance" file="/app/vendor/gammamatrix/playground-test/src/Unit/Http/Requests/RequestCase.php" line="42" class="Tests\Unit\Playground\Crm\Resource\Http\Requests\Location\UnlockRequestTest" classname="Tests.Unit.Playground.Crm.Resource.Http.Requests.Location.UnlockRequestTest" assertions="1" time="0.040091"/>
      </testsuite>
      <testsuite name="Tests\Unit\Playground\Crm\Resource\Http\Requests\Location\UpdateRequestTest" file="/app/tests/Unit/Http/Requests/Location/UpdateRequestTest.php" tests="1" assertions="1" errors="0" failures="0" skipped="0" time="0.040106">
        <testcase name="test_request_instance" file="/app/vendor/gammamatrix/playground-test/src/Unit/Http/Requests/RequestCase.php" line="42" class="Tests\Unit\Playground\Crm\Resource\Http\Requests\Location\UpdateRequestTest" classname="Tests.Unit.Playground.Crm.Resource.Http.Requests.Location.UpdateRequestTest" assertions="1" time="0.040106"/>
      </testsuite>
      <testsuite name="Tests\Unit\Playground\Crm\Resource\Http\Requests\Organization\CreateRequestTest" file="/app/tests/Unit/Http/Requests/Organization/CreateRequestTest.php" tests="1" assertions="1" errors="0" failures="0" skipped="0" time="0.039723">
        <testcase name="test_request_instance" file="/app/vendor/gammamatrix/playground-test/src/Unit/Http/Requests/RequestCase.php" line="42" class="Tests\Unit\Playground\Crm\Resource\Http\Requests\Organization\CreateRequestTest" classname="Tests.Unit.Playground.Crm.Resource.Http.Requests.Organization.CreateRequestTest" assertions="1" time="0.039723"/>
      </testsuite>
      <testsuite name="Tests\Unit\Playground\Crm\Resource\Http\Requests\Organization\DestroyRequestTest" file="/app/tests/Unit/Http/Requests/Organization/DestroyRequestTest.php" tests="1" assertions="1" errors="0" failures="0" skipped="0" time="0.039235">
        <testcase name="test_request_instance" file="/app/vendor/gammamatrix/playground-test/src/Unit/Http/Requests/RequestCase.php" line="42" class="Tests\Unit\Playground\Crm\Resource\Http\Requests\Organization\DestroyRequestTest" classname="Tests.Unit.Playground.Crm.Resource.Http.Requests.Organization.DestroyRequestTest" assertions="1" time="0.039235"/>
      </testsuite>
      <testsuite name="Tests\Unit\Playground\Crm\Resource\Http\Requests\Organization\EditRequestTest" file="/app/tests/Unit/Http/Requests/Organization/EditRequestTest.php" tests="1" assertions="1" errors="0" failures="0" skipped="0" time="0.040423">
        <testcase name="test_request_instance" file="/app/vendor/gammamatrix/playground-test/src/Unit/Http/Requests/RequestCase.php" line="42" class="Tests\Unit\Playground\Crm\Resource\Http\Requests\Organization\EditRequestTest" classname="Tests.Unit.Playground.Crm.Resource.Http.Requests.Organization.EditRequestTest" assertions="1" time="0.040423"/>
      </testsuite>
      <testsuite name="Tests\Unit\Playground\Crm\Resource\Http\Requests\Organization\IndexRequestTest" file="/app/tests/Unit/Http/Requests/Organization/IndexRequestTest.php" tests="1" assertions="1" errors="0" failures="0" skipped="0" time="0.040260">
        <testcase name="test_request_instance" file="/app/vendor/gammamatrix/playground-test/src/Unit/Http/Requests/RequestCase.php" line="42" class="Tests\Unit\Playground\Crm\Resource\Http\Requests\Organization\IndexRequestTest" classname="Tests.Unit.Playground.Crm.Resource.Http.Requests.Organization.IndexRequestTest" assertions="1" time="0.040260"/>
      </testsuite>
      <testsuite name="Tests\Unit\Playground\Crm\Resource\Http\Requests\Organization\LockRequestTest" file="/app/tests/Unit/Http/Requests/Organization/LockRequestTest.php" tests="1" assertions="1" errors="0" failures="0" skipped="0" time="0.039787">
        <testcase name="test_request_instance" file="/app/vendor/gammamatrix/playground-test/src/Unit/Http/Requests/RequestCase.php" line="42" class="Tests\Unit\Playground\Crm\Resource\Http\Requests\Organization\LockRequestTest" classname="Tests.Unit.Playground.Crm.Resource.Http.Requests.Organization.LockRequestTest" assertions="1" time="0.039787"/>
      </testsuite>
      <testsuite name="Tests\Unit\Playground\Crm\Resource\Http\Requests\Organization\RestoreRequestTest" file="/app/tests/Unit/Http/Requests/Organization/RestoreRequestTest.php" tests="1" assertions="1" errors="0" failures="0" skipped="0" time="0.039573">
        <testcase name="test_request_instance" file="/app/vendor/gammamatrix/playground-test/src/Unit/Http/Requests/RequestCase.php" line="42" class="Tests\Unit\Playground\Crm\Resource\Http\Requests\Organization\RestoreRequestTest" classname="Tests.Unit.Playground.Crm.Resource.Http.Requests.Organization.RestoreRequestTest" assertions="1" time="0.039573"/>
      </testsuite>
      <testsuite name="Tests\Unit\Playground\Crm\Resource\Http\Requests\Organization\ShowRequestTest" file="/app/tests/Unit/Http/Requests/Organization/ShowRequestTest.php" tests="1" assertions="1" errors="0" failures="0" skipped="0" time="0.040410">
        <testcase name="test_request_instance" file="/app/vendor/gammamatrix/playground-test/src/Unit/Http/Requests/RequestCase.php" line="42" class="Tests\Unit\Playground\Crm\Resource\Http\Requests\Organization\ShowRequestTest" classname="Tests.Unit.Playground.Crm.Resource.Http.Requests.Organization.ShowRequestTest" assertions="1" time="0.040410"/>
      </testsuite>
      <testsuite name="Tests\Unit\Playground\Crm\Resource\Http\Requests\Organization\StoreRequestTest" file="/app/tests/Unit/Http/Requests/Organization/StoreRequestTest.php" tests="1" assertions="1" errors="0" failures="0" skipped="0" time="0.040457">
        <testcase name="test_request_instance" file="/app/vendor/gammamatrix/playground-test/src/Unit/Http/Requests/RequestCase.php" line="42" class="Tests\Unit\Playground\Crm\Resource\Http\Requests\Organization\StoreRequestTest" classname="Tests.Unit.Playground.Crm.Resource.Http.Requests.Organization.StoreRequestTest" assertions="1" time="0.040457"/>
      </testsuite>
      <testsuite name="Tests\Unit\Playground\Crm\Resource\Http\Requests\Organization\UnlockRequestTest" file="/app/tests/Unit/Http/Requests/Organization/UnlockRequestTest.php" tests="1" assertions="1" errors="0" failures="0" skipped="0" time="0.039884">
        <testcase name="test_request_instance" file="/app/vendor/gammamatrix/playground-test/src/Unit/Http/Requests/RequestCase.php" line="42" class="Tests\Unit\Playground\Crm\Resource\Http\Requests\Organization\UnlockRequestTest" classname="Tests.Unit.Playground.Crm.Resource.Http.Requests.Organization.UnlockRequestTest" assertions="1" time="0.039884"/>
      </testsuite>
      <testsuite name="Tests\Unit\Playground\Crm\Resource\Http\Requests\Organization\UpdateRequestTest" file="/app/tests/Unit/Http/Requests/Organization/UpdateRequestTest.php" tests="1" assertions="1" errors="0" failures="0" skipped="0" time="0.040380">
        <testcase name="test_request_instance" file="/app/vendor/gammamatrix/playground-test/src/Unit/Http/Requests/RequestCase.php" line="42" class="Tests\Unit\Playground\Crm\Resource\Http\Requests\Organization\UpdateRequestTest" classname="Tests.Unit.Playground.Crm.Resource.Http.Requests.Organization.UpdateRequestTest" assertions="1" time="0.040380"/>
      </testsuite>
      <testsuite name="Tests\Unit\Playground\Crm\Resource\Http\Requests\People\CreateRequestTest" file="/app/tests/Unit/Http/Requests/People/CreateRequestTest.php" tests="1" assertions="1" errors="0" failures="0" skipped="0" time="0.039947">
        <testcase name="test_request_instance" file="/app/vendor/gammamatrix/playground-test/src/Unit/Http/Requests/RequestCase.php" line="42" class="Tests\Unit\Playground\Crm\Resource\Http\Requests\People\CreateRequestTest" classname="Tests.Unit.Playground.Crm.Resource.Http.Requests.People.CreateRequestTest" assertions="1" time="0.039947"/>
      </testsuite>
      <testsuite name="Tests\Unit\Playground\Crm\Resource\Http\Requests\People\DestroyRequestTest" file="/app/tests/Unit/Http/Requests/People/DestroyRequestTest.php" tests="1" assertions="1" errors="0" failures="0" skipped="0" time="0.039772">
        <testcase name="test_request_instance" file="/app/vendor/gammamatrix/playground-test/src/Unit/Http/Requests/RequestCase.php" line="42" class="Tests\Unit\Playground\Crm\Resource\Http\Requests\People\DestroyRequestTest" classname="Tests.Unit.Playground.Crm.Resource.Http.Requests.People.DestroyRequestTest" assertions="1" time="0.039772"/>
      </testsuite>
      <testsuite name="Tests\Unit\Playground\Crm\Resource\Http\Requests\People\EditRequestTest" file="/app/tests/Unit/Http/Requests/People/EditRequestTest.php" tests="1" assertions="1" errors="0" failures="0" skipped="0" time="0.039975">
        <testcase name="test_request_instance" file="/app/vendor/gammamatrix/playground-test/src/Unit/Http/Requests/RequestCase.php" line="42" class="Tests\Unit\Playground\Crm\Resource\Http\Requests\People\EditRequestTest" classname="Tests.Unit.Playground.Crm.Resource.Http.Requests.People.EditRequestTest" assertions="1" time="0.039975"/>
      </testsuite>
      <testsuite name="Tests\Unit\Playground\Crm\Resource\Http\Requests\People\IndexRequestTest" file="/app/tests/Unit/Http/Requests/People/IndexRequestTest.php" tests="1" assertions="1" errors="0" failures="0" skipped="0" time="0.040706">
        <testcase name="test_request_instance" file="/app/vendor/gammamatrix/playground-test/src/Unit/Http/Requests/RequestCase.php" line="42" class="Tests\Unit\Playground\Crm\Resource\Http\Requests\People\IndexRequestTest" classname="Tests.Unit.Playground.Crm.Resource.Http.Requests.People.IndexRequestTest" assertions="1" time="0.040706"/>
      </testsuite>
      <testsuite name="Tests\Unit\Playground\Crm\Resource\Http\Requests\People\LockRequestTest" file="/app/tests/Unit/Http/Requests/People/LockRequestTest.php" tests="1" assertions="1" errors="0" failures="0" skipped="0" time="0.043236">
        <testcase name="test_request_instance" file="/app/vendor/gammamatrix/playground-test/src/Unit/Http/Requests/RequestCase.php" line="42" class="Tests\Unit\Playground\Crm\Resource\Http\Requests\People\LockRequestTest" classname="Tests.Unit.Playground.Crm.Resource.Http.Requests.People.LockRequestTest" assertions="1" time="0.043236"/>
      </testsuite>
      <testsuite name="Tests\Unit\Playground\Crm\Resource\Http\Requests\People\RestoreRequestTest" file="/app/tests/Unit/Http/Requests/People/RestoreRequestTest.php" tests="1" assertions="1" errors="0" failures="0" skipped="0" time="0.040384">
        <testcase name="test_request_instance" file="/app/vendor/gammamatrix/playground-test/src/Unit/Http/Requests/RequestCase.php" line="42" class="Tests\Unit\Playground\Crm\Resource\Http\Requests\People\RestoreRequestTest" classname="Tests.Unit.Playground.Crm.Resource.Http.Requests.People.RestoreRequestTest" assertions="1" time="0.040384"/>
      </testsuite>
      <testsuite name="Tests\Unit\Playground\Crm\Resource\Http\Requests\People\ShowRequestTest" file="/app/tests/Unit/Http/Requests/People/ShowRequestTest.php" tests="1" assertions="1" errors="0" failures="0" skipped="0" time="0.040572">
        <testcase name="test_request_instance" file="/app/vendor/gammamatrix/playground-test/src/Unit/Http/Requests/RequestCase.php" line="42" class="Tests\Unit\Playground\Crm\Resource\Http\Requests\People\ShowRequestTest" classname="Tests.Unit.Playground.Crm.Resource.Http.Requests.People.ShowRequestTest" assertions="1" time="0.040572"/>
      </testsuite>
      <testsuite name="Tests\Unit\Playground\Crm\Resource\Http\Requests\People\StoreRequestTest" file="/app/tests/Unit/Http/Requests/People/StoreRequestTest.php" tests="1" assertions="1" errors="0" failures="0" skipped="0" time="0.041594">
        <testcase name="test_request_instance" file="/app/vendor/gammamatrix/playground-test/src/Unit/Http/Requests/RequestCase.php" line="42" class="Tests\Unit\Playground\Crm\Resource\Http\Requests\People\StoreRequestTest" classname="Tests.Unit.Playground.Crm.Resource.Http.Requests.People.StoreRequestTest" assertions="1" time="0.041594"/>
      </testsuite>
      <testsuite name="Tests\Unit\Playground\Crm\Resource\Http\Requests\People\UnlockRequestTest" file="/app/tests/Unit/Http/Requests/People/UnlockRequestTest.php" tests="1" assertions="1" errors="0" failures="0" skipped="0" time="0.040834">
        <testcase name="test_request_instance" file="/app/vendor/gammamatrix/playground-test/src/Unit/Http/Requests/RequestCase.php" line="42" class="Tests\Unit\Playground\Crm\Resource\Http\Requests\People\UnlockRequestTest" classname="Tests.Unit.Playground.Crm.Resource.Http.Requests.People.UnlockRequestTest" assertions="1" time="0.040834"/>
      </testsuite>
      <testsuite name="Tests\Unit\Playground\Crm\Resource\Http\Requests\People\UpdateRequestTest" file="/app/tests/Unit/Http/Requests/People/UpdateRequestTest.php" tests="1" assertions="1" errors="0" failures="0" skipped="0" time="0.040421">
        <testcase name="test_request_instance" file="/app/vendor/gammamatrix/playground-test/src/Unit/Http/Requests/RequestCase.php" line="42" class="Tests\Unit\Playground\Crm\Resource\Http\Requests\People\UpdateRequestTest" classname="Tests.Unit.Playground.Crm.Resource.Http.Requests.People.UpdateRequestTest" assertions="1" time="0.040421"/>
      </testsuite>
      <testsuite name="Tests\Unit\Playground\Crm\Resource\Policies\ClientPolicy\PolicyTest" file="/app/tests/Unit/Policies/ClientPolicy/PolicyTest.php" tests="1" assertions="1" errors="0" failures="0" skipped="0" time="0.039583">
        <testcase name="test_policy_instance" file="/app/tests/Unit/Policies/ClientPolicy/PolicyTest.php" line="21" class="Tests\Unit\Playground\Crm\Resource\Policies\ClientPolicy\PolicyTest" classname="Tests.Unit.Playground.Crm.Resource.Policies.ClientPolicy.PolicyTest" assertions="1" time="0.039583"/>
      </testsuite>
      <testsuite name="Tests\Unit\Playground\Crm\Resource\Policies\ContactPolicy\PolicyTest" file="/app/tests/Unit/Policies/ContactPolicy/PolicyTest.php" tests="1" assertions="1" errors="0" failures="0" skipped="0" time="0.039658">
        <testcase name="test_policy_instance" file="/app/tests/Unit/Policies/ContactPolicy/PolicyTest.php" line="21" class="Tests\Unit\Playground\Crm\Resource\Policies\ContactPolicy\PolicyTest" classname="Tests.Unit.Playground.Crm.Resource.Policies.ContactPolicy.PolicyTest" assertions="1" time="0.039658"/>
      </testsuite>
      <testsuite name="Tests\Unit\Playground\Crm\Resource\Policies\LocationPolicy\PolicyTest" file="/app/tests/Unit/Policies/LocationPolicy/PolicyTest.php" tests="1" assertions="1" errors="0" failures="0" skipped="0" time="0.039669">
        <testcase name="test_policy_instance" file="/app/tests/Unit/Policies/LocationPolicy/PolicyTest.php" line="21" class="Tests\Unit\Playground\Crm\Resource\Policies\LocationPolicy\PolicyTest" classname="Tests.Unit.Playground.Crm.Resource.Policies.LocationPolicy.PolicyTest" assertions="1" time="0.039669"/>
      </testsuite>
      <testsuite name="Tests\Unit\Playground\Crm\Resource\Policies\OrganizationPolicy\PolicyTest" file="/app/tests/Unit/Policies/OrganizationPolicy/PolicyTest.php" tests="1" assertions="1" errors="0" failures="0" skipped="0" time="0.039549">
        <testcase name="test_policy_instance" file="/app/tests/Unit/Policies/OrganizationPolicy/PolicyTest.php" line="21" class="Tests\Unit\Playground\Crm\Resource\Policies\OrganizationPolicy\PolicyTest" classname="Tests.Unit.Playground.Crm.Resource.Policies.OrganizationPolicy.PolicyTest" assertions="1" time="0.039549"/>
      </testsuite>
      <testsuite name="Tests\Unit\Playground\Crm\Resource\Policies\PeoplePolicy\PolicyTest" file="/app/tests/Unit/Policies/PeoplePolicy/PolicyTest.php" tests="1" assertions="1" errors="0" failures="0" skipped="0" time="0.040196">
        <testcase name="test_policy_instance" file="/app/tests/Unit/Policies/PeoplePolicy/PolicyTest.php" line="21" class="Tests\Unit\Playground\Crm\Resource\Policies\PeoplePolicy\PolicyTest" classname="Tests.Unit.Playground.Crm.Resource.Policies.PeoplePolicy.PolicyTest" assertions="1" time="0.040196"/>
      </testsuite>
      <testsuite name="Tests\Unit\Playground\Crm\Resource\ServiceProvider\InstanceTest" file="/app/tests/Unit/ServiceProvider/InstanceTest.php" tests="4" assertions="8" errors="0" failures="0" skipped="0" time="0.162770">
        <testcase name="test_version_matches" file="/app/tests/Unit/ServiceProvider/InstanceTest.php" line="22" class="Tests\Unit\Playground\Crm\Resource\ServiceProvider\InstanceTest" classname="Tests.Unit.Playground.Crm.Resource.ServiceProvider.InstanceTest" assertions="3" time="0.040398"/>
        <testcase name="test_set_policies_with_empty_array" file="/app/tests/Unit/ServiceProvider/InstanceTest.php" line="32" class="Tests\Unit\Playground\Crm\Resource\ServiceProvider\InstanceTest" classname="Tests.Unit.Playground.Crm.Resource.ServiceProvider.InstanceTest" assertions="1" time="0.040267"/>
        <testcase name="test_set_policies_with_invalid_model" file="/app/tests/Unit/ServiceProvider/InstanceTest.php" line="46" class="Tests\Unit\Playground\Crm\Resource\ServiceProvider\InstanceTest" classname="Tests.Unit.Playground.Crm.Resource.ServiceProvider.InstanceTest" assertions="2" time="0.041445"/>
        <testcase name="test_set_policies_with_invalid_policy" file="/app/tests/Unit/ServiceProvider/InstanceTest.php" line="77" class="Tests\Unit\Playground\Crm\Resource\ServiceProvider\InstanceTest" classname="Tests.Unit.Playground.Crm.Resource.ServiceProvider.InstanceTest" assertions="2" time="0.040660"/>
      </testsuite>
    </testsuite>
    <testsuite name="Feature" tests="369" assertions="5346" errors="0" failures="0" skipped="0" time="94.147373">
      <testsuite name="Tests\Feature\Playground\Crm\Resource\Console\Commands\About\CommandTest" file="/app/tests/Feature/Console/Commands/About/CommandTest.php" tests="1" assertions="2" errors="0" failures="0" skipped="0" time="0.501636">
        <testcase name="test_command_about_displays_package_information_and_succeed" file="/app/tests/Feature/Console/Commands/About/CommandTest.php" line="22" class="Tests\Feature\Playground\Crm\Resource\Console\Commands\About\CommandTest" classname="Tests.Feature.Playground.Crm.Resource.Console.Commands.About.CommandTest" assertions="2" time="0.501636"/>
      </testsuite>
      <testsuite name="Tests\Feature\Playground\Crm\Resource\Http\Controllers\Playground\ClientRouteTest" file="/app/tests/Feature/Http/Controllers/Playground/ClientRouteTest.php" tests="73" assertions="1068" errors="0" failures="0" skipped="0" time="18.809403">
        <testcase name="test_json_guest_cannot_get_create_info" file="/app/vendor/gammamatrix/playground-test/src/Feature/Http/Controllers/Resource/Playground/CreateJsonTrait.php" line="39" class="Tests\Feature\Playground\Crm\Resource\Http\Controllers\Playground\ClientRouteTest" classname="Tests.Feature.Playground.Crm.Resource.Http.Controllers.Playground.ClientRouteTest" assertions="1" time="0.240645"/>
        <testcase name="test_json_admin_can_get_create_info" file="/app/vendor/gammamatrix/playground-test/src/Feature/Http/Controllers/Resource/Playground/CreateJsonTrait.php" line="54" class="Tests\Feature\Playground\Crm\Resource\Http\Controllers\Playground\ClientRouteTest" classname="Tests.Feature.Playground.Crm.Resource.Http.Controllers.Playground.ClientRouteTest" assertions="94" time="0.256420"/>
        <testcase name="test_json_get_create_info_as_admin_with_invalid_parameter_and_fail_validation" file="/app/vendor/gammamatrix/playground-test/src/Feature/Http/Controllers/Resource/Playground/CreateJsonTrait.php" line="74" class="Tests\Feature\Playground\Crm\Resource\Http\Controllers\Playground\ClientRouteTest" classname="Tests.Feature.Playground.Crm.Resource.Http.Controllers.Playground.ClientRouteTest" assertions="4" time="0.233001"/>
        <testcase name="test_guest_cannot_render_create_view" file="/app/vendor/gammamatrix/playground-test/src/Feature/Http/Controllers/Resource/Playground/CreateTrait.php" line="34" class="Tests\Feature\Playground\Crm\Resource\Http\Controllers\Playground\ClientRouteTest" classname="Tests.Feature.Playground.Crm.Resource.Http.Controllers.Playground.ClientRouteTest" assertions="1" time="0.221926"/>
        <testcase name="test_admin_can_render_create_view" file="/app/vendor/gammamatrix/playground-test/src/Feature/Http/Controllers/Resource/Playground/CreateTrait.php" line="48" class="Tests\Feature\Playground\Crm\Resource\Http\Controllers\Playground\ClientRouteTest" classname="Tests.Feature.Playground.Crm.Resource.Http.Controllers.Playground.ClientRouteTest" assertions="2" time="0.304650"/>
        <testcase name="test_admin_can_render_create_view_with_return_url" file="/app/vendor/gammamatrix/playground-test/src/Feature/Http/Controllers/Resource/Playground/CreateTrait.php" line="66" class="Tests\Feature\Playground\Crm\Resource\Http\Controllers\Playground\ClientRouteTest" classname="Tests.Feature.Playground.Crm.Resource.Http.Controllers.Playground.ClientRouteTest" assertions="3" time="0.275784"/>
        <testcase name="test_create_view_as_admin_with_invalid_parameter_and_fail_validation_and_redirect" file="/app/vendor/gammamatrix/playground-test/src/Feature/Http/Controllers/Resource/Playground/CreateTrait.php" line="93" class="Tests\Feature\Playground\Crm\Resource\Http\Controllers\Playground\ClientRouteTest" classname="Tests.Feature.Playground.Crm.Resource.Http.Controllers.Playground.ClientRouteTest" assertions="5" time="0.233142"/>
        <testcase name="test_json_guest_cannot_destroy" file="/app/vendor/gammamatrix/playground-test/src/Feature/Http/Controllers/Resource/Playground/DestroyJsonTrait.php" line="32" class="Tests\Feature\Playground\Crm\Resource\Http\Controllers\Playground\ClientRouteTest" classname="Tests.Feature.Playground.Crm.Resource.Http.Controllers.Playground.ClientRouteTest" assertions="3" time="0.227704"/>
        <testcase name="test_json_destroy_as_admin_and_succeed" file="/app/vendor/gammamatrix/playground-test/src/Feature/Http/Controllers/Resource/Playground/DestroyJsonTrait.php" line="62" class="Tests\Feature\Playground\Crm\Resource\Http\Controllers\Playground\ClientRouteTest" classname="Tests.Feature.Playground.Crm.Resource.Http.Controllers.Playground.ClientRouteTest" assertions="5" time="0.239552"/>
        <testcase name="test_json_destroy_as_admin_and_succeed_with_force_delete" file="/app/vendor/gammamatrix/playground-test/src/Feature/Http/Controllers/Resource/Playground/DestroyJsonTrait.php" line="101" class="Tests\Feature\Playground\Crm\Resource\Http\Controllers\Playground\ClientRouteTest" classname="Tests.Feature.Playground.Crm.Resource.Http.Controllers.Playground.ClientRouteTest" assertions="4" time="0.237555"/>
        <testcase name="test_json_destroy_as_admin_and_succeed_with_no_content" file="/app/vendor/gammamatrix/playground-test/src/Feature/Http/Controllers/Resource/Playground/DestroyJsonTrait.php" line="133" class="Tests\Feature\Playground\Crm\Resource\Http\Controllers\Playground\ClientRouteTest" classname="Tests.Feature.Playground.Crm.Resource.Http.Controllers.Playground.ClientRouteTest" assertions="5" time="0.237186"/>
        <testcase name="test_json_destroy_as_admin_and_succeed_and_ignore_redirect" file="/app/vendor/gammamatrix/playground-test/src/Feature/Http/Controllers/Resource/Playground/DestroyJsonTrait.php" line="168" class="Tests\Feature\Playground\Crm\Resource\Http\Controllers\Playground\ClientRouteTest" classname="Tests.Feature.Playground.Crm.Resource.Http.Controllers.Playground.ClientRouteTest" assertions="5" time="0.243671"/>
        <testcase name="test_json_destroy_as_user_and_get_denied_and_no_force_delete_allowed" file="/app/vendor/gammamatrix/playground-test/src/Feature/Http/Controllers/Resource/Playground/DestroyJsonTrait.php" line="210" class="Tests\Feature\Playground\Crm\Resource\Http\Controllers\Playground\ClientRouteTest" classname="Tests.Feature.Playground.Crm.Resource.Http.Controllers.Playground.ClientRouteTest" assertions="3" time="0.234682"/>
        <testcase name="test_guest_cannot_destroy" file="/app/vendor/gammamatrix/playground-test/src/Feature/Http/Controllers/Resource/Playground/DestroyTrait.php" line="32" class="Tests\Feature\Playground\Crm\Resource\Http\Controllers\Playground\ClientRouteTest" classname="Tests.Feature.Playground.Crm.Resource.Http.Controllers.Playground.ClientRouteTest" assertions="3" time="0.227444"/>
        <testcase name="test_destroy_as_admin_and_succeed" file="/app/vendor/gammamatrix/playground-test/src/Feature/Http/Controllers/Resource/Playground/DestroyTrait.php" line="62" class="Tests\Feature\Playground\Crm\Resource\Http\Controllers\Playground\ClientRouteTest" classname="Tests.Feature.Playground.Crm.Resource.Http.Controllers.Playground.ClientRouteTest" assertions="5" time="0.238169"/>
        <testcase name="test_destroy_as_admin_and_succeed_with_force_delete" file="/app/vendor/gammamatrix/playground-test/src/Feature/Http/Controllers/Resource/Playground/DestroyTrait.php" line="98" class="Tests\Feature\Playground\Crm\Resource\Http\Controllers\Playground\ClientRouteTest" classname="Tests.Feature.Playground.Crm.Resource.Http.Controllers.Playground.ClientRouteTest" assertions="4" time="0.242686"/>
        <testcase name="test_destroy_as_admin_and_succeed_with_redirect_to_index_with_trash" file="/app/vendor/gammamatrix/playground-test/src/Feature/Http/Controllers/Resource/Playground/DestroyTrait.php" line="130" class="Tests\Feature\Playground\Crm\Resource\Http\Controllers\Playground\ClientRouteTest" classname="Tests.Feature.Playground.Crm.Resource.Http.Controllers.Playground.ClientRouteTest" assertions="5" time="0.241879"/>
        <testcase name="test_destroy_as_user_and_get_denied_and_no_force_delete_allowed" file="/app/vendor/gammamatrix/playground-test/src/Feature/Http/Controllers/Resource/Playground/DestroyTrait.php" line="172" class="Tests\Feature\Playground\Crm\Resource\Http\Controllers\Playground\ClientRouteTest" classname="Tests.Feature.Playground.Crm.Resource.Http.Controllers.Playground.ClientRouteTest" assertions="3" time="0.240937"/>
        <testcase name="test_json_guest_cannot_get_edit_info" file="/app/vendor/gammamatrix/playground-test/src/Feature/Http/Controllers/Resource/Playground/EditJsonTrait.php" line="39" class="Tests\Feature\Playground\Crm\Resource\Http\Controllers\Playground\ClientRouteTest" classname="Tests.Feature.Playground.Crm.Resource.Http.Controllers.Playground.ClientRouteTest" assertions="1" time="0.231433"/>
        <testcase name="test_json_admin_can_get_edit_info" file="/app/vendor/gammamatrix/playground-test/src/Feature/Http/Controllers/Resource/Playground/EditJsonTrait.php" line="59" class="Tests\Feature\Playground\Crm\Resource\Http\Controllers\Playground\ClientRouteTest" classname="Tests.Feature.Playground.Crm.Resource.Http.Controllers.Playground.ClientRouteTest" assertions="4" time="0.259561"/>
        <testcase name="test_json_edit_as_admin_and_fail_validation_with_invalid_parameter" file="/app/vendor/gammamatrix/playground-test/src/Feature/Http/Controllers/Resource/Playground/EditJsonTrait.php" line="88" class="Tests\Feature\Playground\Crm\Resource\Http\Controllers\Playground\ClientRouteTest" classname="Tests.Feature.Playground.Crm.Resource.Http.Controllers.Playground.ClientRouteTest" assertions="4" time="0.249163"/>
        <testcase name="test_guest_cannot_render_edit_view" file="/app/vendor/gammamatrix/playground-test/src/Feature/Http/Controllers/Resource/Playground/EditTrait.php" line="34" class="Tests\Feature\Playground\Crm\Resource\Http\Controllers\Playground\ClientRouteTest" classname="Tests.Feature.Playground.Crm.Resource.Http.Controllers.Playground.ClientRouteTest" assertions="1" time="0.233932"/>
        <testcase name="test_admin_can_render_edit_view" file="/app/vendor/gammamatrix/playground-test/src/Feature/Http/Controllers/Resource/Playground/EditTrait.php" line="54" class="Tests\Feature\Playground\Crm\Resource\Http\Controllers\Playground\ClientRouteTest" classname="Tests.Feature.Playground.Crm.Resource.Http.Controllers.Playground.ClientRouteTest" assertions="2" time="0.280248"/>
        <testcase name="test_admin_can_render_edit_view_with_return_url" file="/app/vendor/gammamatrix/playground-test/src/Feature/Http/Controllers/Resource/Playground/EditTrait.php" line="78" class="Tests\Feature\Playground\Crm\Resource\Http\Controllers\Playground\ClientRouteTest" classname="Tests.Feature.Playground.Crm.Resource.Http.Controllers.Playground.ClientRouteTest" assertions="3" time="0.280533"/>
        <testcase name="test_edit_view_as_admin_with_invalid_parameter_and_fail_validation_and_redirect" file="/app/vendor/gammamatrix/playground-test/src/Feature/Http/Controllers/Resource/Playground/EditTrait.php" line="110" class="Tests\Feature\Playground\Crm\Resource\Http\Controllers\Playground\ClientRouteTest" classname="Tests.Feature.Playground.Crm.Resource.Http.Controllers.Playground.ClientRouteTest" assertions="4" time="0.248589"/>
        <testcase name="test_json_guest_cannot_get_index" file="/app/vendor/gammamatrix/playground-test/src/Feature/Http/Controllers/Resource/Playground/IndexJsonTrait.php" line="35" class="Tests\Feature\Playground\Crm\Resource\Http\Controllers\Playground\ClientRouteTest" classname="Tests.Feature.Playground.Crm.Resource.Http.Controllers.Playground.ClientRouteTest" assertions="1" time="0.229623"/>
        <testcase name="test_json_admin_can_get_index" file="/app/vendor/gammamatrix/playground-test/src/Feature/Http/Controllers/Resource/Playground/IndexJsonTrait.php" line="50" class="Tests\Feature\Playground\Crm\Resource\Http\Controllers\Playground\ClientRouteTest" classname="Tests.Feature.Playground.Crm.Resource.Http.Controllers.Playground.ClientRouteTest" assertions="98" time="0.253121"/>
        <testcase name="test_json_admin_can_get_index_with_filters" file="/app/vendor/gammamatrix/playground-test/src/Feature/Http/Controllers/Resource/Playground/IndexJsonTrait.php" line="86" class="Tests\Feature\Playground\Crm\Resource\Http\Controllers\Playground\ClientRouteTest" classname="Tests.Feature.Playground.Crm.Resource.Http.Controllers.Playground.ClientRouteTest" assertions="3" time="0.257150"/>
        <testcase name="test_guest_cannot_render_index_view" file="/app/vendor/gammamatrix/playground-test/src/Feature/Http/Controllers/Resource/Playground/IndexTrait.php" line="30" class="Tests\Feature\Playground\Crm\Resource\Http\Controllers\Playground\ClientRouteTest" classname="Tests.Feature.Playground.Crm.Resource.Http.Controllers.Playground.ClientRouteTest" assertions="1" time="0.230609"/>
        <testcase name="test_admin_can_render_index_view" file="/app/vendor/gammamatrix/playground-test/src/Feature/Http/Controllers/Resource/Playground/IndexTrait.php" line="45" class="Tests\Feature\Playground\Crm\Resource\Http\Controllers\Playground\ClientRouteTest" classname="Tests.Feature.Playground.Crm.Resource.Http.Controllers.Playground.ClientRouteTest" assertions="2" time="0.296404"/>
        <testcase name="test_admin_can_render_index_view_with_filters" file="/app/vendor/gammamatrix/playground-test/src/Feature/Http/Controllers/Resource/Playground/IndexTrait.php" line="78" class="Tests\Feature\Playground\Crm\Resource\Http\Controllers\Playground\ClientRouteTest" classname="Tests.Feature.Playground.Crm.Resource.Http.Controllers.Playground.ClientRouteTest" assertions="3" time="0.275812"/>
        <testcase name="test_json_guest_cannot_lock" file="/app/vendor/gammamatrix/playground-test/src/Feature/Http/Controllers/Resource/Playground/LockJsonTrait.php" line="37" class="Tests\Feature\Playground\Crm\Resource\Http\Controllers\Playground\ClientRouteTest" classname="Tests.Feature.Playground.Crm.Resource.Http.Controllers.Playground.ClientRouteTest" assertions="3" time="0.234369"/>
        <testcase name="test_json_lock_as_admin_and_succeed" file="/app/vendor/gammamatrix/playground-test/src/Feature/Http/Controllers/Resource/Playground/LockJsonTrait.php" line="67" class="Tests\Feature\Playground\Crm\Resource\Http\Controllers\Playground\ClientRouteTest" classname="Tests.Feature.Playground.Crm.Resource.Http.Controllers.Playground.ClientRouteTest" assertions="3" time="0.256520"/>
        <testcase name="test_json_lock_as_admin_and_succeed_with_no_redirect" file="/app/vendor/gammamatrix/playground-test/src/Feature/Http/Controllers/Resource/Playground/LockJsonTrait.php" line="99" class="Tests\Feature\Playground\Crm\Resource\Http\Controllers\Playground\ClientRouteTest" classname="Tests.Feature.Playground.Crm.Resource.Http.Controllers.Playground.ClientRouteTest" assertions="96" time="0.274941"/>
        <testcase name="test_json_lock_as_user_and_get_denied" file="/app/vendor/gammamatrix/playground-test/src/Feature/Http/Controllers/Resource/Playground/LockJsonTrait.php" line="144" class="Tests\Feature\Playground\Crm\Resource\Http\Controllers\Playground\ClientRouteTest" classname="Tests.Feature.Playground.Crm.Resource.Http.Controllers.Playground.ClientRouteTest" assertions="3" time="0.260512"/>
        <testcase name="test_guest_cannot_lock" file="/app/vendor/gammamatrix/playground-test/src/Feature/Http/Controllers/Resource/Playground/LockTrait.php" line="32" class="Tests\Feature\Playground\Crm\Resource\Http\Controllers\Playground\ClientRouteTest" classname="Tests.Feature.Playground.Crm.Resource.Http.Controllers.Playground.ClientRouteTest" assertions="3" time="0.248944"/>
        <testcase name="test_lock_as_admin_and_succeed" file="/app/vendor/gammamatrix/playground-test/src/Feature/Http/Controllers/Resource/Playground/LockTrait.php" line="62" class="Tests\Feature\Playground\Crm\Resource\Http\Controllers\Playground\ClientRouteTest" classname="Tests.Feature.Playground.Crm.Resource.Http.Controllers.Playground.ClientRouteTest" assertions="4" time="0.267939"/>
        <testcase name="test_lock_as_admin_and_succeed_with_redirect_to_index_with_sorted_by_locked_desc" file="/app/vendor/gammamatrix/playground-test/src/Feature/Http/Controllers/Resource/Playground/LockTrait.php" line="96" class="Tests\Feature\Playground\Crm\Resource\Http\Controllers\Playground\ClientRouteTest" classname="Tests.Feature.Playground.Crm.Resource.Http.Controllers.Playground.ClientRouteTest" assertions="4" time="0.267437"/>
        <testcase name="test_lock_as_user_and_get_denied" file="/app/vendor/gammamatrix/playground-test/src/Feature/Http/Controllers/Resource/Playground/LockTrait.php" line="133" class="Tests\Feature\Playground\Crm\Resource\Http\Controllers\Playground\ClientRouteTest" classname="Tests.Feature.Playground.Crm.Resource.Http.Controllers.Playground.ClientRouteTest" assertions="3" time="0.258104"/>
        <testcase name="test_json_guest_cannot_restore" file="/app/vendor/gammamatrix/playground-test/src/Feature/Http/Controllers/Resource/Playground/RestoreJsonTrait.php" line="33" class="Tests\Feature\Playground\Crm\Resource\Http\Controllers\Playground\ClientRouteTest" classname="Tests.Feature.Playground.Crm.Resource.Http.Controllers.Playground.ClientRouteTest" assertions="3" time="0.249259"/>
        <testcase name="test_json_restore_as_admin_and_succeed" file="/app/vendor/gammamatrix/playground-test/src/Feature/Http/Controllers/Resource/Playground/RestoreJsonTrait.php" line="65" class="Tests\Feature\Playground\Crm\Resource\Http\Controllers\Playground\ClientRouteTest" classname="Tests.Feature.Playground.Crm.Resource.Http.Controllers.Playground.ClientRouteTest" assertions="96" time="0.272559"/>
        <testcase name="test_json_restore_as_admin_and_succeed_with_no_redirect" file="/app/vendor/gammamatrix/playground-test/src/Feature/Http/Controllers/Resource/Playground/RestoreJsonTrait.php" line="101" class="Tests\Feature\Playground\Crm\Resource\Http\Controllers\Playground\ClientRouteTest" classname="Tests.Feature.Playground.Crm.Resource.Http.Controllers.Playground.ClientRouteTest" assertions="96" time="0.278808"/>
        <testcase name="test_json_restore_as_user_and_get_denied" file="/app/vendor/gammamatrix/playground-test/src/Feature/Http/Controllers/Resource/Playground/RestoreJsonTrait.php" line="144" class="Tests\Feature\Playground\Crm\Resource\Http\Controllers\Playground\ClientRouteTest" classname="Tests.Feature.Playground.Crm.Resource.Http.Controllers.Playground.ClientRouteTest" assertions="3" time="0.276789"/>
        <testcase name="test_guest_cannot_restore" file="/app/vendor/gammamatrix/playground-test/src/Feature/Http/Controllers/Resource/Playground/RestoreTrait.php" line="33" class="Tests\Feature\Playground\Crm\Resource\Http\Controllers\Playground\ClientRouteTest" classname="Tests.Feature.Playground.Crm.Resource.Http.Controllers.Playground.ClientRouteTest" assertions="3" time="0.250001"/>
        <testcase name="test_restore_as_admin_and_succeed" file="/app/vendor/gammamatrix/playground-test/src/Feature/Http/Controllers/Resource/Playground/RestoreTrait.php" line="65" class="Tests\Feature\Playground\Crm\Resource\Http\Controllers\Playground\ClientRouteTest" classname="Tests.Feature.Playground.Crm.Resource.Http.Controllers.Playground.ClientRouteTest" assertions="4" time="0.268008"/>
        <testcase name="test_restore_as_admin_and_succeed_with_redirect_to_index_with_only_trash" file="/app/vendor/gammamatrix/playground-test/src/Feature/Http/Controllers/Resource/Playground/RestoreTrait.php" line="101" class="Tests\Feature\Playground\Crm\Resource\Http\Controllers\Playground\ClientRouteTest" classname="Tests.Feature.Playground.Crm.Resource.Http.Controllers.Playground.ClientRouteTest" assertions="4" time="0.250221"/>
        <testcase name="test_restore_as_user_and_get_denied" file="/app/vendor/gammamatrix/playground-test/src/Feature/Http/Controllers/Resource/Playground/RestoreTrait.php" line="147" class="Tests\Feature\Playground\Crm\Resource\Http\Controllers\Playground\ClientRouteTest" classname="Tests.Feature.Playground.Crm.Resource.Http.Controllers.Playground.ClientRouteTest" assertions="3" time="0.246673"/>
        <testcase name="test_json_guest_cannot_see_info" file="/app/vendor/gammamatrix/playground-test/src/Feature/Http/Controllers/Resource/Playground/ShowJsonTrait.php" line="30" class="Tests\Feature\Playground\Crm\Resource\Http\Controllers\Playground\ClientRouteTest" classname="Tests.Feature.Playground.Crm.Resource.Http.Controllers.Playground.ClientRouteTest" assertions="1" time="0.236989"/>
        <testcase name="test_json_show_info_for_admin" file="/app/vendor/gammamatrix/playground-test/src/Feature/Http/Controllers/Resource/Playground/ShowJsonTrait.php" line="50" class="Tests\Feature\Playground\Crm\Resource\Http\Controllers\Playground\ClientRouteTest" classname="Tests.Feature.Playground.Crm.Resource.Http.Controllers.Playground.ClientRouteTest" assertions="95" time="0.250715"/>
        <testcase name="test_guest_cannot_render_show_view" file="/app/vendor/gammamatrix/playground-test/src/Feature/Http/Controllers/Resource/Playground/ShowTrait.php" line="30" class="Tests\Feature\Playground\Crm\Resource\Http\Controllers\Playground\ClientRouteTest" classname="Tests.Feature.Playground.Crm.Resource.Http.Controllers.Playground.ClientRouteTest" assertions="1" time="0.237923"/>
        <testcase name="test_show_view_rendered_by_admin" file="/app/vendor/gammamatrix/playground-test/src/Feature/Http/Controllers/Resource/Playground/ShowTrait.php" line="50" class="Tests\Feature\Playground\Crm\Resource\Http\Controllers\Playground\ClientRouteTest" classname="Tests.Feature.Playground.Crm.Resource.Http.Controllers.Playground.ClientRouteTest" assertions="2" time="0.281554"/>
        <testcase name="test_json_guest_cannot_store" file="/app/vendor/gammamatrix/playground-test/src/Feature/Http/Controllers/Resource/Playground/StoreJsonTrait.php" line="44" class="Tests\Feature\Playground\Crm\Resource\Http\Controllers\Playground\ClientRouteTest" classname="Tests.Feature.Playground.Crm.Resource.Http.Controllers.Playground.ClientRouteTest" assertions="3" time="0.232267"/>
        <testcase name="test_json_store_as_admin_without_payload_and_fail_validation" file="/app/vendor/gammamatrix/playground-test/src/Feature/Http/Controllers/Resource/Playground/StoreJsonTrait.php" line="67" class="Tests\Feature\Playground\Crm\Resource\Http\Controllers\Playground\ClientRouteTest" classname="Tests.Feature.Playground.Crm.Resource.Http.Controllers.Playground.ClientRouteTest" assertions="5" time="0.247432"/>
        <testcase name="test_json_store_as_admin_and_succeed" file="/app/vendor/gammamatrix/playground-test/src/Feature/Http/Controllers/Resource/Playground/StoreJsonTrait.php" line="93" class="Tests\Feature\Playground\Crm\Resource\Http\Controllers\Playground\ClientRouteTest" classname="Tests.Feature.Playground.Crm.Resource.Http.Controllers.Playground.ClientRouteTest" assertions="3" time="0.321788"/>
        <testcase name="test_guest_cannot_store" file="/app/vendor/gammamatrix/playground-test/src/Feature/Http/Controllers/Resource/Playground/StoreTrait.php" line="39" class="Tests\Feature\Playground\Crm\Resource\Http\Controllers\Playground\ClientRouteTest" classname="Tests.Feature.Playground.Crm.Resource.Http.Controllers.Playground.ClientRouteTest" assertions="3" time="0.238750"/>
        <testcase name="test_store_as_admin_without_payload_and_fail_validation" file="/app/vendor/gammamatrix/playground-test/src/Feature/Http/Controllers/Resource/Playground/StoreTrait.php" line="62" class="Tests\Feature\Playground\Crm\Resource\Http\Controllers\Playground\ClientRouteTest" classname="Tests.Feature.Playground.Crm.Resource.Http.Controllers.Playground.ClientRouteTest" assertions="5" time="0.250180"/>
        <testcase name="test_store_as_admin_and_succeed" file="/app/vendor/gammamatrix/playground-test/src/Feature/Http/Controllers/Resource/Playground/StoreTrait.php" line="91" class="Tests\Feature\Playground\Crm\Resource\Http\Controllers\Playground\ClientRouteTest" classname="Tests.Feature.Playground.Crm.Resource.Http.Controllers.Playground.ClientRouteTest" assertions="4" time="0.293417"/>
        <testcase name="test_store_as_admin_and_succeed_with_return_url" file="/app/vendor/gammamatrix/playground-test/src/Feature/Http/Controllers/Resource/Playground/StoreTrait.php" line="136" class="Tests\Feature\Playground\Crm\Resource\Http\Controllers\Playground\ClientRouteTest" classname="Tests.Feature.Playground.Crm.Resource.Http.Controllers.Playground.ClientRouteTest" assertions="4" time="0.287565"/>
        <testcase name="test_json_guest_cannot_unlock" file="/app/vendor/gammamatrix/playground-test/src/Feature/Http/Controllers/Resource/Playground/UnlockJsonTrait.php" line="37" class="Tests\Feature\Playground\Crm\Resource\Http\Controllers\Playground\ClientRouteTest" classname="Tests.Feature.Playground.Crm.Resource.Http.Controllers.Playground.ClientRouteTest" assertions="3" time="0.247921"/>
        <testcase name="test_json_unlock_as_admin_and_succeed" file="/app/vendor/gammamatrix/playground-test/src/Feature/Http/Controllers/Resource/Playground/UnlockJsonTrait.php" line="69" class="Tests\Feature\Playground\Crm\Resource\Http\Controllers\Playground\ClientRouteTest" classname="Tests.Feature.Playground.Crm.Resource.Http.Controllers.Playground.ClientRouteTest" assertions="96" time="0.269378"/>
        <testcase name="test_json_unlock_as_admin_and_succeed_with_no_redirect" file="/app/vendor/gammamatrix/playground-test/src/Feature/Http/Controllers/Resource/Playground/UnlockJsonTrait.php" line="105" class="Tests\Feature\Playground\Crm\Resource\Http\Controllers\Playground\ClientRouteTest" classname="Tests.Feature.Playground.Crm.Resource.Http.Controllers.Playground.ClientRouteTest" assertions="96" time="0.272650"/>
        <testcase name="test_json_unlock_as_user_and_get_denied" file="/app/vendor/gammamatrix/playground-test/src/Feature/Http/Controllers/Resource/Playground/UnlockJsonTrait.php" line="146" class="Tests\Feature\Playground\Crm\Resource\Http\Controllers\Playground\ClientRouteTest" classname="Tests.Feature.Playground.Crm.Resource.Http.Controllers.Playground.ClientRouteTest" assertions="3" time="0.258494"/>
        <testcase name="test_guest_cannot_unlock" file="/app/vendor/gammamatrix/playground-test/src/Feature/Http/Controllers/Resource/Playground/UnlockTrait.php" line="37" class="Tests\Feature\Playground\Crm\Resource\Http\Controllers\Playground\ClientRouteTest" classname="Tests.Feature.Playground.Crm.Resource.Http.Controllers.Playground.ClientRouteTest" assertions="3" time="0.245775"/>
        <testcase name="test_unlock_as_admin_and_succeed" file="/app/vendor/gammamatrix/playground-test/src/Feature/Http/Controllers/Resource/Playground/UnlockTrait.php" line="69" class="Tests\Feature\Playground\Crm\Resource\Http\Controllers\Playground\ClientRouteTest" classname="Tests.Feature.Playground.Crm.Resource.Http.Controllers.Playground.ClientRouteTest" assertions="4" time="0.266281"/>
        <testcase name="test_unlock_as_admin_and_succeed_with_redirect_to_index_with_sorted_by_unlocked_desc" file="/app/vendor/gammamatrix/playground-test/src/Feature/Http/Controllers/Resource/Playground/UnlockTrait.php" line="110" class="Tests\Feature\Playground\Crm\Resource\Http\Controllers\Playground\ClientRouteTest" classname="Tests.Feature.Playground.Crm.Resource.Http.Controllers.Playground.ClientRouteTest" assertions="4" time="0.263560"/>
        <testcase name="test_unlock_as_user_and_get_denied" file="/app/vendor/gammamatrix/playground-test/src/Feature/Http/Controllers/Resource/Playground/UnlockTrait.php" line="149" class="Tests\Feature\Playground\Crm\Resource\Http\Controllers\Playground\ClientRouteTest" classname="Tests.Feature.Playground.Crm.Resource.Http.Controllers.Playground.ClientRouteTest" assertions="3" time="0.258514"/>
        <testcase name="test_json_guest_cannot_update" file="/app/vendor/gammamatrix/playground-test/src/Feature/Http/Controllers/Resource/Playground/UpdateJsonTrait.php" line="46" class="Tests\Feature\Playground\Crm\Resource\Http\Controllers\Playground\ClientRouteTest" classname="Tests.Feature.Playground.Crm.Resource.Http.Controllers.Playground.ClientRouteTest" assertions="1" time="0.251713"/>
        <testcase name="test_json_update_as_admin_without_payload_and_passes_validation" file="/app/vendor/gammamatrix/playground-test/src/Feature/Http/Controllers/Resource/Playground/UpdateJsonTrait.php" line="66" class="Tests\Feature\Playground\Crm\Resource\Http\Controllers\Playground\ClientRouteTest" classname="Tests.Feature.Playground.Crm.Resource.Http.Controllers.Playground.ClientRouteTest" assertions="2" time="0.285970"/>
        <testcase name="test_json_admin_can_update" file="/app/vendor/gammamatrix/playground-test/src/Feature/Http/Controllers/Resource/Playground/UpdateJsonTrait.php" line="114" class="Tests\Feature\Playground\Crm\Resource\Http\Controllers\Playground\ClientRouteTest" classname="Tests.Feature.Playground.Crm.Resource.Http.Controllers.Playground.ClientRouteTest" assertions="98" time="0.322576"/>
        <testcase name="test_guest_cannot_update" file="/app/vendor/gammamatrix/playground-test/src/Feature/Http/Controllers/Resource/Playground/UpdateTrait.php" line="46" class="Tests\Feature\Playground\Crm\Resource\Http\Controllers\Playground\ClientRouteTest" classname="Tests.Feature.Playground.Crm.Resource.Http.Controllers.Playground.ClientRouteTest" assertions="1" time="0.243396"/>
        <testcase name="test_update_as_admin_without_payload_and_passes_validation" file="/app/vendor/gammamatrix/playground-test/src/Feature/Http/Controllers/Resource/Playground/UpdateTrait.php" line="66" class="Tests\Feature\Playground\Crm\Resource\Http\Controllers\Playground\ClientRouteTest" classname="Tests.Feature.Playground.Crm.Resource.Http.Controllers.Playground.ClientRouteTest" assertions="3" time="0.266721"/>
        <testcase name="test_admin_can_update" file="/app/vendor/gammamatrix/playground-test/src/Feature/Http/Controllers/Resource/Playground/UpdateTrait.php" line="117" class="Tests\Feature\Playground\Crm\Resource\Http\Controllers\Playground\ClientRouteTest" classname="Tests.Feature.Playground.Crm.Resource.Http.Controllers.Playground.ClientRouteTest" assertions="6" time="0.308619"/>
        <testcase name="test_admin_can_update_view_with_return_url" file="/app/vendor/gammamatrix/playground-test/src/Feature/Http/Controllers/Resource/Playground/UpdateTrait.php" line="160" class="Tests\Feature\Playground\Crm\Resource\Http\Controllers\Playground\ClientRouteTest" classname="Tests.Feature.Playground.Crm.Resource.Http.Controllers.Playground.ClientRouteTest" assertions="6" time="0.304959"/>
      </testsuite>
      <testsuite name="Tests\Feature\Playground\Crm\Resource\Http\Controllers\Playground\ContactRouteTest" file="/app/tests/Feature/Http/Controllers/Playground/ContactRouteTest.php" tests="73" assertions="1068" errors="0" failures="0" skipped="0" time="18.498712">
        <testcase name="test_json_guest_cannot_get_create_info" file="/app/vendor/gammamatrix/playground-test/src/Feature/Http/Controllers/Resource/Playground/CreateJsonTrait.php" line="39" class="Tests\Feature\Playground\Crm\Resource\Http\Controllers\Playground\ContactRouteTest" classname="Tests.Feature.Playground.Crm.Resource.Http.Controllers.Playground.ContactRouteTest" assertions="1" time="0.222294"/>
        <testcase name="test_json_admin_can_get_create_info" file="/app/vendor/gammamatrix/playground-test/src/Feature/Http/Controllers/Resource/Playground/CreateJsonTrait.php" line="54" class="Tests\Feature\Playground\Crm\Resource\Http\Controllers\Playground\ContactRouteTest" classname="Tests.Feature.Playground.Crm.Resource.Http.Controllers.Playground.ContactRouteTest" assertions="94" time="0.239015"/>
        <testcase name="test_json_get_create_info_as_admin_with_invalid_parameter_and_fail_validation" file="/app/vendor/gammamatrix/playground-test/src/Feature/Http/Controllers/Resource/Playground/CreateJsonTrait.php" line="74" class="Tests\Feature\Playground\Crm\Resource\Http\Controllers\Playground\ContactRouteTest" classname="Tests.Feature.Playground.Crm.Resource.Http.Controllers.Playground.ContactRouteTest" assertions="4" time="0.231297"/>
        <testcase name="test_guest_cannot_render_create_view" file="/app/vendor/gammamatrix/playground-test/src/Feature/Http/Controllers/Resource/Playground/CreateTrait.php" line="34" class="Tests\Feature\Playground\Crm\Resource\Http\Controllers\Playground\ContactRouteTest" classname="Tests.Feature.Playground.Crm.Resource.Http.Controllers.Playground.ContactRouteTest" assertions="1" time="0.217231"/>
        <testcase name="test_admin_can_render_create_view" file="/app/vendor/gammamatrix/playground-test/src/Feature/Http/Controllers/Resource/Playground/CreateTrait.php" line="48" class="Tests\Feature\Playground\Crm\Resource\Http\Controllers\Playground\ContactRouteTest" classname="Tests.Feature.Playground.Crm.Resource.Http.Controllers.Playground.ContactRouteTest" assertions="2" time="0.266728"/>
        <testcase name="test_admin_can_render_create_view_with_return_url" file="/app/vendor/gammamatrix/playground-test/src/Feature/Http/Controllers/Resource/Playground/CreateTrait.php" line="66" class="Tests\Feature\Playground\Crm\Resource\Http\Controllers\Playground\ContactRouteTest" classname="Tests.Feature.Playground.Crm.Resource.Http.Controllers.Playground.ContactRouteTest" assertions="3" time="0.263869"/>
        <testcase name="test_create_view_as_admin_with_invalid_parameter_and_fail_validation_and_redirect" file="/app/vendor/gammamatrix/playground-test/src/Feature/Http/Controllers/Resource/Playground/CreateTrait.php" line="93" class="Tests\Feature\Playground\Crm\Resource\Http\Controllers\Playground\ContactRouteTest" classname="Tests.Feature.Playground.Crm.Resource.Http.Controllers.Playground.ContactRouteTest" assertions="5" time="0.232191"/>
        <testcase name="test_json_guest_cannot_destroy" file="/app/vendor/gammamatrix/playground-test/src/Feature/Http/Controllers/Resource/Playground/DestroyJsonTrait.php" line="32" class="Tests\Feature\Playground\Crm\Resource\Http\Controllers\Playground\ContactRouteTest" classname="Tests.Feature.Playground.Crm.Resource.Http.Controllers.Playground.ContactRouteTest" assertions="3" time="0.232680"/>
        <testcase name="test_json_destroy_as_admin_and_succeed" file="/app/vendor/gammamatrix/playground-test/src/Feature/Http/Controllers/Resource/Playground/DestroyJsonTrait.php" line="62" class="Tests\Feature\Playground\Crm\Resource\Http\Controllers\Playground\ContactRouteTest" classname="Tests.Feature.Playground.Crm.Resource.Http.Controllers.Playground.ContactRouteTest" assertions="5" time="0.240942"/>
        <testcase name="test_json_destroy_as_admin_and_succeed_with_force_delete" file="/app/vendor/gammamatrix/playground-test/src/Feature/Http/Controllers/Resource/Playground/DestroyJsonTrait.php" line="101" class="Tests\Feature\Playground\Crm\Resource\Http\Controllers\Playground\ContactRouteTest" classname="Tests.Feature.Playground.Crm.Resource.Http.Controllers.Playground.ContactRouteTest" assertions="4" time="0.238835"/>
        <testcase name="test_json_destroy_as_admin_and_succeed_with_no_content" file="/app/vendor/gammamatrix/playground-test/src/Feature/Http/Controllers/Resource/Playground/DestroyJsonTrait.php" line="133" class="Tests\Feature\Playground\Crm\Resource\Http\Controllers\Playground\ContactRouteTest" classname="Tests.Feature.Playground.Crm.Resource.Http.Controllers.Playground.ContactRouteTest" assertions="5" time="0.237905"/>
        <testcase name="test_json_destroy_as_admin_and_succeed_and_ignore_redirect" file="/app/vendor/gammamatrix/playground-test/src/Feature/Http/Controllers/Resource/Playground/DestroyJsonTrait.php" line="168" class="Tests\Feature\Playground\Crm\Resource\Http\Controllers\Playground\ContactRouteTest" classname="Tests.Feature.Playground.Crm.Resource.Http.Controllers.Playground.ContactRouteTest" assertions="5" time="0.240681"/>
        <testcase name="test_json_destroy_as_user_and_get_denied_and_no_force_delete_allowed" file="/app/vendor/gammamatrix/playground-test/src/Feature/Http/Controllers/Resource/Playground/DestroyJsonTrait.php" line="210" class="Tests\Feature\Playground\Crm\Resource\Http\Controllers\Playground\ContactRouteTest" classname="Tests.Feature.Playground.Crm.Resource.Http.Controllers.Playground.ContactRouteTest" assertions="3" time="0.236767"/>
        <testcase name="test_guest_cannot_destroy" file="/app/vendor/gammamatrix/playground-test/src/Feature/Http/Controllers/Resource/Playground/DestroyTrait.php" line="32" class="Tests\Feature\Playground\Crm\Resource\Http\Controllers\Playground\ContactRouteTest" classname="Tests.Feature.Playground.Crm.Resource.Http.Controllers.Playground.ContactRouteTest" assertions="3" time="0.228512"/>
        <testcase name="test_destroy_as_admin_and_succeed" file="/app/vendor/gammamatrix/playground-test/src/Feature/Http/Controllers/Resource/Playground/DestroyTrait.php" line="62" class="Tests\Feature\Playground\Crm\Resource\Http\Controllers\Playground\ContactRouteTest" classname="Tests.Feature.Playground.Crm.Resource.Http.Controllers.Playground.ContactRouteTest" assertions="5" time="0.240024"/>
        <testcase name="test_destroy_as_admin_and_succeed_with_force_delete" file="/app/vendor/gammamatrix/playground-test/src/Feature/Http/Controllers/Resource/Playground/DestroyTrait.php" line="98" class="Tests\Feature\Playground\Crm\Resource\Http\Controllers\Playground\ContactRouteTest" classname="Tests.Feature.Playground.Crm.Resource.Http.Controllers.Playground.ContactRouteTest" assertions="4" time="0.239007"/>
        <testcase name="test_destroy_as_admin_and_succeed_with_redirect_to_index_with_trash" file="/app/vendor/gammamatrix/playground-test/src/Feature/Http/Controllers/Resource/Playground/DestroyTrait.php" line="130" class="Tests\Feature\Playground\Crm\Resource\Http\Controllers\Playground\ContactRouteTest" classname="Tests.Feature.Playground.Crm.Resource.Http.Controllers.Playground.ContactRouteTest" assertions="5" time="0.245633"/>
        <testcase name="test_destroy_as_user_and_get_denied_and_no_force_delete_allowed" file="/app/vendor/gammamatrix/playground-test/src/Feature/Http/Controllers/Resource/Playground/DestroyTrait.php" line="172" class="Tests\Feature\Playground\Crm\Resource\Http\Controllers\Playground\ContactRouteTest" classname="Tests.Feature.Playground.Crm.Resource.Http.Controllers.Playground.ContactRouteTest" assertions="3" time="0.236640"/>
        <testcase name="test_json_guest_cannot_get_edit_info" file="/app/vendor/gammamatrix/playground-test/src/Feature/Http/Controllers/Resource/Playground/EditJsonTrait.php" line="39" class="Tests\Feature\Playground\Crm\Resource\Http\Controllers\Playground\ContactRouteTest" classname="Tests.Feature.Playground.Crm.Resource.Http.Controllers.Playground.ContactRouteTest" assertions="1" time="0.234461"/>
        <testcase name="test_json_admin_can_get_edit_info" file="/app/vendor/gammamatrix/playground-test/src/Feature/Http/Controllers/Resource/Playground/EditJsonTrait.php" line="59" class="Tests\Feature\Playground\Crm\Resource\Http\Controllers\Playground\ContactRouteTest" classname="Tests.Feature.Playground.Crm.Resource.Http.Controllers.Playground.ContactRouteTest" assertions="4" time="0.251991"/>
        <testcase name="test_json_edit_as_admin_and_fail_validation_with_invalid_parameter" file="/app/vendor/gammamatrix/playground-test/src/Feature/Http/Controllers/Resource/Playground/EditJsonTrait.php" line="88" class="Tests\Feature\Playground\Crm\Resource\Http\Controllers\Playground\ContactRouteTest" classname="Tests.Feature.Playground.Crm.Resource.Http.Controllers.Playground.ContactRouteTest" assertions="4" time="0.247032"/>
        <testcase name="test_guest_cannot_render_edit_view" file="/app/vendor/gammamatrix/playground-test/src/Feature/Http/Controllers/Resource/Playground/EditTrait.php" line="34" class="Tests\Feature\Playground\Crm\Resource\Http\Controllers\Playground\ContactRouteTest" classname="Tests.Feature.Playground.Crm.Resource.Http.Controllers.Playground.ContactRouteTest" assertions="1" time="0.230586"/>
        <testcase name="test_admin_can_render_edit_view" file="/app/vendor/gammamatrix/playground-test/src/Feature/Http/Controllers/Resource/Playground/EditTrait.php" line="54" class="Tests\Feature\Playground\Crm\Resource\Http\Controllers\Playground\ContactRouteTest" classname="Tests.Feature.Playground.Crm.Resource.Http.Controllers.Playground.ContactRouteTest" assertions="2" time="0.284593"/>
        <testcase name="test_admin_can_render_edit_view_with_return_url" file="/app/vendor/gammamatrix/playground-test/src/Feature/Http/Controllers/Resource/Playground/EditTrait.php" line="78" class="Tests\Feature\Playground\Crm\Resource\Http\Controllers\Playground\ContactRouteTest" classname="Tests.Feature.Playground.Crm.Resource.Http.Controllers.Playground.ContactRouteTest" assertions="3" time="0.284543"/>
        <testcase name="test_edit_view_as_admin_with_invalid_parameter_and_fail_validation_and_redirect" file="/app/vendor/gammamatrix/playground-test/src/Feature/Http/Controllers/Resource/Playground/EditTrait.php" line="110" class="Tests\Feature\Playground\Crm\Resource\Http\Controllers\Playground\ContactRouteTest" classname="Tests.Feature.Playground.Crm.Resource.Http.Controllers.Playground.ContactRouteTest" assertions="4" time="0.247156"/>
        <testcase name="test_json_guest_cannot_get_index" file="/app/vendor/gammamatrix/playground-test/src/Feature/Http/Controllers/Resource/Playground/IndexJsonTrait.php" line="35" class="Tests\Feature\Playground\Crm\Resource\Http\Controllers\Playground\ContactRouteTest" classname="Tests.Feature.Playground.Crm.Resource.Http.Controllers.Playground.ContactRouteTest" assertions="1" time="0.228391"/>
        <testcase name="test_json_admin_can_get_index" file="/app/vendor/gammamatrix/playground-test/src/Feature/Http/Controllers/Resource/Playground/IndexJsonTrait.php" line="50" class="Tests\Feature\Playground\Crm\Resource\Http\Controllers\Playground\ContactRouteTest" classname="Tests.Feature.Playground.Crm.Resource.Http.Controllers.Playground.ContactRouteTest" assertions="98" time="0.254119"/>
        <testcase name="test_json_admin_can_get_index_with_filters" file="/app/vendor/gammamatrix/playground-test/src/Feature/Http/Controllers/Resource/Playground/IndexJsonTrait.php" line="86" class="Tests\Feature\Playground\Crm\Resource\Http\Controllers\Playground\ContactRouteTest" classname="Tests.Feature.Playground.Crm.Resource.Http.Controllers.Playground.ContactRouteTest" assertions="3" time="0.254414"/>
[...]
        <testcase name="test_json_admin_can_get_index" file="/app/vendor/gammamatrix/playground-test/src/Feature/Http/Controllers/Resource/Playground/IndexJsonTrait.php" line="50" class="Tests\Feature\Playground\Crm\Resource\Http\Controllers\Playground\PeopleRouteTest" classname="Tests.Feature.Playground.Crm.Resource.Http.Controllers.Playground.PeopleRouteTest" assertions="98" time="0.260681"/>
        <testcase name="test_json_admin_can_get_index_with_filters" file="/app/vendor/gammamatrix/playground-test/src/Feature/Http/Controllers/Resource/Playground/IndexJsonTrait.php" line="86" class="Tests\Feature\Playground\Crm\Resource\Http\Controllers\Playground\PeopleRouteTest" classname="Tests.Feature.Playground.Crm.Resource.Http.Controllers.Playground.PeopleRouteTest" assertions="3" time="0.255148"/>
        <testcase name="test_guest_cannot_render_index_view" file="/app/vendor/gammamatrix/playground-test/src/Feature/Http/Controllers/Resource/Playground/IndexTrait.php" line="30" class="Tests\Feature\Playground\Crm\Resource\Http\Controllers\Playground\PeopleRouteTest" classname="Tests.Feature.Playground.Crm.Resource.Http.Controllers.Playground.PeopleRouteTest" assertions="1" time="0.233535"/>
        <testcase name="test_admin_can_render_index_view" file="/app/vendor/gammamatrix/playground-test/src/Feature/Http/Controllers/Resource/Playground/IndexTrait.php" line="45" class="Tests\Feature\Playground\Crm\Resource\Http\Controllers\Playground\PeopleRouteTest" classname="Tests.Feature.Playground.Crm.Resource.Http.Controllers.Playground.PeopleRouteTest" assertions="2" time="0.281118"/>
        <testcase name="test_admin_can_render_index_view_with_filters" file="/app/vendor/gammamatrix/playground-test/src/Feature/Http/Controllers/Resource/Playground/IndexTrait.php" line="78" class="Tests\Feature\Playground\Crm\Resource\Http\Controllers\Playground\PeopleRouteTest" classname="Tests.Feature.Playground.Crm.Resource.Http.Controllers.Playground.PeopleRouteTest" assertions="3" time="0.279618"/>
        <testcase name="test_json_guest_cannot_lock" file="/app/vendor/gammamatrix/playground-test/src/Feature/Http/Controllers/Resource/Playground/LockJsonTrait.php" line="37" class="Tests\Feature\Playground\Crm\Resource\Http\Controllers\Playground\PeopleRouteTest" classname="Tests.Feature.Playground.Crm.Resource.Http.Controllers.Playground.PeopleRouteTest" assertions="3" time="0.234086"/>
        <testcase name="test_json_lock_as_admin_and_succeed" file="/app/vendor/gammamatrix/playground-test/src/Feature/Http/Controllers/Resource/Playground/LockJsonTrait.php" line="67" class="Tests\Feature\Playground\Crm\Resource\Http\Controllers\Playground\PeopleRouteTest" classname="Tests.Feature.Playground.Crm.Resource.Http.Controllers.Playground.PeopleRouteTest" assertions="3" time="0.252411"/>
        <testcase name="test_json_lock_as_admin_and_succeed_with_no_redirect" file="/app/vendor/gammamatrix/playground-test/src/Feature/Http/Controllers/Resource/Playground/LockJsonTrait.php" line="99" class="Tests\Feature\Playground\Crm\Resource\Http\Controllers\Playground\PeopleRouteTest" classname="Tests.Feature.Playground.Crm.Resource.Http.Controllers.Playground.PeopleRouteTest" assertions="96" time="0.267775"/>
        <testcase name="test_json_lock_as_user_and_get_denied" file="/app/vendor/gammamatrix/playground-test/src/Feature/Http/Controllers/Resource/Playground/LockJsonTrait.php" line="144" class="Tests\Feature\Playground\Crm\Resource\Http\Controllers\Playground\PeopleRouteTest" classname="Tests.Feature.Playground.Crm.Resource.Http.Controllers.Playground.PeopleRouteTest" assertions="3" time="0.242019"/>
        <testcase name="test_guest_cannot_lock" file="/app/vendor/gammamatrix/playground-test/src/Feature/Http/Controllers/Resource/Playground/LockTrait.php" line="32" class="Tests\Feature\Playground\Crm\Resource\Http\Controllers\Playground\PeopleRouteTest" classname="Tests.Feature.Playground.Crm.Resource.Http.Controllers.Playground.PeopleRouteTest" assertions="3" time="0.235701"/>
        <testcase name="test_lock_as_admin_and_succeed" file="/app/vendor/gammamatrix/playground-test/src/Feature/Http/Controllers/Resource/Playground/LockTrait.php" line="62" class="Tests\Feature\Playground\Crm\Resource\Http\Controllers\Playground\PeopleRouteTest" classname="Tests.Feature.Playground.Crm.Resource.Http.Controllers.Playground.PeopleRouteTest" assertions="4" time="0.250663"/>
        <testcase name="test_lock_as_admin_and_succeed_with_redirect_to_index_with_sorted_by_locked_desc" file="/app/vendor/gammamatrix/playground-test/src/Feature/Http/Controllers/Resource/Playground/LockTrait.php" line="96" class="Tests\Feature\Playground\Crm\Resource\Http\Controllers\Playground\PeopleRouteTest" classname="Tests.Feature.Playground.Crm.Resource.Http.Controllers.Playground.PeopleRouteTest" assertions="4" time="0.254544"/>
        <testcase name="test_lock_as_user_and_get_denied" file="/app/vendor/gammamatrix/playground-test/src/Feature/Http/Controllers/Resource/Playground/LockTrait.php" line="133" class="Tests\Feature\Playground\Crm\Resource\Http\Controllers\Playground\PeopleRouteTest" classname="Tests.Feature.Playground.Crm.Resource.Http.Controllers.Playground.PeopleRouteTest" assertions="3" time="0.244730"/>
        <testcase name="test_json_guest_cannot_restore" file="/app/vendor/gammamatrix/playground-test/src/Feature/Http/Controllers/Resource/Playground/RestoreJsonTrait.php" line="33" class="Tests\Feature\Playground\Crm\Resource\Http\Controllers\Playground\PeopleRouteTest" classname="Tests.Feature.Playground.Crm.Resource.Http.Controllers.Playground.PeopleRouteTest" assertions="3" time="0.239831"/>
        <testcase name="test_json_restore_as_admin_and_succeed" file="/app/vendor/gammamatrix/playground-test/src/Feature/Http/Controllers/Resource/Playground/RestoreJsonTrait.php" line="65" class="Tests\Feature\Playground\Crm\Resource\Http\Controllers\Playground\PeopleRouteTest" classname="Tests.Feature.Playground.Crm.Resource.Http.Controllers.Playground.PeopleRouteTest" assertions="96" time="0.256875"/>
        <testcase name="test_json_restore_as_admin_and_succeed_with_no_redirect" file="/app/vendor/gammamatrix/playground-test/src/Feature/Http/Controllers/Resource/Playground/RestoreJsonTrait.php" line="101" class="Tests\Feature\Playground\Crm\Resource\Http\Controllers\Playground\PeopleRouteTest" classname="Tests.Feature.Playground.Crm.Resource.Http.Controllers.Playground.PeopleRouteTest" assertions="96" time="0.263302"/>
        <testcase name="test_json_restore_as_user_and_get_denied" file="/app/vendor/gammamatrix/playground-test/src/Feature/Http/Controllers/Resource/Playground/RestoreJsonTrait.php" line="144" class="Tests\Feature\Playground\Crm\Resource\Http\Controllers\Playground\PeopleRouteTest" classname="Tests.Feature.Playground.Crm.Resource.Http.Controllers.Playground.PeopleRouteTest" assertions="3" time="0.246723"/>
        <testcase name="test_guest_cannot_restore" file="/app/vendor/gammamatrix/playground-test/src/Feature/Http/Controllers/Resource/Playground/RestoreTrait.php" line="33" class="Tests\Feature\Playground\Crm\Resource\Http\Controllers\Playground\PeopleRouteTest" classname="Tests.Feature.Playground.Crm.Resource.Http.Controllers.Playground.PeopleRouteTest" assertions="3" time="0.238375"/>
        <testcase name="test_restore_as_admin_and_succeed" file="/app/vendor/gammamatrix/playground-test/src/Feature/Http/Controllers/Resource/Playground/RestoreTrait.php" line="65" class="Tests\Feature\Playground\Crm\Resource\Http\Controllers\Playground\PeopleRouteTest" classname="Tests.Feature.Playground.Crm.Resource.Http.Controllers.Playground.PeopleRouteTest" assertions="4" time="0.254010"/>
        <testcase name="test_restore_as_admin_and_succeed_with_redirect_to_index_with_only_trash" file="/app/vendor/gammamatrix/playground-test/src/Feature/Http/Controllers/Resource/Playground/RestoreTrait.php" line="101" class="Tests\Feature\Playground\Crm\Resource\Http\Controllers\Playground\PeopleRouteTest" classname="Tests.Feature.Playground.Crm.Resource.Http.Controllers.Playground.PeopleRouteTest" assertions="4" time="0.253842"/>
        <testcase name="test_restore_as_user_and_get_denied" file="/app/vendor/gammamatrix/playground-test/src/Feature/Http/Controllers/Resource/Playground/RestoreTrait.php" line="147" class="Tests\Feature\Playground\Crm\Resource\Http\Controllers\Playground\PeopleRouteTest" classname="Tests.Feature.Playground.Crm.Resource.Http.Controllers.Playground.PeopleRouteTest" assertions="3" time="0.249352"/>
        <testcase name="test_json_guest_cannot_see_info" file="/app/vendor/gammamatrix/playground-test/src/Feature/Http/Controllers/Resource/Playground/ShowJsonTrait.php" line="30" class="Tests\Feature\Playground\Crm\Resource\Http\Controllers\Playground\PeopleRouteTest" classname="Tests.Feature.Playground.Crm.Resource.Http.Controllers.Playground.PeopleRouteTest" assertions="1" time="0.238026"/>
        <testcase name="test_json_show_info_for_admin" file="/app/vendor/gammamatrix/playground-test/src/Feature/Http/Controllers/Resource/Playground/ShowJsonTrait.php" line="50" class="Tests\Feature\Playground\Crm\Resource\Http\Controllers\Playground\PeopleRouteTest" classname="Tests.Feature.Playground.Crm.Resource.Http.Controllers.Playground.PeopleRouteTest" assertions="95" time="0.265314"/>
        <testcase name="test_guest_cannot_render_show_view" file="/app/vendor/gammamatrix/playground-test/src/Feature/Http/Controllers/Resource/Playground/ShowTrait.php" line="30" class="Tests\Feature\Playground\Crm\Resource\Http\Controllers\Playground\PeopleRouteTest" classname="Tests.Feature.Playground.Crm.Resource.Http.Controllers.Playground.PeopleRouteTest" assertions="1" time="0.238817"/>
        <testcase name="test_show_view_rendered_by_admin" file="/app/vendor/gammamatrix/playground-test/src/Feature/Http/Controllers/Resource/Playground/ShowTrait.php" line="50" class="Tests\Feature\Playground\Crm\Resource\Http\Controllers\Playground\PeopleRouteTest" classname="Tests.Feature.Playground.Crm.Resource.Http.Controllers.Playground.PeopleRouteTest" assertions="2" time="0.267683"/>
        <testcase name="test_json_guest_cannot_store" file="/app/vendor/gammamatrix/playground-test/src/Feature/Http/Controllers/Resource/Playground/StoreJsonTrait.php" line="44" class="Tests\Feature\Playground\Crm\Resource\Http\Controllers\Playground\PeopleRouteTest" classname="Tests.Feature.Playground.Crm.Resource.Http.Controllers.Playground.PeopleRouteTest" assertions="3" time="0.235235"/>
        <testcase name="test_json_store_as_admin_without_payload_and_fail_validation" file="/app/vendor/gammamatrix/playground-test/src/Feature/Http/Controllers/Resource/Playground/StoreJsonTrait.php" line="67" class="Tests\Feature\Playground\Crm\Resource\Http\Controllers\Playground\PeopleRouteTest" classname="Tests.Feature.Playground.Crm.Resource.Http.Controllers.Playground.PeopleRouteTest" assertions="5" time="0.252359"/>
        <testcase name="test_json_store_as_admin_and_succeed" file="/app/vendor/gammamatrix/playground-test/src/Feature/Http/Controllers/Resource/Playground/StoreJsonTrait.php" line="93" class="Tests\Feature\Playground\Crm\Resource\Http\Controllers\Playground\PeopleRouteTest" classname="Tests.Feature.Playground.Crm.Resource.Http.Controllers.Playground.PeopleRouteTest" assertions="3" time="0.280806"/>
        <testcase name="test_guest_cannot_store" file="/app/vendor/gammamatrix/playground-test/src/Feature/Http/Controllers/Resource/Playground/StoreTrait.php" line="39" class="Tests\Feature\Playground\Crm\Resource\Http\Controllers\Playground\PeopleRouteTest" classname="Tests.Feature.Playground.Crm.Resource.Http.Controllers.Playground.PeopleRouteTest" assertions="3" time="0.236877"/>
        <testcase name="test_store_as_admin_without_payload_and_fail_validation" file="/app/vendor/gammamatrix/playground-test/src/Feature/Http/Controllers/Resource/Playground/StoreTrait.php" line="62" class="Tests\Feature\Playground\Crm\Resource\Http\Controllers\Playground\PeopleRouteTest" classname="Tests.Feature.Playground.Crm.Resource.Http.Controllers.Playground.PeopleRouteTest" assertions="5" time="0.255043"/>
        <testcase name="test_store_as_admin_and_succeed" file="/app/vendor/gammamatrix/playground-test/src/Feature/Http/Controllers/Resource/Playground/StoreTrait.php" line="91" class="Tests\Feature\Playground\Crm\Resource\Http\Controllers\Playground\PeopleRouteTest" classname="Tests.Feature.Playground.Crm.Resource.Http.Controllers.Playground.PeopleRouteTest" assertions="4" time="0.280650"/>
        <testcase name="test_store_as_admin_and_succeed_with_return_url" file="/app/vendor/gammamatrix/playground-test/src/Feature/Http/Controllers/Resource/Playground/StoreTrait.php" line="136" class="Tests\Feature\Playground\Crm\Resource\Http\Controllers\Playground\PeopleRouteTest" classname="Tests.Feature.Playground.Crm.Resource.Http.Controllers.Playground.PeopleRouteTest" assertions="4" time="0.276749"/>
        <testcase name="test_json_guest_cannot_unlock" file="/app/vendor/gammamatrix/playground-test/src/Feature/Http/Controllers/Resource/Playground/UnlockJsonTrait.php" line="37" class="Tests\Feature\Playground\Crm\Resource\Http\Controllers\Playground\PeopleRouteTest" classname="Tests.Feature.Playground.Crm.Resource.Http.Controllers.Playground.PeopleRouteTest" assertions="3" time="0.239452"/>
        <testcase name="test_json_unlock_as_admin_and_succeed" file="/app/vendor/gammamatrix/playground-test/src/Feature/Http/Controllers/Resource/Playground/UnlockJsonTrait.php" line="69" class="Tests\Feature\Playground\Crm\Resource\Http\Controllers\Playground\PeopleRouteTest" classname="Tests.Feature.Playground.Crm.Resource.Http.Controllers.Playground.PeopleRouteTest" assertions="96" time="0.263311"/>
        <testcase name="test_json_unlock_as_admin_and_succeed_with_no_redirect" file="/app/vendor/gammamatrix/playground-test/src/Feature/Http/Controllers/Resource/Playground/UnlockJsonTrait.php" line="105" class="Tests\Feature\Playground\Crm\Resource\Http\Controllers\Playground\PeopleRouteTest" classname="Tests.Feature.Playground.Crm.Resource.Http.Controllers.Playground.PeopleRouteTest" assertions="96" time="0.263205"/>
        <testcase name="test_json_unlock_as_user_and_get_denied" file="/app/vendor/gammamatrix/playground-test/src/Feature/Http/Controllers/Resource/Playground/UnlockJsonTrait.php" line="146" class="Tests\Feature\Playground\Crm\Resource\Http\Controllers\Playground\PeopleRouteTest" classname="Tests.Feature.Playground.Crm.Resource.Http.Controllers.Playground.PeopleRouteTest" assertions="3" time="0.251208"/>
        <testcase name="test_guest_cannot_unlock" file="/app/vendor/gammamatrix/playground-test/src/Feature/Http/Controllers/Resource/Playground/UnlockTrait.php" line="37" class="Tests\Feature\Playground\Crm\Resource\Http\Controllers\Playground\PeopleRouteTest" classname="Tests.Feature.Playground.Crm.Resource.Http.Controllers.Playground.PeopleRouteTest" assertions="3" time="0.241951"/>
        <testcase name="test_unlock_as_admin_and_succeed" file="/app/vendor/gammamatrix/playground-test/src/Feature/Http/Controllers/Resource/Playground/UnlockTrait.php" line="69" class="Tests\Feature\Playground\Crm\Resource\Http\Controllers\Playground\PeopleRouteTest" classname="Tests.Feature.Playground.Crm.Resource.Http.Controllers.Playground.PeopleRouteTest" assertions="4" time="0.270355"/>
        <testcase name="test_unlock_as_admin_and_succeed_with_redirect_to_index_with_sorted_by_unlocked_desc" file="/app/vendor/gammamatrix/playground-test/src/Feature/Http/Controllers/Resource/Playground/UnlockTrait.php" line="110" class="Tests\Feature\Playground\Crm\Resource\Http\Controllers\Playground\PeopleRouteTest" classname="Tests.Feature.Playground.Crm.Resource.Http.Controllers.Playground.PeopleRouteTest" assertions="4" time="0.258161"/>
        <testcase name="test_unlock_as_user_and_get_denied" file="/app/vendor/gammamatrix/playground-test/src/Feature/Http/Controllers/Resource/Playground/UnlockTrait.php" line="149" class="Tests\Feature\Playground\Crm\Resource\Http\Controllers\Playground\PeopleRouteTest" classname="Tests.Feature.Playground.Crm.Resource.Http.Controllers.Playground.PeopleRouteTest" assertions="3" time="0.254862"/>
        <testcase name="test_json_guest_cannot_update" file="/app/vendor/gammamatrix/playground-test/src/Feature/Http/Controllers/Resource/Playground/UpdateJsonTrait.php" line="46" class="Tests\Feature\Playground\Crm\Resource\Http\Controllers\Playground\PeopleRouteTest" classname="Tests.Feature.Playground.Crm.Resource.Http.Controllers.Playground.PeopleRouteTest" assertions="1" time="0.242096"/>
        <testcase name="test_json_update_as_admin_without_payload_and_passes_validation" file="/app/vendor/gammamatrix/playground-test/src/Feature/Http/Controllers/Resource/Playground/UpdateJsonTrait.php" line="66" class="Tests\Feature\Playground\Crm\Resource\Http\Controllers\Playground\PeopleRouteTest" classname="Tests.Feature.Playground.Crm.Resource.Http.Controllers.Playground.PeopleRouteTest" assertions="2" time="0.271425"/>
        <testcase name="test_json_admin_can_update" file="/app/vendor/gammamatrix/playground-test/src/Feature/Http/Controllers/Resource/Playground/UpdateJsonTrait.php" line="114" class="Tests\Feature\Playground\Crm\Resource\Http\Controllers\Playground\PeopleRouteTest" classname="Tests.Feature.Playground.Crm.Resource.Http.Controllers.Playground.PeopleRouteTest" assertions="98" time="0.308350"/>
        <testcase name="test_guest_cannot_update" file="/app/vendor/gammamatrix/playground-test/src/Feature/Http/Controllers/Resource/Playground/UpdateTrait.php" line="46" class="Tests\Feature\Playground\Crm\Resource\Http\Controllers\Playground\PeopleRouteTest" classname="Tests.Feature.Playground.Crm.Resource.Http.Controllers.Playground.PeopleRouteTest" assertions="1" time="0.242430"/>
        <testcase name="test_update_as_admin_without_payload_and_passes_validation" file="/app/vendor/gammamatrix/playground-test/src/Feature/Http/Controllers/Resource/Playground/UpdateTrait.php" line="66" class="Tests\Feature\Playground\Crm\Resource\Http\Controllers\Playground\PeopleRouteTest" classname="Tests.Feature.Playground.Crm.Resource.Http.Controllers.Playground.PeopleRouteTest" assertions="3" time="0.270420"/>
        <testcase name="test_admin_can_update" file="/app/vendor/gammamatrix/playground-test/src/Feature/Http/Controllers/Resource/Playground/UpdateTrait.php" line="117" class="Tests\Feature\Playground\Crm\Resource\Http\Controllers\Playground\PeopleRouteTest" classname="Tests.Feature.Playground.Crm.Resource.Http.Controllers.Playground.PeopleRouteTest" assertions="6" time="0.307178"/>
        <testcase name="test_admin_can_update_view_with_return_url" file="/app/vendor/gammamatrix/playground-test/src/Feature/Http/Controllers/Resource/Playground/UpdateTrait.php" line="160" class="Tests\Feature\Playground\Crm\Resource\Http\Controllers\Playground\PeopleRouteTest" classname="Tests.Feature.Playground.Crm.Resource.Http.Controllers.Playground.PeopleRouteTest" assertions="6" time="0.305955"/>
      </testsuite>
      <testsuite name="Tests\Feature\Playground\Crm\Resource\Http\Requests\FormRequest\InstanceTest" file="/app/tests/Feature/Http/Requests/FormRequest/InstanceTest.php" tests="1" assertions="1" errors="0" failures="0" skipped="0" time="0.214521">
        <testcase name="test_form_request_authorize_with_admin" file="/app/tests/Feature/Http/Requests/FormRequest/InstanceTest.php" line="23" class="Tests\Feature\Playground\Crm\Resource\Http\Requests\FormRequest\InstanceTest" classname="Tests.Feature.Playground.Crm.Resource.Http.Requests.FormRequest.InstanceTest" assertions="1" time="0.214521"/>
      </testsuite>
    </testsuite>
  </testsuite>
</testsuites>
